[5.051s] Invoking command in '/home/hvalborg2/Desktop/P6_Robot_Driver/ROS2_Packages/src/py_Driver': PYTHONPATH=/home/hvalborg2/Desktop/P6_Robot_Driver/ROS2_Packages/build/py_Driver/prefix_override:/home/hvalborg2/Desktop/P6_Robot_Driver/ROS2_Packages/install/py_Driver/lib/python3.10/site-packages:${PYTHONPATH} /usr/bin/python3 -W ignore:setup.py install is deprecated setup.py egg_info --egg-base ../../build/py_Driver build --build-base /home/hvalborg2/Desktop/P6_Robot_Driver/ROS2_Packages/build/py_Driver/build install --record /home/hvalborg2/Desktop/P6_Robot_Driver/ROS2_Packages/build/py_Driver/install.log --single-version-externally-managed install_data
[6.983s] running egg_info
[6.985s] writing ../../build/py_Driver/py_Driver.egg-info/PKG-INFO
[6.987s] writing dependency_links to ../../build/py_Driver/py_Driver.egg-info/dependency_links.txt
[6.991s] writing entry points to ../../build/py_Driver/py_Driver.egg-info/entry_points.txt
[6.992s] writing requirements to ../../build/py_Driver/py_Driver.egg-info/requires.txt
[6.992s] writing top-level names to ../../build/py_Driver/py_Driver.egg-info/top_level.txt
[7.001s] reading manifest file '../../build/py_Driver/py_Driver.egg-info/SOURCES.txt'
[7.006s] writing manifest file '../../build/py_Driver/py_Driver.egg-info/SOURCES.txt'
[7.008s] running build
[7.011s] running build_py
[7.011s] copying py_Driver/py_wheely.py -> /home/hvalborg2/Desktop/P6_Robot_Driver/ROS2_Packages/build/py_Driver/build/lib/py_Driver
[7.024s] running install
[7.025s] running install_lib
[7.026s] copying /home/hvalborg2/Desktop/P6_Robot_Driver/ROS2_Packages/build/py_Driver/build/lib/py_Driver/py_wheely.py -> /home/hvalborg2/Desktop/P6_Robot_Driver/ROS2_Packages/install/py_Driver/lib/python3.10/site-packages/py_Driver
[7.027s] byte-compiling /home/hvalborg2/Desktop/P6_Robot_Driver/ROS2_Packages/install/py_Driver/lib/python3.10/site-packages/py_Driver/py_wheely.py to py_wheely.cpython-310.pyc
[7.034s] running install_data
[7.037s] running install_egg_info
[7.053s] removing '/home/hvalborg2/Desktop/P6_Robot_Driver/ROS2_Packages/install/py_Driver/lib/python3.10/site-packages/py_Driver-0.0.0-py3.10.egg-info' (and everything under it)
[7.062s] Copying ../../build/py_Driver/py_Driver.egg-info to /home/hvalborg2/Desktop/P6_Robot_Driver/ROS2_Packages/install/py_Driver/lib/python3.10/site-packages/py_Driver-0.0.0-py3.10.egg-info
[7.068s] running install_scripts
[7.197s] Installing wheely script to /home/hvalborg2/Desktop/P6_Robot_Driver/ROS2_Packages/install/py_Driver/lib/py_Driver
[7.201s] writing list of installed files to '/home/hvalborg2/Desktop/P6_Robot_Driver/ROS2_Packages/build/py_Driver/install.log'
[7.362s] Invoked command in '/home/hvalborg2/Desktop/P6_Robot_Driver/ROS2_Packages/src/py_Driver' returned '0': PYTHONPATH=/home/hvalborg2/Desktop/P6_Robot_Driver/ROS2_Packages/build/py_Driver/prefix_override:/home/hvalborg2/Desktop/P6_Robot_Driver/ROS2_Packages/install/py_Driver/lib/python3.10/site-packages:${PYTHONPATH} /usr/bin/python3 -W ignore:setup.py install is deprecated setup.py egg_info --egg-base ../../build/py_Driver build --build-base /home/hvalborg2/Desktop/P6_Robot_Driver/ROS2_Packages/build/py_Driver/build install --record /home/hvalborg2/Desktop/P6_Robot_Driver/ROS2_Packages/build/py_Driver/install.log --single-version-externally-managed install_data
