[3.720s] Invoking command in '/home/hvalborg2/Desktop/P6_Robot_Driver/ROS2_Packages/src/lidar': PYTHONPATH=/home/hvalborg2/Desktop/P6_Robot_Driver/ROS2_Packages/build/lidar/prefix_override:/home/hvalborg2/Desktop/P6_Robot_Driver/ROS2_Packages/install/lidar/lib/python3.10/site-packages:${PYTHONPATH} /usr/bin/python3 -W ignore:setup.py install is deprecated setup.py egg_info --egg-base ../../build/lidar build --build-base /home/hvalborg2/Desktop/P6_Robot_Driver/ROS2_Packages/build/lidar/build install --record /home/hvalborg2/Desktop/P6_Robot_Driver/ROS2_Packages/build/lidar/install.log --single-version-externally-managed install_data
[5.395s] running egg_info
[5.398s] writing ../../build/lidar/lidar.egg-info/PKG-INFO
[5.399s] writing dependency_links to ../../build/lidar/lidar.egg-info/dependency_links.txt
[5.400s] writing entry points to ../../build/lidar/lidar.egg-info/entry_points.txt
[5.401s] writing requirements to ../../build/lidar/lidar.egg-info/requires.txt
[5.402s] writing top-level names to ../../build/lidar/lidar.egg-info/top_level.txt
[5.413s] reading manifest file '../../build/lidar/lidar.egg-info/SOURCES.txt'
[5.415s] adding license file 'LICENSE'
[5.418s] writing manifest file '../../build/lidar/lidar.egg-info/SOURCES.txt'
[5.419s] running build
[5.420s] running build_py
[5.422s] copying lidar/publisher3.py -> /home/hvalborg2/Desktop/P6_Robot_Driver/ROS2_Packages/build/lidar/build/lib/lidar
[5.424s] running install
[5.425s] running install_lib
[5.431s] copying /home/hvalborg2/Desktop/P6_Robot_Driver/ROS2_Packages/build/lidar/build/lib/lidar/publisher3.py -> /home/hvalborg2/Desktop/P6_Robot_Driver/ROS2_Packages/install/lidar/lib/python3.10/site-packages/lidar
[5.435s] byte-compiling /home/hvalborg2/Desktop/P6_Robot_Driver/ROS2_Packages/install/lidar/lib/python3.10/site-packages/lidar/publisher3.py to publisher3.cpython-310.pyc
[5.439s] running install_data
[5.440s] running install_egg_info
[5.447s] removing '/home/hvalborg2/Desktop/P6_Robot_Driver/ROS2_Packages/install/lidar/lib/python3.10/site-packages/lidar-0.0.0-py3.10.egg-info' (and everything under it)
[5.449s] Copying ../../build/lidar/lidar.egg-info to /home/hvalborg2/Desktop/P6_Robot_Driver/ROS2_Packages/install/lidar/lib/python3.10/site-packages/lidar-0.0.0-py3.10.egg-info
[5.455s] running install_scripts
[5.547s] Installing listener script to /home/hvalborg2/Desktop/P6_Robot_Driver/ROS2_Packages/install/lidar/lib/lidar
[5.548s] Installing talker script to /home/hvalborg2/Desktop/P6_Robot_Driver/ROS2_Packages/install/lidar/lib/lidar
[5.550s] writing list of installed files to '/home/hvalborg2/Desktop/P6_Robot_Driver/ROS2_Packages/build/lidar/install.log'
[5.671s] Invoked command in '/home/hvalborg2/Desktop/P6_Robot_Driver/ROS2_Packages/src/lidar' returned '0': PYTHONPATH=/home/hvalborg2/Desktop/P6_Robot_Driver/ROS2_Packages/build/lidar/prefix_override:/home/hvalborg2/Desktop/P6_Robot_Driver/ROS2_Packages/install/lidar/lib/python3.10/site-packages:${PYTHONPATH} /usr/bin/python3 -W ignore:setup.py install is deprecated setup.py egg_info --egg-base ../../build/lidar build --build-base /home/hvalborg2/Desktop/P6_Robot_Driver/ROS2_Packages/build/lidar/build install --record /home/hvalborg2/Desktop/P6_Robot_Driver/ROS2_Packages/build/lidar/install.log --single-version-externally-managed install_data
