[0.174s] Invoking command in '/home/hvalborg2/Desktop/P6_Robot_Driver/ROS2_Packages/build/bones': CMAKE_PREFIX_PATH=${CMAKE_PREFIX_PATH}:/home/hvalborg2/turtlebot3_ws/install/turtlebot3_teleop:/home/hvalborg2/turtlebot3_ws/install/turtlebot3_example:/home/hvalborg2/Desktop/P6_Robot_Driver/ROS2_Packages/install/py_Driver:/home/hvalborg2/Desktop/P6_Robot_Driver/ROS2_Packages/install/lidar:/opt/ros/humble /usr/bin/cmake --build /home/hvalborg2/Desktop/P6_Robot_Driver/ROS2_Packages/build/bones -- -j4 -l4
[1.775s] [100%] Built target doggy
[1.785s] Invoked command in '/home/hvalborg2/Desktop/P6_Robot_Driver/ROS2_Packages/build/bones' returned '0': CMAKE_PREFIX_PATH=${CMAKE_PREFIX_PATH}:/home/hvalborg2/turtlebot3_ws/install/turtlebot3_teleop:/home/hvalborg2/turtlebot3_ws/install/turtlebot3_example:/home/hvalborg2/Desktop/P6_Robot_Driver/ROS2_Packages/install/py_Driver:/home/hvalborg2/Desktop/P6_Robot_Driver/ROS2_Packages/install/lidar:/opt/ros/humble /usr/bin/cmake --build /home/hvalborg2/Desktop/P6_Robot_Driver/ROS2_Packages/build/bones -- -j4 -l4
[2.001s] Invoking command in '/home/hvalborg2/Desktop/P6_Robot_Driver/ROS2_Packages/build/bones': CMAKE_PREFIX_PATH=${CMAKE_PREFIX_PATH}:/home/hvalborg2/turtlebot3_ws/install/turtlebot3_teleop:/home/hvalborg2/turtlebot3_ws/install/turtlebot3_example:/home/hvalborg2/Desktop/P6_Robot_Driver/ROS2_Packages/install/py_Driver:/home/hvalborg2/Desktop/P6_Robot_Driver/ROS2_Packages/install/lidar:/opt/ros/humble /usr/bin/cmake --install /home/hvalborg2/Desktop/P6_Robot_Driver/ROS2_Packages/build/bones
[2.060s] -- Install configuration: ""
[2.069s] -- Up-to-date: /home/hvalborg2/Desktop/P6_Robot_Driver/ROS2_Packages/install/bones/lib/bones/doggy
[2.072s] -- Up-to-date: /home/hvalborg2/Desktop/P6_Robot_Driver/ROS2_Packages/install/bones/share/ament_index/resource_index/package_run_dependencies/bones
[2.074s] -- Up-to-date: /home/hvalborg2/Desktop/P6_Robot_Driver/ROS2_Packages/install/bones/share/ament_index/resource_index/parent_prefix_path/bones
[2.077s] -- Up-to-date: /home/hvalborg2/Desktop/P6_Robot_Driver/ROS2_Packages/install/bones/share/bones/environment/ament_prefix_path.sh
[2.079s] -- Up-to-date: /home/hvalborg2/Desktop/P6_Robot_Driver/ROS2_Packages/install/bones/share/bones/environment/ament_prefix_path.dsv
[2.081s] -- Up-to-date: /home/hvalborg2/Desktop/P6_Robot_Driver/ROS2_Packages/install/bones/share/bones/environment/path.sh
[2.083s] -- Up-to-date: /home/hvalborg2/Desktop/P6_Robot_Driver/ROS2_Packages/install/bones/share/bones/environment/path.dsv
[2.085s] -- Up-to-date: /home/hvalborg2/Desktop/P6_Robot_Driver/ROS2_Packages/install/bones/share/bones/local_setup.bash
[2.087s] -- Up-to-date: /home/hvalborg2/Desktop/P6_Robot_Driver/ROS2_Packages/install/bones/share/bones/local_setup.sh
[2.090s] -- Up-to-date: /home/hvalborg2/Desktop/P6_Robot_Driver/ROS2_Packages/install/bones/share/bones/local_setup.zsh
[2.091s] -- Up-to-date: /home/hvalborg2/Desktop/P6_Robot_Driver/ROS2_Packages/install/bones/share/bones/local_setup.dsv
[2.091s] -- Installing: /home/hvalborg2/Desktop/P6_Robot_Driver/ROS2_Packages/install/bones/share/bones/package.dsv
[2.095s] -- Up-to-date: /home/hvalborg2/Desktop/P6_Robot_Driver/ROS2_Packages/install/bones/share/ament_index/resource_index/packages/bones
[2.104s] -- Up-to-date: /home/hvalborg2/Desktop/P6_Robot_Driver/ROS2_Packages/install/bones/share/bones/cmake/bonesConfig.cmake
[2.106s] -- Up-to-date: /home/hvalborg2/Desktop/P6_Robot_Driver/ROS2_Packages/install/bones/share/bones/cmake/bonesConfig-version.cmake
[2.108s] -- Up-to-date: /home/hvalborg2/Desktop/P6_Robot_Driver/ROS2_Packages/install/bones/share/bones/package.xml
[2.138s] Invoked command in '/home/hvalborg2/Desktop/P6_Robot_Driver/ROS2_Packages/build/bones' returned '0': CMAKE_PREFIX_PATH=${CMAKE_PREFIX_PATH}:/home/hvalborg2/turtlebot3_ws/install/turtlebot3_teleop:/home/hvalborg2/turtlebot3_ws/install/turtlebot3_example:/home/hvalborg2/Desktop/P6_Robot_Driver/ROS2_Packages/install/py_Driver:/home/hvalborg2/Desktop/P6_Robot_Driver/ROS2_Packages/install/lidar:/opt/ros/humble /usr/bin/cmake --install /home/hvalborg2/Desktop/P6_Robot_Driver/ROS2_Packages/build/bones
