[1.701s] Invoking command in '/home/hvalborg2/Desktop/P6_Robot_Driver/ROS2_Packages/build/pubsub': CMAKE_PREFIX_PATH=${CMAKE_PREFIX_PATH}:/home/hvalborg2/turtlebot3_ws/install/turtlebot3_teleop:/home/hvalborg2/turtlebot3_ws/install/turtlebot3_example:/home/hvalborg2/Desktop/P6_Robot_Driver/ROS2_Packages/install/py_Driver:/home/hvalborg2/Desktop/P6_Robot_Driver/ROS2_Packages/install/lidar:/opt/ros/humble /usr/bin/cmake --build /home/hvalborg2/Desktop/P6_Robot_Driver/ROS2_Packages/build/pubsub -- -j4 -l4
[2.091s] [ 33%] Built target rd_Nano
[2.132s] [ 66%] Built target rd_Ros
[2.139s] [100%] Built target sub
[2.218s] Invoked command in '/home/hvalborg2/Desktop/P6_Robot_Driver/ROS2_Packages/build/pubsub' returned '0': CMAKE_PREFIX_PATH=${CMAKE_PREFIX_PATH}:/home/hvalborg2/turtlebot3_ws/install/turtlebot3_teleop:/home/hvalborg2/turtlebot3_ws/install/turtlebot3_example:/home/hvalborg2/Desktop/P6_Robot_Driver/ROS2_Packages/install/py_Driver:/home/hvalborg2/Desktop/P6_Robot_Driver/ROS2_Packages/install/lidar:/opt/ros/humble /usr/bin/cmake --build /home/hvalborg2/Desktop/P6_Robot_Driver/ROS2_Packages/build/pubsub -- -j4 -l4
[2.476s] Invoking command in '/home/hvalborg2/Desktop/P6_Robot_Driver/ROS2_Packages/build/pubsub': CMAKE_PREFIX_PATH=${CMAKE_PREFIX_PATH}:/home/hvalborg2/turtlebot3_ws/install/turtlebot3_teleop:/home/hvalborg2/turtlebot3_ws/install/turtlebot3_example:/home/hvalborg2/Desktop/P6_Robot_Driver/ROS2_Packages/install/py_Driver:/home/hvalborg2/Desktop/P6_Robot_Driver/ROS2_Packages/install/lidar:/opt/ros/humble /usr/bin/cmake --install /home/hvalborg2/Desktop/P6_Robot_Driver/ROS2_Packages/build/pubsub
[4.136s] -- Install configuration: ""
[4.137s] -- Up-to-date: /home/hvalborg2/Desktop/P6_Robot_Driver/ROS2_Packages/install/pubsub/lib/pubsub/rd_Ros
[4.138s] -- Up-to-date: /home/hvalborg2/Desktop/P6_Robot_Driver/ROS2_Packages/install/pubsub/lib/pubsub/sub
[4.139s] -- Up-to-date: /home/hvalborg2/Desktop/P6_Robot_Driver/ROS2_Packages/install/pubsub/lib/pubsub/rd_Nano
[4.141s] -- Up-to-date: /home/hvalborg2/Desktop/P6_Robot_Driver/ROS2_Packages/install/pubsub/share/ament_index/resource_index/package_run_dependencies/pubsub
[4.150s] -- Up-to-date: /home/hvalborg2/Desktop/P6_Robot_Driver/ROS2_Packages/install/pubsub/share/ament_index/resource_index/parent_prefix_path/pubsub
[4.151s] -- Up-to-date: /home/hvalborg2/Desktop/P6_Robot_Driver/ROS2_Packages/install/pubsub/share/pubsub/environment/ament_prefix_path.sh
[4.158s] -- Up-to-date: /home/hvalborg2/Desktop/P6_Robot_Driver/ROS2_Packages/install/pubsub/share/pubsub/environment/ament_prefix_path.dsv
[4.159s] -- Up-to-date: /home/hvalborg2/Desktop/P6_Robot_Driver/ROS2_Packages/install/pubsub/share/pubsub/environment/path.sh
[4.160s] -- Up-to-date: /home/hvalborg2/Desktop/P6_Robot_Driver/ROS2_Packages/install/pubsub/share/pubsub/environment/path.dsv
[4.160s] -- Up-to-date: /home/hvalborg2/Desktop/P6_Robot_Driver/ROS2_Packages/install/pubsub/share/pubsub/local_setup.bash
[4.161s] -- Up-to-date: /home/hvalborg2/Desktop/P6_Robot_Driver/ROS2_Packages/install/pubsub/share/pubsub/local_setup.sh
[4.162s] -- Up-to-date: /home/hvalborg2/Desktop/P6_Robot_Driver/ROS2_Packages/install/pubsub/share/pubsub/local_setup.zsh
[4.163s] -- Up-to-date: /home/hvalborg2/Desktop/P6_Robot_Driver/ROS2_Packages/install/pubsub/share/pubsub/local_setup.dsv
[4.163s] -- Installing: /home/hvalborg2/Desktop/P6_Robot_Driver/ROS2_Packages/install/pubsub/share/pubsub/package.dsv
[4.164s] -- Up-to-date: /home/hvalborg2/Desktop/P6_Robot_Driver/ROS2_Packages/install/pubsub/share/ament_index/resource_index/packages/pubsub
[4.165s] -- Up-to-date: /home/hvalborg2/Desktop/P6_Robot_Driver/ROS2_Packages/install/pubsub/share/pubsub/cmake/pubsubConfig.cmake
[4.166s] -- Up-to-date: /home/hvalborg2/Desktop/P6_Robot_Driver/ROS2_Packages/install/pubsub/share/pubsub/cmake/pubsubConfig-version.cmake
[4.166s] -- Up-to-date: /home/hvalborg2/Desktop/P6_Robot_Driver/ROS2_Packages/install/pubsub/share/pubsub/package.xml
[4.171s] Invoked command in '/home/hvalborg2/Desktop/P6_Robot_Driver/ROS2_Packages/build/pubsub' returned '0': CMAKE_PREFIX_PATH=${CMAKE_PREFIX_PATH}:/home/hvalborg2/turtlebot3_ws/install/turtlebot3_teleop:/home/hvalborg2/turtlebot3_ws/install/turtlebot3_example:/home/hvalborg2/Desktop/P6_Robot_Driver/ROS2_Packages/install/py_Driver:/home/hvalborg2/Desktop/P6_Robot_Driver/ROS2_Packages/install/lidar:/opt/ros/humble /usr/bin/cmake --install /home/hvalborg2/Desktop/P6_Robot_Driver/ROS2_Packages/build/pubsub
