running egg_info
writing ../../build/lidar/lidar.egg-info/PKG-INFO
writing dependency_links to ../../build/lidar/lidar.egg-info/dependency_links.txt
writing entry points to ../../build/lidar/lidar.egg-info/entry_points.txt
writing requirements to ../../build/lidar/lidar.egg-info/requires.txt
writing top-level names to ../../build/lidar/lidar.egg-info/top_level.txt
reading manifest file '../../build/lidar/lidar.egg-info/SOURCES.txt'
adding license file 'LICENSE'
writing manifest file '../../build/lidar/lidar.egg-info/SOURCES.txt'
running build
running build_py
copying lidar/center_pub.py -> /home/hvalborg2/Desktop/P6_Robot_Driver/ROS2_Packages/build/lidar/build/lib/lidar
running install
running install_lib
copying /home/hvalborg2/Desktop/P6_Robot_Driver/ROS2_Packages/build/lidar/build/lib/lidar/center_pub.py -> /home/hvalborg2/Desktop/P6_Robot_Driver/ROS2_Packages/install/lidar/lib/python3.10/site-packages/lidar
byte-compiling /home/hvalborg2/Desktop/P6_Robot_Driver/ROS2_Packages/install/lidar/lib/python3.10/site-packages/lidar/center_pub.py to center_pub.cpython-310.pyc
running install_data
running install_egg_info
removing '/home/hvalborg2/Desktop/P6_Robot_Driver/ROS2_Packages/install/lidar/lib/python3.10/site-packages/lidar-0.0.0-py3.10.egg-info' (and everything under it)
Copying ../../build/lidar/lidar.egg-info to /home/hvalborg2/Desktop/P6_Robot_Driver/ROS2_Packages/install/lidar/lib/python3.10/site-packages/lidar-0.0.0-py3.10.egg-info
running install_scripts
Installing center_pub script to /home/hvalborg2/Desktop/P6_Robot_Driver/ROS2_Packages/install/lidar/lib/lidar
Installing focus_pub script to /home/hvalborg2/Desktop/P6_Robot_Driver/ROS2_Packages/install/lidar/lib/lidar
Installing listener script to /home/hvalborg2/Desktop/P6_Robot_Driver/ROS2_Packages/install/lidar/lib/lidar
Installing talker script to /home/hvalborg2/Desktop/P6_Robot_Driver/ROS2_Packages/install/lidar/lib/lidar
Installing test_sens script to /home/hvalborg2/Desktop/P6_Robot_Driver/ROS2_Packages/install/lidar/lib/lidar
Installing timed_focus script to /home/hvalborg2/Desktop/P6_Robot_Driver/ROS2_Packages/install/lidar/lib/lidar
writing list of installed files to '/home/hvalborg2/Desktop/P6_Robot_Driver/ROS2_Packages/build/lidar/install.log'
