[3.805s] Invoking command in '/home/hvalborg2/Desktop/P6_Robot_Driver/ROS2_Packages/src/py_Driver': PYTHONPATH=/home/hvalborg2/Desktop/P6_Robot_Driver/ROS2_Packages/build/py_Driver/prefix_override:/home/hvalborg2/Desktop/P6_Robot_Driver/ROS2_Packages/install/py_Driver/lib/python3.10/site-packages:${PYTHONPATH} /usr/bin/python3 -W ignore:setup.py install is deprecated setup.py egg_info --egg-base ../../build/py_Driver build --build-base /home/hvalborg2/Desktop/P6_Robot_Driver/ROS2_Packages/build/py_Driver/build install --record /home/hvalborg2/Desktop/P6_Robot_Driver/ROS2_Packages/build/py_Driver/install.log --single-version-externally-managed install_data
[5.287s] running egg_info
[5.290s] writing ../../build/py_Driver/py_Driver.egg-info/PKG-INFO
[5.292s] writing dependency_links to ../../build/py_Driver/py_Driver.egg-info/dependency_links.txt
[5.293s] writing entry points to ../../build/py_Driver/py_Driver.egg-info/entry_points.txt
[5.294s] writing requirements to ../../build/py_Driver/py_Driver.egg-info/requires.txt
[5.296s] writing top-level names to ../../build/py_Driver/py_Driver.egg-info/top_level.txt
[5.306s] reading manifest file '../../build/py_Driver/py_Driver.egg-info/SOURCES.txt'
[5.311s] writing manifest file '../../build/py_Driver/py_Driver.egg-info/SOURCES.txt'
[5.312s] running build
[5.313s] running build_py
[5.313s] copying py_Driver/py_wheely.py -> /home/hvalborg2/Desktop/P6_Robot_Driver/ROS2_Packages/build/py_Driver/build/lib/py_Driver
[5.315s] running install
[5.317s] running install_lib
[5.321s] copying /home/hvalborg2/Desktop/P6_Robot_Driver/ROS2_Packages/build/py_Driver/build/lib/py_Driver/py_wheely.py -> /home/hvalborg2/Desktop/P6_Robot_Driver/ROS2_Packages/install/py_Driver/lib/python3.10/site-packages/py_Driver
[5.325s] byte-compiling /home/hvalborg2/Desktop/P6_Robot_Driver/ROS2_Packages/install/py_Driver/lib/python3.10/site-packages/py_Driver/py_wheely.py to py_wheely.cpython-310.pyc
[5.331s] running install_data
[5.334s] running install_egg_info
[5.340s] removing '/home/hvalborg2/Desktop/P6_Robot_Driver/ROS2_Packages/install/py_Driver/lib/python3.10/site-packages/py_Driver-0.0.0-py3.10.egg-info' (and everything under it)
[5.342s] Copying ../../build/py_Driver/py_Driver.egg-info to /home/hvalborg2/Desktop/P6_Robot_Driver/ROS2_Packages/install/py_Driver/lib/python3.10/site-packages/py_Driver-0.0.0-py3.10.egg-info
[5.353s] running install_scripts
[5.470s] Installing wheely script to /home/hvalborg2/Desktop/P6_Robot_Driver/ROS2_Packages/install/py_Driver/lib/py_Driver
[5.473s] writing list of installed files to '/home/hvalborg2/Desktop/P6_Robot_Driver/ROS2_Packages/build/py_Driver/install.log'
[5.618s] Invoked command in '/home/hvalborg2/Desktop/P6_Robot_Driver/ROS2_Packages/src/py_Driver' returned '0': PYTHONPATH=/home/hvalborg2/Desktop/P6_Robot_Driver/ROS2_Packages/build/py_Driver/prefix_override:/home/hvalborg2/Desktop/P6_Robot_Driver/ROS2_Packages/install/py_Driver/lib/python3.10/site-packages:${PYTHONPATH} /usr/bin/python3 -W ignore:setup.py install is deprecated setup.py egg_info --egg-base ../../build/py_Driver build --build-base /home/hvalborg2/Desktop/P6_Robot_Driver/ROS2_Packages/build/py_Driver/build install --record /home/hvalborg2/Desktop/P6_Robot_Driver/ROS2_Packages/build/py_Driver/install.log --single-version-externally-managed install_data
