[3.425s] Invoking command in '/home/hvalborg2/Desktop/P6_Robot_Driver/ROS2_Packages/src/lidar': PYTHONPATH=/home/hvalborg2/Desktop/P6_Robot_Driver/ROS2_Packages/build/lidar/prefix_override:/home/hvalborg2/Desktop/P6_Robot_Driver/ROS2_Packages/install/lidar/lib/python3.10/site-packages:${PYTHONPATH} /usr/bin/python3 -W ignore:setup.py install is deprecated setup.py egg_info --egg-base ../../build/lidar build --build-base /home/hvalborg2/Desktop/P6_Robot_Driver/ROS2_Packages/build/lidar/build install --record /home/hvalborg2/Desktop/P6_Robot_Driver/ROS2_Packages/build/lidar/install.log --single-version-externally-managed install_data
[4.997s] running egg_info
[5.000s] writing ../../build/lidar/lidar.egg-info/PKG-INFO
[5.001s] writing dependency_links to ../../build/lidar/lidar.egg-info/dependency_links.txt
[5.002s] writing entry points to ../../build/lidar/lidar.egg-info/entry_points.txt
[5.003s] writing requirements to ../../build/lidar/lidar.egg-info/requires.txt
[5.003s] writing top-level names to ../../build/lidar/lidar.egg-info/top_level.txt
[5.013s] reading manifest file '../../build/lidar/lidar.egg-info/SOURCES.txt'
[5.014s] adding license file 'LICENSE'
[5.017s] writing manifest file '../../build/lidar/lidar.egg-info/SOURCES.txt'
[5.018s] running build
[5.018s] running build_py
[5.020s] copying lidar/lidar_center_pub.py -> /home/hvalborg2/Desktop/P6_Robot_Driver/ROS2_Packages/build/lidar/build/lib/lidar
[5.023s] running install
[5.024s] running install_lib
[5.029s] copying /home/hvalborg2/Desktop/P6_Robot_Driver/ROS2_Packages/build/lidar/build/lib/lidar/lidar_center_pub.py -> /home/hvalborg2/Desktop/P6_Robot_Driver/ROS2_Packages/install/lidar/lib/python3.10/site-packages/lidar
[5.034s] byte-compiling /home/hvalborg2/Desktop/P6_Robot_Driver/ROS2_Packages/install/lidar/lib/python3.10/site-packages/lidar/lidar_center_pub.py to lidar_center_pub.cpython-310.pyc
[5.038s] running install_data
[5.039s] running install_egg_info
[5.046s] removing '/home/hvalborg2/Desktop/P6_Robot_Driver/ROS2_Packages/install/lidar/lib/python3.10/site-packages/lidar-0.0.0-py3.10.egg-info' (and everything under it)
[5.048s] Copying ../../build/lidar/lidar.egg-info to /home/hvalborg2/Desktop/P6_Robot_Driver/ROS2_Packages/install/lidar/lib/python3.10/site-packages/lidar-0.0.0-py3.10.egg-info
[5.054s] running install_scripts
[5.146s] Installing center_pub script to /home/hvalborg2/Desktop/P6_Robot_Driver/ROS2_Packages/install/lidar/lib/lidar
[5.147s] Installing listener script to /home/hvalborg2/Desktop/P6_Robot_Driver/ROS2_Packages/install/lidar/lib/lidar
[5.148s] Installing talker script to /home/hvalborg2/Desktop/P6_Robot_Driver/ROS2_Packages/install/lidar/lib/lidar
[5.149s] Installing test_sens script to /home/hvalborg2/Desktop/P6_Robot_Driver/ROS2_Packages/install/lidar/lib/lidar
[5.151s] writing list of installed files to '/home/hvalborg2/Desktop/P6_Robot_Driver/ROS2_Packages/build/lidar/install.log'
[5.270s] Invoked command in '/home/hvalborg2/Desktop/P6_Robot_Driver/ROS2_Packages/src/lidar' returned '0': PYTHONPATH=/home/hvalborg2/Desktop/P6_Robot_Driver/ROS2_Packages/build/lidar/prefix_override:/home/hvalborg2/Desktop/P6_Robot_Driver/ROS2_Packages/install/lidar/lib/python3.10/site-packages:${PYTHONPATH} /usr/bin/python3 -W ignore:setup.py install is deprecated setup.py egg_info --egg-base ../../build/lidar build --build-base /home/hvalborg2/Desktop/P6_Robot_Driver/ROS2_Packages/build/lidar/build install --record /home/hvalborg2/Desktop/P6_Robot_Driver/ROS2_Packages/build/lidar/install.log --single-version-externally-managed install_data
