[0.107s] Invoking command in '/home/hvalborg2/Desktop/P6_Robot_Driver/ROS2_Packages/build/camera_pack': CMAKE_PREFIX_PATH=${CMAKE_PREFIX_PATH}:/home/hvalborg2/turtlebot3_ws/install/turtlebot3_teleop:/home/hvalborg2/turtlebot3_ws/install/turtlebot3_example:/opt/ros/humble /usr/bin/cmake /home/hvalborg2/Desktop/P6_Robot_Driver/ROS2_Packages/src/camera_pack -DCMAKE_INSTALL_PREFIX=/home/hvalborg2/Desktop/P6_Robot_Driver/ROS2_Packages/install/camera_pack
[1.334s] -- The C compiler identification is GNU 11.4.0
[2.136s] -- The CXX compiler identification is GNU 11.4.0
[2.186s] -- Detecting C compiler ABI info
[2.583s] -- Detecting C compiler ABI info - done
[2.613s] -- Check for working C compiler: /usr/bin/cc - skipped
[2.615s] -- Detecting C compile features
[2.617s] -- Detecting C compile features - done
[2.635s] -- Detecting CXX compiler ABI info
[3.053s] -- Detecting CXX compiler ABI info - done
[3.085s] -- Check for working CXX compiler: /usr/bin/c++ - skipped
[3.086s] -- Detecting CXX compile features
[3.088s] -- Detecting CXX compile features - done
[3.129s] -- Found ament_cmake: 1.3.8 (/opt/ros/humble/share/ament_cmake/cmake)
[4.060s] -- Found Python3: /usr/bin/python3 (found version "3.10.12") found components: Interpreter 
[4.975s] -- Found rclcpp: 16.0.8 (/opt/ros/humble/share/rclcpp/cmake)
[5.582s] -- Found rosidl_generator_c: 3.1.5 (/opt/ros/humble/share/rosidl_generator_c/cmake)
[5.666s] -- Found rosidl_adapter: 3.1.5 (/opt/ros/humble/share/rosidl_adapter/cmake)
[5.779s] -- Found rosidl_generator_cpp: 3.1.5 (/opt/ros/humble/share/rosidl_generator_cpp/cmake)
[5.931s] -- Using all available rosidl_typesupport_c: rosidl_typesupport_fastrtps_c;rosidl_typesupport_introspection_c
[6.132s] -- Using all available rosidl_typesupport_cpp: rosidl_typesupport_fastrtps_cpp;rosidl_typesupport_introspection_cpp
[6.786s] -- Found rmw_implementation_cmake: 6.1.1 (/opt/ros/humble/share/rmw_implementation_cmake/cmake)
[6.832s] -- Found rmw_fastrtps_cpp: 6.2.6 (/opt/ros/humble/share/rmw_fastrtps_cpp/cmake)
[7.704s] -- Found OpenSSL: /usr/lib/aarch64-linux-gnu/libcrypto.so (found version "3.0.2")  
[8.038s] -- Found FastRTPS: /opt/ros/humble/include  
[8.588s] -- Using RMW implementation 'rmw_fastrtps_cpp' as default
[8.719s] -- Looking for pthread.h
[9.135s] -- Looking for pthread.h - found
[9.137s] -- Performing Test CMAKE_HAVE_LIBC_PTHREAD
[9.523s] -- Performing Test CMAKE_HAVE_LIBC_PTHREAD - Success
[9.528s] -- Found Threads: TRUE  
[10.469s] [31mCMake Error at CMakeLists.txt:17 (target_include_directories):
[10.471s]   Cannot specify include directories for target "rd_Nano" which is not built
[10.472s]   by this project.
[10.472s] 
[10.473s] [0m
[10.473s] -- Configuring incomplete, errors occurred!
[10.474s] See also "/home/hvalborg2/Desktop/P6_Robot_Driver/ROS2_Packages/build/camera_pack/CMakeFiles/CMakeOutput.log".
[10.475s] [31mCMake Error at CMakeLists.txt:20 (target_compile_features):
[10.475s]   Cannot specify compile features for target "rd_Nano" which is not built by
[10.476s]   this project.
[10.476s] 
[10.477s] [0m
[10.479s] [31mCMake Error at /opt/ros/humble/share/ament_cmake_target_dependencies/cmake/ament_target_dependencies.cmake:42 (message):
[10.480s]   ament_target_dependencies() the first argument must be a valid target name
[10.481s] Call Stack (most recent call first):
[10.482s]   CMakeLists.txt:21 (ament_target_dependencies)
[10.483s] 
[10.483s] [0m
[10.512s] Invoked command in '/home/hvalborg2/Desktop/P6_Robot_Driver/ROS2_Packages/build/camera_pack' returned '1': CMAKE_PREFIX_PATH=${CMAKE_PREFIX_PATH}:/home/hvalborg2/turtlebot3_ws/install/turtlebot3_teleop:/home/hvalborg2/turtlebot3_ws/install/turtlebot3_example:/opt/ros/humble /usr/bin/cmake /home/hvalborg2/Desktop/P6_Robot_Driver/ROS2_Packages/src/camera_pack -DCMAKE_INSTALL_PREFIX=/home/hvalborg2/Desktop/P6_Robot_Driver/ROS2_Packages/install/camera_pack
