running egg_info
creating ../../build/py_Driver/py_Driver.egg-info
writing ../../build/py_Driver/py_Driver.egg-info/PKG-INFO
writing dependency_links to ../../build/py_Driver/py_Driver.egg-info/dependency_links.txt
writing entry points to ../../build/py_Driver/py_Driver.egg-info/entry_points.txt
writing requirements to ../../build/py_Driver/py_Driver.egg-info/requires.txt
writing top-level names to ../../build/py_Driver/py_Driver.egg-info/top_level.txt
writing manifest file '../../build/py_Driver/py_Driver.egg-info/SOURCES.txt'
reading manifest file '../../build/py_Driver/py_Driver.egg-info/SOURCES.txt'
writing manifest file '../../build/py_Driver/py_Driver.egg-info/SOURCES.txt'
running build
running build_py
creating /home/hvalborg2/Desktop/P6_Robot_Driver/ROS2_Packages/build/py_Driver/build
creating /home/hvalborg2/Desktop/P6_Robot_Driver/ROS2_Packages/build/py_Driver/build/lib
creating /home/hvalborg2/Desktop/P6_Robot_Driver/ROS2_Packages/build/py_Driver/build/lib/py_Driver
copying py_Driver/__init__.py -> /home/hvalborg2/Desktop/P6_Robot_Driver/ROS2_Packages/build/py_Driver/build/lib/py_Driver
running install
running install_lib
creating /home/hvalborg2/Desktop/P6_Robot_Driver/ROS2_Packages/install/py_Driver/lib/python3.10/site-packages/py_Driver
copying /home/hvalborg2/Desktop/P6_Robot_Driver/ROS2_Packages/build/py_Driver/build/lib/py_Driver/__init__.py -> /home/hvalborg2/Desktop/P6_Robot_Driver/ROS2_Packages/install/py_Driver/lib/python3.10/site-packages/py_Driver
byte-compiling /home/hvalborg2/Desktop/P6_Robot_Driver/ROS2_Packages/install/py_Driver/lib/python3.10/site-packages/py_Driver/__init__.py to __init__.cpython-310.pyc
running install_data
creating /home/hvalborg2/Desktop/P6_Robot_Driver/ROS2_Packages/install/py_Driver/share/ament_index
creating /home/hvalborg2/Desktop/P6_Robot_Driver/ROS2_Packages/install/py_Driver/share/ament_index/resource_index
creating /home/hvalborg2/Desktop/P6_Robot_Driver/ROS2_Packages/install/py_Driver/share/ament_index/resource_index/packages
copying resource/py_Driver -> /home/hvalborg2/Desktop/P6_Robot_Driver/ROS2_Packages/install/py_Driver/share/ament_index/resource_index/packages
copying package.xml -> /home/hvalborg2/Desktop/P6_Robot_Driver/ROS2_Packages/install/py_Driver/share/py_Driver
running install_egg_info
Copying ../../build/py_Driver/py_Driver.egg-info to /home/hvalborg2/Desktop/P6_Robot_Driver/ROS2_Packages/install/py_Driver/lib/python3.10/site-packages/py_Driver-0.0.0-py3.10.egg-info
running install_scripts
writing list of installed files to '/home/hvalborg2/Desktop/P6_Robot_Driver/ROS2_Packages/build/py_Driver/install.log'
