[4.050s] Invoking command in '/home/hvalborg2/Desktop/P6_Robot_Driver/ROS2_Packages/src/py_Driver': PYTHONPATH=/home/hvalborg2/Desktop/P6_Robot_Driver/ROS2_Packages/build/py_Driver/prefix_override:/home/hvalborg2/Desktop/P6_Robot_Driver/ROS2_Packages/install/py_Driver/lib/python3.10/site-packages:${PYTHONPATH} /usr/bin/python3 -W ignore:setup.py install is deprecated setup.py egg_info --egg-base ../../build/py_Driver build --build-base /home/hvalborg2/Desktop/P6_Robot_Driver/ROS2_Packages/build/py_Driver/build install --record /home/hvalborg2/Desktop/P6_Robot_Driver/ROS2_Packages/build/py_Driver/install.log --single-version-externally-managed install_data
[5.383s] running egg_info
[5.385s] creating ../../build/py_Driver/py_Driver.egg-info
[5.386s] writing ../../build/py_Driver/py_Driver.egg-info/PKG-INFO
[5.387s] writing dependency_links to ../../build/py_Driver/py_Driver.egg-info/dependency_links.txt
[5.388s] writing entry points to ../../build/py_Driver/py_Driver.egg-info/entry_points.txt
[5.389s] writing requirements to ../../build/py_Driver/py_Driver.egg-info/requires.txt
[5.389s] writing top-level names to ../../build/py_Driver/py_Driver.egg-info/top_level.txt
[5.390s] writing manifest file '../../build/py_Driver/py_Driver.egg-info/SOURCES.txt'
[5.398s] reading manifest file '../../build/py_Driver/py_Driver.egg-info/SOURCES.txt'
[5.401s] writing manifest file '../../build/py_Driver/py_Driver.egg-info/SOURCES.txt'
[5.402s] running build
[5.402s] running build_py
[5.403s] creating /home/hvalborg2/Desktop/P6_Robot_Driver/ROS2_Packages/build/py_Driver/build
[5.403s] creating /home/hvalborg2/Desktop/P6_Robot_Driver/ROS2_Packages/build/py_Driver/build/lib
[5.404s] creating /home/hvalborg2/Desktop/P6_Robot_Driver/ROS2_Packages/build/py_Driver/build/lib/py_Driver
[5.404s] copying py_Driver/__init__.py -> /home/hvalborg2/Desktop/P6_Robot_Driver/ROS2_Packages/build/py_Driver/build/lib/py_Driver
[5.405s] running install
[5.406s] running install_lib
[5.410s] creating /home/hvalborg2/Desktop/P6_Robot_Driver/ROS2_Packages/install/py_Driver/lib/python3.10/site-packages/py_Driver
[5.411s] copying /home/hvalborg2/Desktop/P6_Robot_Driver/ROS2_Packages/build/py_Driver/build/lib/py_Driver/__init__.py -> /home/hvalborg2/Desktop/P6_Robot_Driver/ROS2_Packages/install/py_Driver/lib/python3.10/site-packages/py_Driver
[5.413s] byte-compiling /home/hvalborg2/Desktop/P6_Robot_Driver/ROS2_Packages/install/py_Driver/lib/python3.10/site-packages/py_Driver/__init__.py to __init__.cpython-310.pyc
[5.415s] running install_data
[5.415s] creating /home/hvalborg2/Desktop/P6_Robot_Driver/ROS2_Packages/install/py_Driver/share/ament_index
[5.416s] creating /home/hvalborg2/Desktop/P6_Robot_Driver/ROS2_Packages/install/py_Driver/share/ament_index/resource_index
[5.416s] creating /home/hvalborg2/Desktop/P6_Robot_Driver/ROS2_Packages/install/py_Driver/share/ament_index/resource_index/packages
[5.417s] copying resource/py_Driver -> /home/hvalborg2/Desktop/P6_Robot_Driver/ROS2_Packages/install/py_Driver/share/ament_index/resource_index/packages
[5.417s] copying package.xml -> /home/hvalborg2/Desktop/P6_Robot_Driver/ROS2_Packages/install/py_Driver/share/py_Driver
[5.418s] running install_egg_info
[5.425s] Copying ../../build/py_Driver/py_Driver.egg-info to /home/hvalborg2/Desktop/P6_Robot_Driver/ROS2_Packages/install/py_Driver/lib/python3.10/site-packages/py_Driver-0.0.0-py3.10.egg-info
[5.431s] running install_scripts
[5.529s] writing list of installed files to '/home/hvalborg2/Desktop/P6_Robot_Driver/ROS2_Packages/build/py_Driver/install.log'
[5.653s] Invoked command in '/home/hvalborg2/Desktop/P6_Robot_Driver/ROS2_Packages/src/py_Driver' returned '0': PYTHONPATH=/home/hvalborg2/Desktop/P6_Robot_Driver/ROS2_Packages/build/py_Driver/prefix_override:/home/hvalborg2/Desktop/P6_Robot_Driver/ROS2_Packages/install/py_Driver/lib/python3.10/site-packages:${PYTHONPATH} /usr/bin/python3 -W ignore:setup.py install is deprecated setup.py egg_info --egg-base ../../build/py_Driver build --build-base /home/hvalborg2/Desktop/P6_Robot_Driver/ROS2_Packages/build/py_Driver/build install --record /home/hvalborg2/Desktop/P6_Robot_Driver/ROS2_Packages/build/py_Driver/install.log --single-version-externally-managed install_data
