[0.133s] Invoking command in '/home/hvalborg2/Desktop/P6_Robot_Driver/ROS2_Packages/build/bones': CMAKE_PREFIX_PATH=${CMAKE_PREFIX_PATH}:/home/hvalborg2/turtlebot3_ws/install/turtlebot3_teleop:/home/hvalborg2/turtlebot3_ws/install/turtlebot3_example:/opt/ros/humble /usr/bin/cmake /home/hvalborg2/Desktop/P6_Robot_Driver/ROS2_Packages/src/bones -DCMAKE_INSTALL_PREFIX=/home/hvalborg2/Desktop/P6_Robot_Driver/ROS2_Packages/install/bones
[0.491s] -- The C compiler identification is GNU 11.4.0
[0.862s] -- The CXX compiler identification is GNU 11.4.0
[0.912s] -- Detecting C compiler ABI info
[1.377s] -- Detecting C compiler ABI info - done
[1.413s] -- Check for working C compiler: /usr/bin/cc - skipped
[1.415s] -- Detecting C compile features
[1.417s] -- Detecting C compile features - done
[1.432s] -- Detecting CXX compiler ABI info
[1.953s] -- Detecting CXX compiler ABI info - done
[1.992s] -- Check for working CXX compiler: /usr/bin/c++ - skipped
[1.995s] -- Detecting CXX compile features
[1.996s] -- Detecting CXX compile features - done
[2.036s] -- Found ament_cmake: 1.3.8 (/opt/ros/humble/share/ament_cmake/cmake)
[3.310s] -- Found Python3: /usr/bin/python3 (found version "3.10.12") found components: Interpreter 
[4.307s] -- Found rclcpp: 16.0.8 (/opt/ros/humble/share/rclcpp/cmake)
[4.958s] -- Found rosidl_generator_c: 3.1.5 (/opt/ros/humble/share/rosidl_generator_c/cmake)
[5.047s] -- Found rosidl_adapter: 3.1.5 (/opt/ros/humble/share/rosidl_adapter/cmake)
[5.171s] -- Found rosidl_generator_cpp: 3.1.5 (/opt/ros/humble/share/rosidl_generator_cpp/cmake)
[5.314s] -- Using all available rosidl_typesupport_c: rosidl_typesupport_fastrtps_c;rosidl_typesupport_introspection_c
[5.529s] -- Using all available rosidl_typesupport_cpp: rosidl_typesupport_fastrtps_cpp;rosidl_typesupport_introspection_cpp
[6.242s] -- Found rmw_implementation_cmake: 6.1.1 (/opt/ros/humble/share/rmw_implementation_cmake/cmake)
[6.292s] -- Found rmw_fastrtps_cpp: 6.2.6 (/opt/ros/humble/share/rmw_fastrtps_cpp/cmake)
[7.195s] -- Found OpenSSL: /usr/lib/aarch64-linux-gnu/libcrypto.so (found version "3.0.2")  
[7.538s] -- Found FastRTPS: /opt/ros/humble/include  
[8.109s] -- Using RMW implementation 'rmw_fastrtps_cpp' as default
[8.252s] -- Looking for pthread.h
[8.698s] -- Looking for pthread.h - found
[8.699s] -- Performing Test CMAKE_HAVE_LIBC_PTHREAD
[9.134s] -- Performing Test CMAKE_HAVE_LIBC_PTHREAD - Success
[9.139s] -- Found Threads: TRUE  
[10.140s] -- Found ament_lint_auto: 0.12.10 (/opt/ros/humble/share/ament_lint_auto/cmake)
[10.877s] -- Added test 'cppcheck' to perform static code analysis on C / C++ code
[10.878s] -- Configured cppcheck include dirs: $<BUILD_INTERFACE:/home/hvalborg2/Desktop/P6_Robot_Driver/ROS2_Packages/src/bones/include>
[10.879s] -- Configured cppcheck exclude dirs and/or files: 
[10.887s] -- Added test 'flake8' to check Python code syntax and style conventions
[10.899s] -- Added test 'lint_cmake' to check CMake code style
[10.908s] -- Added test 'pep257' to check Python code against some of the docstring style conventions in PEP 257
[10.941s] -- Added test 'uncrustify' to check C / C++ code style
[10.941s] -- Configured uncrustify additional arguments: 
[10.950s] -- Added test 'xmllint' to check XML markup files
[10.964s] -- Configuring done
[11.062s] -- Generating done
[11.070s] -- Build files have been written to: /home/hvalborg2/Desktop/P6_Robot_Driver/ROS2_Packages/build/bones
[11.122s] Invoked command in '/home/hvalborg2/Desktop/P6_Robot_Driver/ROS2_Packages/build/bones' returned '0': CMAKE_PREFIX_PATH=${CMAKE_PREFIX_PATH}:/home/hvalborg2/turtlebot3_ws/install/turtlebot3_teleop:/home/hvalborg2/turtlebot3_ws/install/turtlebot3_example:/opt/ros/humble /usr/bin/cmake /home/hvalborg2/Desktop/P6_Robot_Driver/ROS2_Packages/src/bones -DCMAKE_INSTALL_PREFIX=/home/hvalborg2/Desktop/P6_Robot_Driver/ROS2_Packages/install/bones
[11.133s] Invoking command in '/home/hvalborg2/Desktop/P6_Robot_Driver/ROS2_Packages/build/bones': CMAKE_PREFIX_PATH=${CMAKE_PREFIX_PATH}:/home/hvalborg2/turtlebot3_ws/install/turtlebot3_teleop:/home/hvalborg2/turtlebot3_ws/install/turtlebot3_example:/opt/ros/humble /usr/bin/cmake --build /home/hvalborg2/Desktop/P6_Robot_Driver/ROS2_Packages/build/bones -- -j4 -l4
[11.501s] [ 50%] [32mBuilding CXX object CMakeFiles/doggy.dir/src/doggy.cpp.o[0m
[63.968s] [100%] [32m[1mLinking CXX executable doggy[0m
[66.789s] [100%] Built target doggy
[67.026s] Invoked command in '/home/hvalborg2/Desktop/P6_Robot_Driver/ROS2_Packages/build/bones' returned '0': CMAKE_PREFIX_PATH=${CMAKE_PREFIX_PATH}:/home/hvalborg2/turtlebot3_ws/install/turtlebot3_teleop:/home/hvalborg2/turtlebot3_ws/install/turtlebot3_example:/opt/ros/humble /usr/bin/cmake --build /home/hvalborg2/Desktop/P6_Robot_Driver/ROS2_Packages/build/bones -- -j4 -l4
[67.580s] Invoking command in '/home/hvalborg2/Desktop/P6_Robot_Driver/ROS2_Packages/build/bones': CMAKE_PREFIX_PATH=${CMAKE_PREFIX_PATH}:/home/hvalborg2/turtlebot3_ws/install/turtlebot3_teleop:/home/hvalborg2/turtlebot3_ws/install/turtlebot3_example:/opt/ros/humble /usr/bin/cmake --install /home/hvalborg2/Desktop/P6_Robot_Driver/ROS2_Packages/build/bones
[67.654s] -- Install configuration: ""
[67.661s] -- Installing: /home/hvalborg2/Desktop/P6_Robot_Driver/ROS2_Packages/install/bones/lib/bones/doggy
[67.677s] -- Set runtime path of "/home/hvalborg2/Desktop/P6_Robot_Driver/ROS2_Packages/install/bones/lib/bones/doggy" to ""
[67.690s] -- Installing: /home/hvalborg2/Desktop/P6_Robot_Driver/ROS2_Packages/install/bones/share/ament_index/resource_index/package_run_dependencies/bones
[67.696s] -- Installing: /home/hvalborg2/Desktop/P6_Robot_Driver/ROS2_Packages/install/bones/share/ament_index/resource_index/parent_prefix_path/bones
[67.710s] -- Installing: /home/hvalborg2/Desktop/P6_Robot_Driver/ROS2_Packages/install/bones/share/bones/environment/ament_prefix_path.sh
[67.718s] -- Installing: /home/hvalborg2/Desktop/P6_Robot_Driver/ROS2_Packages/install/bones/share/bones/environment/ament_prefix_path.dsv
[67.723s] -- Installing: /home/hvalborg2/Desktop/P6_Robot_Driver/ROS2_Packages/install/bones/share/bones/environment/path.sh
[67.727s] -- Installing: /home/hvalborg2/Desktop/P6_Robot_Driver/ROS2_Packages/install/bones/share/bones/environment/path.dsv
[67.732s] -- Installing: /home/hvalborg2/Desktop/P6_Robot_Driver/ROS2_Packages/install/bones/share/bones/local_setup.bash
[67.736s] -- Installing: /home/hvalborg2/Desktop/P6_Robot_Driver/ROS2_Packages/install/bones/share/bones/local_setup.sh
[67.741s] -- Installing: /home/hvalborg2/Desktop/P6_Robot_Driver/ROS2_Packages/install/bones/share/bones/local_setup.zsh
[67.745s] -- Installing: /home/hvalborg2/Desktop/P6_Robot_Driver/ROS2_Packages/install/bones/share/bones/local_setup.dsv
[67.751s] -- Installing: /home/hvalborg2/Desktop/P6_Robot_Driver/ROS2_Packages/install/bones/share/bones/package.dsv
[67.757s] -- Installing: /home/hvalborg2/Desktop/P6_Robot_Driver/ROS2_Packages/install/bones/share/ament_index/resource_index/packages/bones
[67.763s] -- Installing: /home/hvalborg2/Desktop/P6_Robot_Driver/ROS2_Packages/install/bones/share/bones/cmake/bonesConfig.cmake
[67.768s] -- Installing: /home/hvalborg2/Desktop/P6_Robot_Driver/ROS2_Packages/install/bones/share/bones/cmake/bonesConfig-version.cmake
[67.773s] -- Installing: /home/hvalborg2/Desktop/P6_Robot_Driver/ROS2_Packages/install/bones/share/bones/package.xml
[67.806s] Invoked command in '/home/hvalborg2/Desktop/P6_Robot_Driver/ROS2_Packages/build/bones' returned '0': CMAKE_PREFIX_PATH=${CMAKE_PREFIX_PATH}:/home/hvalborg2/turtlebot3_ws/install/turtlebot3_teleop:/home/hvalborg2/turtlebot3_ws/install/turtlebot3_example:/opt/ros/humble /usr/bin/cmake --install /home/hvalborg2/Desktop/P6_Robot_Driver/ROS2_Packages/build/bones
