[0.104s] Invoking command in '/home/hvalborg2/Desktop/P6_Robot_Driver/ROS2_Packages/build/camera_pack': CMAKE_PREFIX_PATH=${CMAKE_PREFIX_PATH}:/home/hvalborg2/turtlebot3_ws/install/turtlebot3_teleop:/home/hvalborg2/turtlebot3_ws/install/turtlebot3_example:/opt/ros/humble /usr/bin/cmake /home/hvalborg2/Desktop/P6_Robot_Driver/ROS2_Packages/src/camera_pack -DCMAKE_INSTALL_PREFIX=/home/hvalborg2/Desktop/P6_Robot_Driver/ROS2_Packages/install/camera_pack
[0.183s] -- Found ament_cmake: 1.3.8 (/opt/ros/humble/share/ament_cmake/cmake)
[1.348s] -- Found rclcpp: 16.0.8 (/opt/ros/humble/share/rclcpp/cmake)
[1.599s] -- Found rosidl_generator_c: 3.1.5 (/opt/ros/humble/share/rosidl_generator_c/cmake)
[1.614s] -- Found rosidl_adapter: 3.1.5 (/opt/ros/humble/share/rosidl_adapter/cmake)
[1.650s] -- Found rosidl_generator_cpp: 3.1.5 (/opt/ros/humble/share/rosidl_generator_cpp/cmake)
[1.705s] -- Using all available rosidl_typesupport_c: rosidl_typesupport_fastrtps_c;rosidl_typesupport_introspection_c
[1.786s] -- Using all available rosidl_typesupport_cpp: rosidl_typesupport_fastrtps_cpp;rosidl_typesupport_introspection_cpp
[2.074s] -- Found rmw_implementation_cmake: 6.1.1 (/opt/ros/humble/share/rmw_implementation_cmake/cmake)
[2.082s] -- Found rmw_fastrtps_cpp: 6.2.6 (/opt/ros/humble/share/rmw_fastrtps_cpp/cmake)
[3.346s] -- Using RMW implementation 'rmw_fastrtps_cpp' as default
[4.118s] [31mCMake Error at CMakeLists.txt:17 (target_include_directories):
[4.119s]   Cannot specify include directories for target "rd_Nano" which is not built
[4.119s]   by this project.
[4.120s] 
[4.120s] [0m
[4.123s] [31mCMake Error at CMakeLists.txt:24 (target_include_directories):
[4.124s]   Cannot specify include directories for target "sub" which is not built by
[4.124s]   this project.
[4.125s] 
[4.125s] [0m
[4.126s] [31mCMake Error at CMakeLists.txt:27 (target_compile_features):
[4.126s]   Cannot specify compile features for target "sub" which is not built by this
[4.127s]   project.
[4.127s] 
[4.128s] [0m
[4.128s] [31mCMake Error at /opt/ros/humble/share/ament_cmake_target_dependencies/cmake/ament_target_dependencies.cmake:42 (message):
[4.129s]   ament_target_dependencies() the first argument must be a valid target name
[4.129s] Call Stack (most recent call first):
[4.130s]   CMakeLists.txt:28 (ament_target_dependencies)
[4.132s] 
[4.133s] [0m
[4.134s] -- Configuring incomplete, errors occurred!
[4.135s] See also "/home/hvalborg2/Desktop/P6_Robot_Driver/ROS2_Packages/build/camera_pack/CMakeFiles/CMakeOutput.log".
[4.157s] Invoked command in '/home/hvalborg2/Desktop/P6_Robot_Driver/ROS2_Packages/build/camera_pack' returned '1': CMAKE_PREFIX_PATH=${CMAKE_PREFIX_PATH}:/home/hvalborg2/turtlebot3_ws/install/turtlebot3_teleop:/home/hvalborg2/turtlebot3_ws/install/turtlebot3_example:/opt/ros/humble /usr/bin/cmake /home/hvalborg2/Desktop/P6_Robot_Driver/ROS2_Packages/src/camera_pack -DCMAKE_INSTALL_PREFIX=/home/hvalborg2/Desktop/P6_Robot_Driver/ROS2_Packages/install/camera_pack
