[3.185s] Invoking command in '/home/hvalborg2/Desktop/P6_Robot_Driver/ROS2_Packages/src/py_Driver': PYTHONPATH=/home/hvalborg2/Desktop/P6_Robot_Driver/ROS2_Packages/build/py_Driver/prefix_override:/home/hvalborg2/Desktop/P6_Robot_Driver/ROS2_Packages/install/py_Driver/lib/python3.10/site-packages:${PYTHONPATH} /usr/bin/python3 -W ignore:setup.py install is deprecated setup.py egg_info --egg-base ../../build/py_Driver build --build-base /home/hvalborg2/Desktop/P6_Robot_Driver/ROS2_Packages/build/py_Driver/build install --record /home/hvalborg2/Desktop/P6_Robot_Driver/ROS2_Packages/build/py_Driver/install.log --single-version-externally-managed install_data
[4.480s] running egg_info
[4.483s] writing ../../build/py_Driver/py_Driver.egg-info/PKG-INFO
[4.484s] writing dependency_links to ../../build/py_Driver/py_Driver.egg-info/dependency_links.txt
[4.486s] writing entry points to ../../build/py_Driver/py_Driver.egg-info/entry_points.txt
[4.486s] writing requirements to ../../build/py_Driver/py_Driver.egg-info/requires.txt
[4.487s] writing top-level names to ../../build/py_Driver/py_Driver.egg-info/top_level.txt
[4.496s] reading manifest file '../../build/py_Driver/py_Driver.egg-info/SOURCES.txt'
[4.501s] writing manifest file '../../build/py_Driver/py_Driver.egg-info/SOURCES.txt'
[4.501s] running build
[4.502s] running build_py
[4.504s] copying py_Driver/Test_Controller.py -> /home/hvalborg2/Desktop/P6_Robot_Driver/ROS2_Packages/build/py_Driver/build/lib/py_Driver
[4.506s] running install
[4.507s] running install_lib
[4.513s] copying /home/hvalborg2/Desktop/P6_Robot_Driver/ROS2_Packages/build/py_Driver/build/lib/py_Driver/Test_Controller.py -> /home/hvalborg2/Desktop/P6_Robot_Driver/ROS2_Packages/install/py_Driver/lib/python3.10/site-packages/py_Driver
[4.517s] byte-compiling /home/hvalborg2/Desktop/P6_Robot_Driver/ROS2_Packages/install/py_Driver/lib/python3.10/site-packages/py_Driver/Test_Controller.py to Test_Controller.cpython-310.pyc
[4.524s] running install_data
[4.526s] running install_egg_info
[4.534s] removing '/home/hvalborg2/Desktop/P6_Robot_Driver/ROS2_Packages/install/py_Driver/lib/python3.10/site-packages/py_Driver-0.0.0-py3.10.egg-info' (and everything under it)
[4.536s] Copying ../../build/py_Driver/py_Driver.egg-info to /home/hvalborg2/Desktop/P6_Robot_Driver/ROS2_Packages/install/py_Driver/lib/python3.10/site-packages/py_Driver-0.0.0-py3.10.egg-info
[4.542s] running install_scripts
[4.633s] Installing controller script to /home/hvalborg2/Desktop/P6_Robot_Driver/ROS2_Packages/install/py_Driver/lib/py_Driver
[4.634s] Installing extra_contr script to /home/hvalborg2/Desktop/P6_Robot_Driver/ROS2_Packages/install/py_Driver/lib/py_Driver
[4.635s] Installing routine script to /home/hvalborg2/Desktop/P6_Robot_Driver/ROS2_Packages/install/py_Driver/lib/py_Driver
[4.636s] Installing single_contr script to /home/hvalborg2/Desktop/P6_Robot_Driver/ROS2_Packages/install/py_Driver/lib/py_Driver
[4.637s] Installing test_contr script to /home/hvalborg2/Desktop/P6_Robot_Driver/ROS2_Packages/install/py_Driver/lib/py_Driver
[4.637s] Installing wheely script to /home/hvalborg2/Desktop/P6_Robot_Driver/ROS2_Packages/install/py_Driver/lib/py_Driver
[4.640s] writing list of installed files to '/home/hvalborg2/Desktop/P6_Robot_Driver/ROS2_Packages/build/py_Driver/install.log'
[4.763s] Invoked command in '/home/hvalborg2/Desktop/P6_Robot_Driver/ROS2_Packages/src/py_Driver' returned '0': PYTHONPATH=/home/hvalborg2/Desktop/P6_Robot_Driver/ROS2_Packages/build/py_Driver/prefix_override:/home/hvalborg2/Desktop/P6_Robot_Driver/ROS2_Packages/install/py_Driver/lib/python3.10/site-packages:${PYTHONPATH} /usr/bin/python3 -W ignore:setup.py install is deprecated setup.py egg_info --egg-base ../../build/py_Driver build --build-base /home/hvalborg2/Desktop/P6_Robot_Driver/ROS2_Packages/build/py_Driver/build install --record /home/hvalborg2/Desktop/P6_Robot_Driver/ROS2_Packages/build/py_Driver/install.log --single-version-externally-managed install_data
