[0.187s] Invoking command in '/home/hvalborg2/Desktop/P6_Robot_Driver/ROS2_Packages/build/bones': CMAKE_PREFIX_PATH=${CMAKE_PREFIX_PATH}:/home/hvalborg2/turtlebot3_ws/install/turtlebot3_teleop:/home/hvalborg2/turtlebot3_ws/install/turtlebot3_example:/home/hvalborg2/Desktop/P6_Robot_Driver/ROS2_Packages/install/py_Driver:/home/hvalborg2/Desktop/P6_Robot_Driver/ROS2_Packages/install/lidar:/opt/ros/humble /usr/bin/cmake --build /home/hvalborg2/Desktop/P6_Robot_Driver/ROS2_Packages/build/bones -- -j4 -l4
[1.766s] [100%] Built target doggy
[1.801s] Invoked command in '/home/hvalborg2/Desktop/P6_Robot_Driver/ROS2_Packages/build/bones' returned '0': CMAKE_PREFIX_PATH=${CMAKE_PREFIX_PATH}:/home/hvalborg2/turtlebot3_ws/install/turtlebot3_teleop:/home/hvalborg2/turtlebot3_ws/install/turtlebot3_example:/home/hvalborg2/Desktop/P6_Robot_Driver/ROS2_Packages/install/py_Driver:/home/hvalborg2/Desktop/P6_Robot_Driver/ROS2_Packages/install/lidar:/opt/ros/humble /usr/bin/cmake --build /home/hvalborg2/Desktop/P6_Robot_Driver/ROS2_Packages/build/bones -- -j4 -l4
[2.009s] Invoking command in '/home/hvalborg2/Desktop/P6_Robot_Driver/ROS2_Packages/build/bones': CMAKE_PREFIX_PATH=${CMAKE_PREFIX_PATH}:/home/hvalborg2/turtlebot3_ws/install/turtlebot3_teleop:/home/hvalborg2/turtlebot3_ws/install/turtlebot3_example:/home/hvalborg2/Desktop/P6_Robot_Driver/ROS2_Packages/install/py_Driver:/home/hvalborg2/Desktop/P6_Robot_Driver/ROS2_Packages/install/lidar:/opt/ros/humble /usr/bin/cmake --install /home/hvalborg2/Desktop/P6_Robot_Driver/ROS2_Packages/build/bones
[2.070s] -- Install configuration: ""
[2.080s] -- Up-to-date: /home/hvalborg2/Desktop/P6_Robot_Driver/ROS2_Packages/install/bones/lib/bones/doggy
[2.082s] -- Up-to-date: /home/hvalborg2/Desktop/P6_Robot_Driver/ROS2_Packages/install/bones/share/ament_index/resource_index/package_run_dependencies/bones
[2.083s] -- Up-to-date: /home/hvalborg2/Desktop/P6_Robot_Driver/ROS2_Packages/install/bones/share/ament_index/resource_index/parent_prefix_path/bones
[2.084s] -- Up-to-date: /home/hvalborg2/Desktop/P6_Robot_Driver/ROS2_Packages/install/bones/share/bones/environment/ament_prefix_path.sh
[2.086s] -- Up-to-date: /home/hvalborg2/Desktop/P6_Robot_Driver/ROS2_Packages/install/bones/share/bones/environment/ament_prefix_path.dsv
[2.087s] -- Up-to-date: /home/hvalborg2/Desktop/P6_Robot_Driver/ROS2_Packages/install/bones/share/bones/environment/path.sh
[2.087s] -- Up-to-date: /home/hvalborg2/Desktop/P6_Robot_Driver/ROS2_Packages/install/bones/share/bones/environment/path.dsv
[2.088s] -- Up-to-date: /home/hvalborg2/Desktop/P6_Robot_Driver/ROS2_Packages/install/bones/share/bones/local_setup.bash
[2.090s] -- Up-to-date: /home/hvalborg2/Desktop/P6_Robot_Driver/ROS2_Packages/install/bones/share/bones/local_setup.sh
[2.090s] -- Up-to-date: /home/hvalborg2/Desktop/P6_Robot_Driver/ROS2_Packages/install/bones/share/bones/local_setup.zsh
[2.091s] -- Up-to-date: /home/hvalborg2/Desktop/P6_Robot_Driver/ROS2_Packages/install/bones/share/bones/local_setup.dsv
[2.092s] -- Installing: /home/hvalborg2/Desktop/P6_Robot_Driver/ROS2_Packages/install/bones/share/bones/package.dsv
[2.095s] -- Up-to-date: /home/hvalborg2/Desktop/P6_Robot_Driver/ROS2_Packages/install/bones/share/ament_index/resource_index/packages/bones
[2.098s] -- Up-to-date: /home/hvalborg2/Desktop/P6_Robot_Driver/ROS2_Packages/install/bones/share/bones/cmake/bonesConfig.cmake
[2.099s] -- Up-to-date: /home/hvalborg2/Desktop/P6_Robot_Driver/ROS2_Packages/install/bones/share/bones/cmake/bonesConfig-version.cmake
[2.101s] -- Up-to-date: /home/hvalborg2/Desktop/P6_Robot_Driver/ROS2_Packages/install/bones/share/bones/package.xml
[2.120s] Invoked command in '/home/hvalborg2/Desktop/P6_Robot_Driver/ROS2_Packages/build/bones' returned '0': CMAKE_PREFIX_PATH=${CMAKE_PREFIX_PATH}:/home/hvalborg2/turtlebot3_ws/install/turtlebot3_teleop:/home/hvalborg2/turtlebot3_ws/install/turtlebot3_example:/home/hvalborg2/Desktop/P6_Robot_Driver/ROS2_Packages/install/py_Driver:/home/hvalborg2/Desktop/P6_Robot_Driver/ROS2_Packages/install/lidar:/opt/ros/humble /usr/bin/cmake --install /home/hvalborg2/Desktop/P6_Robot_Driver/ROS2_Packages/build/bones
