[0.668s] DEBUG:colcon:Command line arguments: ['/usr/bin/colcon', 'build', '--packages-select', 'py_Driver']
[0.669s] DEBUG:colcon:Parsed command line arguments: Namespace(log_base=None, log_level=None, verb_name='build', build_base='build', install_base='install', merge_install=False, symlink_install=False, test_result_base=None, continue_on_error=False, executor='parallel', parallel_workers=4, event_handlers=None, ignore_user_meta=False, metas=['./colcon.meta'], base_paths=['.'], packages_ignore=None, packages_ignore_regex=None, paths=None, packages_up_to=None, packages_up_to_regex=None, packages_above=None, packages_above_and_dependencies=None, packages_above_depth=None, packages_select_by_dep=None, packages_skip_by_dep=None, packages_skip_up_to=None, packages_select_build_failed=False, packages_skip_build_finished=False, packages_select_test_failures=False, packages_skip_test_passed=False, packages_select=['py_Driver'], packages_skip=None, packages_select_regex=None, packages_skip_regex=None, packages_start=None, packages_end=None, allow_overriding=[], cmake_args=None, cmake_target=None, cmake_target_skip_unavailable=False, cmake_clean_cache=False, cmake_clean_first=False, cmake_force_configure=False, ament_cmake_args=None, catkin_cmake_args=None, catkin_skip_building_tests=False, verb_parser=<colcon_defaults.argument_parser.defaults.DefaultArgumentsDecorator object at 0xffff846a4be0>, verb_extension=<colcon_core.verb.build.BuildVerb object at 0xffff847b97b0>, main=<bound method BuildVerb.main of <colcon_core.verb.build.BuildVerb object at 0xffff847b97b0>>)
[1.897s] Level 1:colcon.colcon_core.package_discovery:discover_packages(colcon_meta) check parameters
[1.898s] Level 1:colcon.colcon_core.package_discovery:discover_packages(recursive) check parameters
[1.898s] Level 1:colcon.colcon_core.package_discovery:discover_packages(ignore) check parameters
[1.898s] Level 1:colcon.colcon_core.package_discovery:discover_packages(path) check parameters
[1.898s] Level 1:colcon.colcon_core.package_discovery:discover_packages(colcon_meta) discover
[1.899s] Level 1:colcon.colcon_core.package_discovery:discover_packages(recursive) discover
[1.899s] INFO:colcon.colcon_core.package_discovery:Crawling recursively for packages in '/home/hvalborg2/Desktop/P6_Robot_Driver/ROS2_Packages'
[1.900s] Level 1:colcon.colcon_core.package_identification:_identify(.) by extensions ['ignore', 'ignore_ament_install']
[1.900s] Level 1:colcon.colcon_core.package_identification:_identify(.) by extension 'ignore'
[1.901s] Level 1:colcon.colcon_core.package_identification:_identify(.) by extension 'ignore_ament_install'
[1.901s] Level 1:colcon.colcon_core.package_identification:_identify(.) by extensions ['colcon_pkg']
[1.901s] Level 1:colcon.colcon_core.package_identification:_identify(.) by extension 'colcon_pkg'
[1.902s] Level 1:colcon.colcon_core.package_identification:_identify(.) by extensions ['colcon_meta']
[1.902s] Level 1:colcon.colcon_core.package_identification:_identify(.) by extension 'colcon_meta'
[1.902s] Level 1:colcon.colcon_core.package_identification:_identify(.) by extensions ['ros']
[1.902s] Level 1:colcon.colcon_core.package_identification:_identify(.) by extension 'ros'
[1.969s] Level 1:colcon.colcon_core.package_identification:_identify(.) by extensions ['cmake', 'python']
[1.970s] Level 1:colcon.colcon_core.package_identification:_identify(.) by extension 'cmake'
[1.970s] Level 1:colcon.colcon_core.package_identification:_identify(.) by extension 'python'
[1.970s] Level 1:colcon.colcon_core.package_identification:_identify(.) by extensions ['python_setup_py']
[1.971s] Level 1:colcon.colcon_core.package_identification:_identify(.) by extension 'python_setup_py'
[1.972s] Level 1:colcon.colcon_core.package_identification:_identify(build) by extensions ['ignore', 'ignore_ament_install']
[1.972s] Level 1:colcon.colcon_core.package_identification:_identify(build) by extension 'ignore'
[1.973s] Level 1:colcon.colcon_core.package_identification:_identify(build) ignored
[1.974s] Level 1:colcon.colcon_core.package_identification:_identify(install) by extensions ['ignore', 'ignore_ament_install']
[1.974s] Level 1:colcon.colcon_core.package_identification:_identify(install) by extension 'ignore'
[1.975s] Level 1:colcon.colcon_core.package_identification:_identify(install) ignored
[1.976s] Level 1:colcon.colcon_core.package_identification:_identify(log) by extensions ['ignore', 'ignore_ament_install']
[1.977s] Level 1:colcon.colcon_core.package_identification:_identify(log) by extension 'ignore'
[1.977s] Level 1:colcon.colcon_core.package_identification:_identify(log) ignored
[1.978s] Level 1:colcon.colcon_core.package_identification:_identify(src) by extensions ['ignore', 'ignore_ament_install']
[1.978s] Level 1:colcon.colcon_core.package_identification:_identify(src) by extension 'ignore'
[1.979s] Level 1:colcon.colcon_core.package_identification:_identify(src) by extension 'ignore_ament_install'
[1.979s] Level 1:colcon.colcon_core.package_identification:_identify(src) by extensions ['colcon_pkg']
[1.979s] Level 1:colcon.colcon_core.package_identification:_identify(src) by extension 'colcon_pkg'
[1.980s] Level 1:colcon.colcon_core.package_identification:_identify(src) by extensions ['colcon_meta']
[1.980s] Level 1:colcon.colcon_core.package_identification:_identify(src) by extension 'colcon_meta'
[1.980s] Level 1:colcon.colcon_core.package_identification:_identify(src) by extensions ['ros']
[1.981s] Level 1:colcon.colcon_core.package_identification:_identify(src) by extension 'ros'
[1.981s] Level 1:colcon.colcon_core.package_identification:_identify(src) by extensions ['cmake', 'python']
[1.981s] Level 1:colcon.colcon_core.package_identification:_identify(src) by extension 'cmake'
[1.982s] Level 1:colcon.colcon_core.package_identification:_identify(src) by extension 'python'
[1.982s] Level 1:colcon.colcon_core.package_identification:_identify(src) by extensions ['python_setup_py']
[1.982s] Level 1:colcon.colcon_core.package_identification:_identify(src) by extension 'python_setup_py'
[1.983s] Level 1:colcon.colcon_core.package_identification:_identify(src/bones) by extensions ['ignore', 'ignore_ament_install']
[1.983s] Level 1:colcon.colcon_core.package_identification:_identify(src/bones) by extension 'ignore'
[1.984s] Level 1:colcon.colcon_core.package_identification:_identify(src/bones) by extension 'ignore_ament_install'
[1.984s] Level 1:colcon.colcon_core.package_identification:_identify(src/bones) by extensions ['colcon_pkg']
[1.984s] Level 1:colcon.colcon_core.package_identification:_identify(src/bones) by extension 'colcon_pkg'
[1.984s] Level 1:colcon.colcon_core.package_identification:_identify(src/bones) by extensions ['colcon_meta']
[1.984s] Level 1:colcon.colcon_core.package_identification:_identify(src/bones) by extension 'colcon_meta'
[1.985s] Level 1:colcon.colcon_core.package_identification:_identify(src/bones) by extensions ['ros']
[1.985s] Level 1:colcon.colcon_core.package_identification:_identify(src/bones) by extension 'ros'
[1.996s] DEBUG:colcon.colcon_core.package_identification:Package 'src/bones' with type 'ros.ament_cmake' and name 'bones'
[1.997s] Level 1:colcon.colcon_core.package_identification:_identify(src/camera_pack) by extensions ['ignore', 'ignore_ament_install']
[1.998s] Level 1:colcon.colcon_core.package_identification:_identify(src/camera_pack) by extension 'ignore'
[1.998s] Level 1:colcon.colcon_core.package_identification:_identify(src/camera_pack) by extension 'ignore_ament_install'
[1.999s] Level 1:colcon.colcon_core.package_identification:_identify(src/camera_pack) by extensions ['colcon_pkg']
[1.999s] Level 1:colcon.colcon_core.package_identification:_identify(src/camera_pack) by extension 'colcon_pkg'
[1.999s] Level 1:colcon.colcon_core.package_identification:_identify(src/camera_pack) by extensions ['colcon_meta']
[2.000s] Level 1:colcon.colcon_core.package_identification:_identify(src/camera_pack) by extension 'colcon_meta'
[2.000s] Level 1:colcon.colcon_core.package_identification:_identify(src/camera_pack) by extensions ['ros']
[2.001s] Level 1:colcon.colcon_core.package_identification:_identify(src/camera_pack) by extension 'ros'
[2.004s] DEBUG:colcon.colcon_core.package_identification:Package 'src/camera_pack' with type 'ros.ament_cmake' and name 'camera_pack'
[2.005s] Level 1:colcon.colcon_core.package_identification:_identify(src/lidar) by extensions ['ignore', 'ignore_ament_install']
[2.005s] Level 1:colcon.colcon_core.package_identification:_identify(src/lidar) by extension 'ignore'
[2.006s] Level 1:colcon.colcon_core.package_identification:_identify(src/lidar) by extension 'ignore_ament_install'
[2.006s] Level 1:colcon.colcon_core.package_identification:_identify(src/lidar) by extensions ['colcon_pkg']
[2.006s] Level 1:colcon.colcon_core.package_identification:_identify(src/lidar) by extension 'colcon_pkg'
[2.007s] Level 1:colcon.colcon_core.package_identification:_identify(src/lidar) by extensions ['colcon_meta']
[2.007s] Level 1:colcon.colcon_core.package_identification:_identify(src/lidar) by extension 'colcon_meta'
[2.007s] Level 1:colcon.colcon_core.package_identification:_identify(src/lidar) by extensions ['ros']
[2.008s] Level 1:colcon.colcon_core.package_identification:_identify(src/lidar) by extension 'ros'
[2.011s] DEBUG:colcon.colcon_core.package_identification:Package 'src/lidar' with type 'ros.ament_python' and name 'lidar'
[2.012s] Level 1:colcon.colcon_core.package_identification:_identify(src/pubsub) by extensions ['ignore', 'ignore_ament_install']
[2.013s] Level 1:colcon.colcon_core.package_identification:_identify(src/pubsub) by extension 'ignore'
[2.013s] Level 1:colcon.colcon_core.package_identification:_identify(src/pubsub) by extension 'ignore_ament_install'
[2.014s] Level 1:colcon.colcon_core.package_identification:_identify(src/pubsub) by extensions ['colcon_pkg']
[2.014s] Level 1:colcon.colcon_core.package_identification:_identify(src/pubsub) by extension 'colcon_pkg'
[2.014s] Level 1:colcon.colcon_core.package_identification:_identify(src/pubsub) by extensions ['colcon_meta']
[2.014s] Level 1:colcon.colcon_core.package_identification:_identify(src/pubsub) by extension 'colcon_meta'
[2.015s] Level 1:colcon.colcon_core.package_identification:_identify(src/pubsub) by extensions ['ros']
[2.015s] Level 1:colcon.colcon_core.package_identification:_identify(src/pubsub) by extension 'ros'
[2.017s] DEBUG:colcon.colcon_core.package_identification:Package 'src/pubsub' with type 'ros.ament_cmake' and name 'pubsub'
[2.018s] Level 1:colcon.colcon_core.package_identification:_identify(src/py_Driver) by extensions ['ignore', 'ignore_ament_install']
[2.018s] Level 1:colcon.colcon_core.package_identification:_identify(src/py_Driver) by extension 'ignore'
[2.019s] Level 1:colcon.colcon_core.package_identification:_identify(src/py_Driver) by extension 'ignore_ament_install'
[2.019s] Level 1:colcon.colcon_core.package_identification:_identify(src/py_Driver) by extensions ['colcon_pkg']
[2.019s] Level 1:colcon.colcon_core.package_identification:_identify(src/py_Driver) by extension 'colcon_pkg'
[2.019s] Level 1:colcon.colcon_core.package_identification:_identify(src/py_Driver) by extensions ['colcon_meta']
[2.019s] Level 1:colcon.colcon_core.package_identification:_identify(src/py_Driver) by extension 'colcon_meta'
[2.020s] Level 1:colcon.colcon_core.package_identification:_identify(src/py_Driver) by extensions ['ros']
[2.020s] Level 1:colcon.colcon_core.package_identification:_identify(src/py_Driver) by extension 'ros'
[2.022s] DEBUG:colcon.colcon_core.package_identification:Package 'src/py_Driver' with type 'ros.ament_python' and name 'py_Driver'
[2.023s] Level 1:colcon.colcon_core.package_discovery:discover_packages(recursive) using defaults
[2.023s] Level 1:colcon.colcon_core.package_discovery:discover_packages(ignore) discover
[2.023s] Level 1:colcon.colcon_core.package_discovery:discover_packages(ignore) using defaults
[2.023s] Level 1:colcon.colcon_core.package_discovery:discover_packages(path) discover
[2.023s] Level 1:colcon.colcon_core.package_discovery:discover_packages(path) using defaults
[2.132s] INFO:colcon.colcon_core.package_selection:Skipping not selected package 'bones' in 'src/bones'
[2.132s] INFO:colcon.colcon_core.package_selection:Skipping not selected package 'camera_pack' in 'src/camera_pack'
[2.132s] INFO:colcon.colcon_core.package_selection:Skipping not selected package 'lidar' in 'src/lidar'
[2.133s] INFO:colcon.colcon_core.package_selection:Skipping not selected package 'pubsub' in 'src/pubsub'
[2.135s] Level 1:colcon.colcon_core.package_discovery:discover_packages(prefix_path) check parameters
[2.135s] Level 1:colcon.colcon_core.package_discovery:discover_packages(prefix_path) discover
[2.149s] DEBUG:colcon.colcon_installed_package_information.package_discovery:Found 6 installed packages in /home/hvalborg2/Desktop/P6_Robot_Driver/ROS2_Packages/install
[2.153s] DEBUG:colcon.colcon_installed_package_information.package_discovery:Found 7 installed packages in /home/hvalborg2/turtlebot3_ws/install
[2.163s] DEBUG:colcon.colcon_installed_package_information.package_discovery:Found 273 installed packages in /opt/ros/humble
[2.214s] Level 1:colcon.colcon_core.package_discovery:discover_packages(prefix_path) using defaults
[2.408s] Level 5:colcon.colcon_core.verb:set package 'py_Driver' build argument 'cmake_args' from command line to 'None'
[2.408s] Level 5:colcon.colcon_core.verb:set package 'py_Driver' build argument 'cmake_target' from command line to 'None'
[2.409s] Level 5:colcon.colcon_core.verb:set package 'py_Driver' build argument 'cmake_target_skip_unavailable' from command line to 'False'
[2.409s] Level 5:colcon.colcon_core.verb:set package 'py_Driver' build argument 'cmake_clean_cache' from command line to 'False'
[2.409s] Level 5:colcon.colcon_core.verb:set package 'py_Driver' build argument 'cmake_clean_first' from command line to 'False'
[2.409s] Level 5:colcon.colcon_core.verb:set package 'py_Driver' build argument 'cmake_force_configure' from command line to 'False'
[2.409s] Level 5:colcon.colcon_core.verb:set package 'py_Driver' build argument 'ament_cmake_args' from command line to 'None'
[2.409s] Level 5:colcon.colcon_core.verb:set package 'py_Driver' build argument 'catkin_cmake_args' from command line to 'None'
[2.409s] Level 5:colcon.colcon_core.verb:set package 'py_Driver' build argument 'catkin_skip_building_tests' from command line to 'False'
[2.409s] DEBUG:colcon.colcon_core.verb:Building package 'py_Driver' with the following arguments: {'ament_cmake_args': None, 'build_base': '/home/hvalborg2/Desktop/P6_Robot_Driver/ROS2_Packages/build/py_Driver', 'catkin_cmake_args': None, 'catkin_skip_building_tests': False, 'cmake_args': None, 'cmake_clean_cache': False, 'cmake_clean_first': False, 'cmake_force_configure': False, 'cmake_target': None, 'cmake_target_skip_unavailable': False, 'install_base': '/home/hvalborg2/Desktop/P6_Robot_Driver/ROS2_Packages/install/py_Driver', 'merge_install': False, 'path': '/home/hvalborg2/Desktop/P6_Robot_Driver/ROS2_Packages/src/py_Driver', 'symlink_install': False, 'test_result_base': None}
[2.410s] INFO:colcon.colcon_core.executor:Executing jobs using 'parallel' executor
[2.414s] DEBUG:colcon.colcon_parallel_executor.executor.parallel:run_until_complete
[2.415s] INFO:colcon.colcon_ros.task.ament_python.build:Building ROS package in '/home/hvalborg2/Desktop/P6_Robot_Driver/ROS2_Packages/src/py_Driver' with build type 'ament_python'
[2.416s] Level 1:colcon.colcon_core.shell:create_environment_hook('py_Driver', 'ament_prefix_path')
[2.427s] INFO:colcon.colcon_core.plugin_system:Skipping extension 'colcon_core.shell.bat': Not used on non-Windows systems
[2.428s] INFO:colcon.colcon_core.shell:Creating environment hook '/home/hvalborg2/Desktop/P6_Robot_Driver/ROS2_Packages/install/py_Driver/share/py_Driver/hook/ament_prefix_path.ps1'
[2.431s] INFO:colcon.colcon_core.shell:Creating environment descriptor '/home/hvalborg2/Desktop/P6_Robot_Driver/ROS2_Packages/install/py_Driver/share/py_Driver/hook/ament_prefix_path.dsv'
[2.433s] INFO:colcon.colcon_core.shell:Creating environment hook '/home/hvalborg2/Desktop/P6_Robot_Driver/ROS2_Packages/install/py_Driver/share/py_Driver/hook/ament_prefix_path.sh'
[2.437s] INFO:colcon.colcon_core.shell:Skip shell extension 'powershell' for command environment: Not usable outside of PowerShell
[2.437s] DEBUG:colcon.colcon_core.shell:Skip shell extension 'dsv' for command environment
[4.261s] INFO:colcon.colcon_core.task.python.build:Building Python package in '/home/hvalborg2/Desktop/P6_Robot_Driver/ROS2_Packages/src/py_Driver'
[4.263s] INFO:colcon.colcon_core.shell:Skip shell extension 'powershell' for command environment: Not usable outside of PowerShell
[4.263s] DEBUG:colcon.colcon_core.shell:Skip shell extension 'dsv' for command environment
[6.330s] DEBUG:colcon.colcon_core.event_handler.log_command:Invoking command in '/home/hvalborg2/Desktop/P6_Robot_Driver/ROS2_Packages/src/py_Driver': PYTHONPATH=/home/hvalborg2/Desktop/P6_Robot_Driver/ROS2_Packages/build/py_Driver/prefix_override:/home/hvalborg2/Desktop/P6_Robot_Driver/ROS2_Packages/install/py_Driver/lib/python3.10/site-packages:${PYTHONPATH} /usr/bin/python3 -W ignore:setup.py install is deprecated setup.py egg_info --egg-base ../../build/py_Driver build --build-base /home/hvalborg2/Desktop/P6_Robot_Driver/ROS2_Packages/build/py_Driver/build install --record /home/hvalborg2/Desktop/P6_Robot_Driver/ROS2_Packages/build/py_Driver/install.log --single-version-externally-managed install_data
[8.279s] DEBUG:colcon.colcon_core.event_handler.log_command:Invoked command in '/home/hvalborg2/Desktop/P6_Robot_Driver/ROS2_Packages/src/py_Driver' returned '0': PYTHONPATH=/home/hvalborg2/Desktop/P6_Robot_Driver/ROS2_Packages/build/py_Driver/prefix_override:/home/hvalborg2/Desktop/P6_Robot_Driver/ROS2_Packages/install/py_Driver/lib/python3.10/site-packages:${PYTHONPATH} /usr/bin/python3 -W ignore:setup.py install is deprecated setup.py egg_info --egg-base ../../build/py_Driver build --build-base /home/hvalborg2/Desktop/P6_Robot_Driver/ROS2_Packages/build/py_Driver/build install --record /home/hvalborg2/Desktop/P6_Robot_Driver/ROS2_Packages/build/py_Driver/install.log --single-version-externally-managed install_data
[8.291s] Level 1:colcon.colcon_core.environment:checking '/home/hvalborg2/Desktop/P6_Robot_Driver/ROS2_Packages/install/py_Driver' for CMake module files
[8.294s] Level 1:colcon.colcon_core.environment:checking '/home/hvalborg2/Desktop/P6_Robot_Driver/ROS2_Packages/install/py_Driver' for CMake config files
[8.299s] Level 1:colcon.colcon_core.environment:checking '/home/hvalborg2/Desktop/P6_Robot_Driver/ROS2_Packages/install/py_Driver/lib'
[8.300s] Level 1:colcon.colcon_core.environment:checking '/home/hvalborg2/Desktop/P6_Robot_Driver/ROS2_Packages/install/py_Driver/bin'
[8.300s] Level 1:colcon.colcon_core.environment:checking '/home/hvalborg2/Desktop/P6_Robot_Driver/ROS2_Packages/install/py_Driver/lib/pkgconfig/py_Driver.pc'
[8.301s] Level 1:colcon.colcon_core.environment:checking '/home/hvalborg2/Desktop/P6_Robot_Driver/ROS2_Packages/install/py_Driver/lib/python3.10/site-packages'
[8.302s] Level 1:colcon.colcon_core.shell:create_environment_hook('py_Driver', 'pythonpath')
[8.303s] INFO:colcon.colcon_core.shell:Creating environment hook '/home/hvalborg2/Desktop/P6_Robot_Driver/ROS2_Packages/install/py_Driver/share/py_Driver/hook/pythonpath.ps1'
[8.304s] INFO:colcon.colcon_core.shell:Creating environment descriptor '/home/hvalborg2/Desktop/P6_Robot_Driver/ROS2_Packages/install/py_Driver/share/py_Driver/hook/pythonpath.dsv'
[8.306s] INFO:colcon.colcon_core.shell:Creating environment hook '/home/hvalborg2/Desktop/P6_Robot_Driver/ROS2_Packages/install/py_Driver/share/py_Driver/hook/pythonpath.sh'
[8.309s] Level 1:colcon.colcon_core.environment:checking '/home/hvalborg2/Desktop/P6_Robot_Driver/ROS2_Packages/install/py_Driver/bin'
[8.310s] Level 1:colcon.colcon_core.environment:create_environment_scripts_only(py_Driver)
[8.311s] INFO:colcon.colcon_core.shell:Creating package script '/home/hvalborg2/Desktop/P6_Robot_Driver/ROS2_Packages/install/py_Driver/share/py_Driver/package.ps1'
[8.315s] INFO:colcon.colcon_core.shell:Creating package descriptor '/home/hvalborg2/Desktop/P6_Robot_Driver/ROS2_Packages/install/py_Driver/share/py_Driver/package.dsv'
[8.318s] INFO:colcon.colcon_core.shell:Creating package script '/home/hvalborg2/Desktop/P6_Robot_Driver/ROS2_Packages/install/py_Driver/share/py_Driver/package.sh'
[8.321s] INFO:colcon.colcon_core.shell:Creating package script '/home/hvalborg2/Desktop/P6_Robot_Driver/ROS2_Packages/install/py_Driver/share/py_Driver/package.bash'
[8.325s] INFO:colcon.colcon_core.shell:Creating package script '/home/hvalborg2/Desktop/P6_Robot_Driver/ROS2_Packages/install/py_Driver/share/py_Driver/package.zsh'
[8.328s] Level 1:colcon.colcon_core.environment:create_file_with_runtime_dependencies(/home/hvalborg2/Desktop/P6_Robot_Driver/ROS2_Packages/install/py_Driver/share/colcon-core/packages/py_Driver)
[8.330s] DEBUG:colcon.colcon_parallel_executor.executor.parallel:closing loop
[8.331s] DEBUG:colcon.colcon_parallel_executor.executor.parallel:loop closed
[8.331s] DEBUG:colcon.colcon_parallel_executor.executor.parallel:run_until_complete finished with '0'
[8.332s] DEBUG:colcon.colcon_core.event_reactor:joining thread
[8.358s] INFO:colcon.colcon_core.plugin_system:Skipping extension 'colcon_notification.desktop_notification.terminal_notifier': Not used on non-Darwin systems
[8.358s] INFO:colcon.colcon_core.plugin_system:Skipping extension 'colcon_notification.desktop_notification.win32': Not used on non-Windows systems
[8.358s] INFO:colcon.colcon_notification.desktop_notification:Sending desktop notification using 'notify2'
[8.364s] DEBUG:colcon.colcon_notification.desktop_notification.notify2:Failed to initialize notify2: org.freedesktop.DBus.Error.ServiceUnknown: The name org.freedesktop.Notifications was not provided by any .service files
[8.364s] DEBUG:colcon.colcon_core.event_reactor:joined thread
[8.366s] INFO:colcon.colcon_core.shell:Creating prefix script '/home/hvalborg2/Desktop/P6_Robot_Driver/ROS2_Packages/install/local_setup.ps1'
[8.370s] INFO:colcon.colcon_core.shell:Creating prefix util module '/home/hvalborg2/Desktop/P6_Robot_Driver/ROS2_Packages/install/_local_setup_util_ps1.py'
[8.377s] INFO:colcon.colcon_core.shell:Creating prefix chain script '/home/hvalborg2/Desktop/P6_Robot_Driver/ROS2_Packages/install/setup.ps1'
[8.392s] INFO:colcon.colcon_core.shell:Creating prefix script '/home/hvalborg2/Desktop/P6_Robot_Driver/ROS2_Packages/install/local_setup.sh'
[8.395s] INFO:colcon.colcon_core.shell:Creating prefix util module '/home/hvalborg2/Desktop/P6_Robot_Driver/ROS2_Packages/install/_local_setup_util_sh.py'
[8.399s] INFO:colcon.colcon_core.shell:Creating prefix chain script '/home/hvalborg2/Desktop/P6_Robot_Driver/ROS2_Packages/install/setup.sh'
[8.411s] INFO:colcon.colcon_core.shell:Creating prefix script '/home/hvalborg2/Desktop/P6_Robot_Driver/ROS2_Packages/install/local_setup.bash'
[8.414s] INFO:colcon.colcon_core.shell:Creating prefix chain script '/home/hvalborg2/Desktop/P6_Robot_Driver/ROS2_Packages/install/setup.bash'
[8.426s] INFO:colcon.colcon_core.shell:Creating prefix script '/home/hvalborg2/Desktop/P6_Robot_Driver/ROS2_Packages/install/local_setup.zsh'
[8.430s] INFO:colcon.colcon_core.shell:Creating prefix chain script '/home/hvalborg2/Desktop/P6_Robot_Driver/ROS2_Packages/install/setup.zsh'
