running egg_info
writing ../../build/py_Driver/py_Driver.egg-info/PKG-INFO
writing dependency_links to ../../build/py_Driver/py_Driver.egg-info/dependency_links.txt
writing entry points to ../../build/py_Driver/py_Driver.egg-info/entry_points.txt
writing requirements to ../../build/py_Driver/py_Driver.egg-info/requires.txt
writing top-level names to ../../build/py_Driver/py_Driver.egg-info/top_level.txt
reading manifest file '../../build/py_Driver/py_Driver.egg-info/SOURCES.txt'
writing manifest file '../../build/py_Driver/py_Driver.egg-info/SOURCES.txt'
running build
running build_py
copying py_Driver/single_control.py -> /home/hvalborg2/Desktop/P6_Robot_Driver/ROS2_Packages/build/py_Driver/build/lib/py_Driver
running install
running install_lib
copying /home/hvalborg2/Desktop/P6_Robot_Driver/ROS2_Packages/build/py_Driver/build/lib/py_Driver/single_control.py -> /home/hvalborg2/Desktop/P6_Robot_Driver/ROS2_Packages/install/py_Driver/lib/python3.10/site-packages/py_Driver
byte-compiling /home/hvalborg2/Desktop/P6_Robot_Driver/ROS2_Packages/install/py_Driver/lib/python3.10/site-packages/py_Driver/single_control.py to single_control.cpython-310.pyc
running install_data
running install_egg_info
removing '/home/hvalborg2/Desktop/P6_Robot_Driver/ROS2_Packages/install/py_Driver/lib/python3.10/site-packages/py_Driver-0.0.0-py3.10.egg-info' (and everything under it)
Copying ../../build/py_Driver/py_Driver.egg-info to /home/hvalborg2/Desktop/P6_Robot_Driver/ROS2_Packages/install/py_Driver/lib/python3.10/site-packages/py_Driver-0.0.0-py3.10.egg-info
running install_scripts
Installing controller script to /home/hvalborg2/Desktop/P6_Robot_Driver/ROS2_Packages/install/py_Driver/lib/py_Driver
Installing routine script to /home/hvalborg2/Desktop/P6_Robot_Driver/ROS2_Packages/install/py_Driver/lib/py_Driver
Installing single_contr script to /home/hvalborg2/Desktop/P6_Robot_Driver/ROS2_Packages/install/py_Driver/lib/py_Driver
Installing wheely script to /home/hvalborg2/Desktop/P6_Robot_Driver/ROS2_Packages/install/py_Driver/lib/py_Driver
writing list of installed files to '/home/hvalborg2/Desktop/P6_Robot_Driver/ROS2_Packages/build/py_Driver/install.log'
