-- The C compiler identification is GNU 11.4.0
-- The CXX compiler identification is GNU 11.4.0
-- Detecting C compiler ABI info
-- Detecting C compiler ABI info - done
-- Check for working C compiler: /usr/bin/cc - skipped
-- Detecting C compile features
-- Detecting C compile features - done
-- Detecting CXX compiler ABI info
-- Detecting CXX compiler ABI info - done
-- Check for working CXX compiler: /usr/bin/c++ - skipped
-- Detecting CXX compile features
-- Detecting CXX compile features - done
-- Found ament_cmake: 1.3.8 (/opt/ros/humble/share/ament_cmake/cmake)
-- Found Python3: /usr/bin/python3 (found version "3.10.12") found components: Interpreter 
-- Found ament_lint_auto: 0.12.10 (/opt/ros/humble/share/ament_lint_auto/cmake)
WARNING: Package name "Driver" does not follow the naming conventions. It should start with a lower case letter and only contain lower case letters, digits, underscores, and dashes.
-- Added test 'cppcheck' to perform static code analysis on C / C++ code
-- Configured cppcheck include dirs: $<BUILD_INTERFACE:/home/hvalborg2/Desktop/P6_Robot_Driver/ROS2_Packages/src/Driver/include>
-- Configured cppcheck exclude dirs and/or files: 
-- Added test 'lint_cmake' to check CMake code style
-- Added test 'uncrustify' to check C / C++ code style
-- Configured uncrustify additional arguments: 
-- Added test 'xmllint' to check XML markup files
-- Configuring done
-- Generating done
-- Build files have been written to: /home/hvalborg2/Desktop/P6_Robot_Driver/ROS2_Packages/build/Driver
[ 50%] [32mBuilding CXX object CMakeFiles/wheely.dir/src/wheely.cpp.o[0m
[100%] [32m[1mLinking CXX executable wheely[0m
[100%] Built target wheely
-- Install configuration: ""
-- Installing: /home/hvalborg2/Desktop/P6_Robot_Driver/ROS2_Packages/install/Driver/lib/Driver/wheely
-- Installing: /home/hvalborg2/Desktop/P6_Robot_Driver/ROS2_Packages/install/Driver/share/ament_index/resource_index/package_run_dependencies/Driver
-- Installing: /home/hvalborg2/Desktop/P6_Robot_Driver/ROS2_Packages/install/Driver/share/ament_index/resource_index/parent_prefix_path/Driver
-- Installing: /home/hvalborg2/Desktop/P6_Robot_Driver/ROS2_Packages/install/Driver/share/Driver/environment/ament_prefix_path.sh
-- Installing: /home/hvalborg2/Desktop/P6_Robot_Driver/ROS2_Packages/install/Driver/share/Driver/environment/ament_prefix_path.dsv
-- Installing: /home/hvalborg2/Desktop/P6_Robot_Driver/ROS2_Packages/install/Driver/share/Driver/environment/path.sh
-- Installing: /home/hvalborg2/Desktop/P6_Robot_Driver/ROS2_Packages/install/Driver/share/Driver/environment/path.dsv
-- Installing: /home/hvalborg2/Desktop/P6_Robot_Driver/ROS2_Packages/install/Driver/share/Driver/local_setup.bash
-- Installing: /home/hvalborg2/Desktop/P6_Robot_Driver/ROS2_Packages/install/Driver/share/Driver/local_setup.sh
-- Installing: /home/hvalborg2/Desktop/P6_Robot_Driver/ROS2_Packages/install/Driver/share/Driver/local_setup.zsh
-- Installing: /home/hvalborg2/Desktop/P6_Robot_Driver/ROS2_Packages/install/Driver/share/Driver/local_setup.dsv
-- Installing: /home/hvalborg2/Desktop/P6_Robot_Driver/ROS2_Packages/install/Driver/share/Driver/package.dsv
-- Installing: /home/hvalborg2/Desktop/P6_Robot_Driver/ROS2_Packages/install/Driver/share/ament_index/resource_index/packages/Driver
-- Installing: /home/hvalborg2/Desktop/P6_Robot_Driver/ROS2_Packages/install/Driver/share/Driver/cmake/DriverConfig.cmake
-- Installing: /home/hvalborg2/Desktop/P6_Robot_Driver/ROS2_Packages/install/Driver/share/Driver/cmake/DriverConfig-version.cmake
-- Installing: /home/hvalborg2/Desktop/P6_Robot_Driver/ROS2_Packages/install/Driver/share/Driver/package.xml
