[0.148s] Invoking command in '/home/hvalborg2/Desktop/P6_Robot_Driver/ROS2_Packages/build/Driver': CMAKE_PREFIX_PATH=${CMAKE_PREFIX_PATH}:/home/hvalborg2/turtlebot3_ws/install/turtlebot3_teleop:/home/hvalborg2/turtlebot3_ws/install/turtlebot3_example:/opt/ros/humble /usr/bin/cmake /home/hvalborg2/Desktop/P6_Robot_Driver/ROS2_Packages/src/Driver -DCMAKE_INSTALL_PREFIX=/home/hvalborg2/Desktop/P6_Robot_Driver/ROS2_Packages/install/Driver
[0.518s] -- The C compiler identification is GNU 11.4.0
[0.905s] -- The CXX compiler identification is GNU 11.4.0
[0.950s] -- Detecting C compiler ABI info
[1.403s] -- Detecting C compiler ABI info - done
[1.446s] -- Check for working C compiler: /usr/bin/cc - skipped
[1.448s] -- Detecting C compile features
[1.450s] -- Detecting C compile features - done
[1.466s] -- Detecting CXX compiler ABI info
[1.988s] -- Detecting CXX compiler ABI info - done
[2.025s] -- Check for working CXX compiler: /usr/bin/c++ - skipped
[2.026s] -- Detecting CXX compile features
[2.028s] -- Detecting CXX compile features - done
[2.071s] -- Found ament_cmake: 1.3.8 (/opt/ros/humble/share/ament_cmake/cmake)
[3.321s] -- Found Python3: /usr/bin/python3 (found version "3.10.12") found components: Interpreter 
[4.333s] -- Found ament_lint_auto: 0.12.10 (/opt/ros/humble/share/ament_lint_auto/cmake)
[4.633s] WARNING: Package name "Driver" does not follow the naming conventions. It should start with a lower case letter and only contain lower case letters, digits, underscores, and dashes.
[4.959s] -- Added test 'cppcheck' to perform static code analysis on C / C++ code
[4.960s] -- Configured cppcheck include dirs: $<BUILD_INTERFACE:/home/hvalborg2/Desktop/P6_Robot_Driver/ROS2_Packages/src/Driver/include>
[4.961s] -- Configured cppcheck exclude dirs and/or files: 
[4.968s] -- Added test 'lint_cmake' to check CMake code style
[4.980s] -- Added test 'uncrustify' to check C / C++ code style
[4.981s] -- Configured uncrustify additional arguments: 
[4.986s] -- Added test 'xmllint' to check XML markup files
[5.002s] -- Configuring done
[5.033s] -- Generating done
[5.039s] -- Build files have been written to: /home/hvalborg2/Desktop/P6_Robot_Driver/ROS2_Packages/build/Driver
[5.058s] Invoked command in '/home/hvalborg2/Desktop/P6_Robot_Driver/ROS2_Packages/build/Driver' returned '0': CMAKE_PREFIX_PATH=${CMAKE_PREFIX_PATH}:/home/hvalborg2/turtlebot3_ws/install/turtlebot3_teleop:/home/hvalborg2/turtlebot3_ws/install/turtlebot3_example:/opt/ros/humble /usr/bin/cmake /home/hvalborg2/Desktop/P6_Robot_Driver/ROS2_Packages/src/Driver -DCMAKE_INSTALL_PREFIX=/home/hvalborg2/Desktop/P6_Robot_Driver/ROS2_Packages/install/Driver
[5.065s] Invoking command in '/home/hvalborg2/Desktop/P6_Robot_Driver/ROS2_Packages/build/Driver': CMAKE_PREFIX_PATH=${CMAKE_PREFIX_PATH}:/home/hvalborg2/turtlebot3_ws/install/turtlebot3_teleop:/home/hvalborg2/turtlebot3_ws/install/turtlebot3_example:/opt/ros/humble /usr/bin/cmake --build /home/hvalborg2/Desktop/P6_Robot_Driver/ROS2_Packages/build/Driver -- -j4 -l4
[5.294s] [ 50%] [32mBuilding CXX object CMakeFiles/wheely.dir/src/wheely.cpp.o[0m
[5.455s] [100%] [32m[1mLinking CXX executable wheely[0m
[5.687s] [100%] Built target wheely
[5.739s] Invoked command in '/home/hvalborg2/Desktop/P6_Robot_Driver/ROS2_Packages/build/Driver' returned '0': CMAKE_PREFIX_PATH=${CMAKE_PREFIX_PATH}:/home/hvalborg2/turtlebot3_ws/install/turtlebot3_teleop:/home/hvalborg2/turtlebot3_ws/install/turtlebot3_example:/opt/ros/humble /usr/bin/cmake --build /home/hvalborg2/Desktop/P6_Robot_Driver/ROS2_Packages/build/Driver -- -j4 -l4
[5.948s] Invoking command in '/home/hvalborg2/Desktop/P6_Robot_Driver/ROS2_Packages/build/Driver': CMAKE_PREFIX_PATH=${CMAKE_PREFIX_PATH}:/home/hvalborg2/turtlebot3_ws/install/turtlebot3_teleop:/home/hvalborg2/turtlebot3_ws/install/turtlebot3_example:/opt/ros/humble /usr/bin/cmake --install /home/hvalborg2/Desktop/P6_Robot_Driver/ROS2_Packages/build/Driver
[5.987s] -- Install configuration: ""
[5.989s] -- Installing: /home/hvalborg2/Desktop/P6_Robot_Driver/ROS2_Packages/install/Driver/lib/Driver/wheely
[5.992s] -- Installing: /home/hvalborg2/Desktop/P6_Robot_Driver/ROS2_Packages/install/Driver/share/ament_index/resource_index/package_run_dependencies/Driver
[5.996s] -- Installing: /home/hvalborg2/Desktop/P6_Robot_Driver/ROS2_Packages/install/Driver/share/ament_index/resource_index/parent_prefix_path/Driver
[5.999s] -- Installing: /home/hvalborg2/Desktop/P6_Robot_Driver/ROS2_Packages/install/Driver/share/Driver/environment/ament_prefix_path.sh
[6.003s] -- Installing: /home/hvalborg2/Desktop/P6_Robot_Driver/ROS2_Packages/install/Driver/share/Driver/environment/ament_prefix_path.dsv
[6.005s] -- Installing: /home/hvalborg2/Desktop/P6_Robot_Driver/ROS2_Packages/install/Driver/share/Driver/environment/path.sh
[6.006s] -- Installing: /home/hvalborg2/Desktop/P6_Robot_Driver/ROS2_Packages/install/Driver/share/Driver/environment/path.dsv
[6.008s] -- Installing: /home/hvalborg2/Desktop/P6_Robot_Driver/ROS2_Packages/install/Driver/share/Driver/local_setup.bash
[6.009s] -- Installing: /home/hvalborg2/Desktop/P6_Robot_Driver/ROS2_Packages/install/Driver/share/Driver/local_setup.sh
[6.011s] -- Installing: /home/hvalborg2/Desktop/P6_Robot_Driver/ROS2_Packages/install/Driver/share/Driver/local_setup.zsh
[6.013s] -- Installing: /home/hvalborg2/Desktop/P6_Robot_Driver/ROS2_Packages/install/Driver/share/Driver/local_setup.dsv
[6.014s] -- Installing: /home/hvalborg2/Desktop/P6_Robot_Driver/ROS2_Packages/install/Driver/share/Driver/package.dsv
[6.017s] -- Installing: /home/hvalborg2/Desktop/P6_Robot_Driver/ROS2_Packages/install/Driver/share/ament_index/resource_index/packages/Driver
[6.019s] -- Installing: /home/hvalborg2/Desktop/P6_Robot_Driver/ROS2_Packages/install/Driver/share/Driver/cmake/DriverConfig.cmake
[6.020s] -- Installing: /home/hvalborg2/Desktop/P6_Robot_Driver/ROS2_Packages/install/Driver/share/Driver/cmake/DriverConfig-version.cmake
[6.022s] -- Installing: /home/hvalborg2/Desktop/P6_Robot_Driver/ROS2_Packages/install/Driver/share/Driver/package.xml
[6.032s] Invoked command in '/home/hvalborg2/Desktop/P6_Robot_Driver/ROS2_Packages/build/Driver' returned '0': CMAKE_PREFIX_PATH=${CMAKE_PREFIX_PATH}:/home/hvalborg2/turtlebot3_ws/install/turtlebot3_teleop:/home/hvalborg2/turtlebot3_ws/install/turtlebot3_example:/opt/ros/humble /usr/bin/cmake --install /home/hvalborg2/Desktop/P6_Robot_Driver/ROS2_Packages/build/Driver
