[3.667s] Invoking command in '/home/hvalborg2/Desktop/P6_Robot_Driver/ROS2_Packages/src/lidar': PYTHONPATH=/home/hvalborg2/Desktop/P6_Robot_Driver/ROS2_Packages/build/lidar/prefix_override:/home/hvalborg2/Desktop/P6_Robot_Driver/ROS2_Packages/install/lidar/lib/python3.10/site-packages:${PYTHONPATH} /usr/bin/python3 -W ignore:setup.py install is deprecated setup.py egg_info --egg-base ../../build/lidar build --build-base /home/hvalborg2/Desktop/P6_Robot_Driver/ROS2_Packages/build/lidar/build install --record /home/hvalborg2/Desktop/P6_Robot_Driver/ROS2_Packages/build/lidar/install.log --single-version-externally-managed install_data
[5.304s] running egg_info
[5.307s] writing ../../build/lidar/lidar.egg-info/PKG-INFO
[5.308s] writing dependency_links to ../../build/lidar/lidar.egg-info/dependency_links.txt
[5.309s] writing entry points to ../../build/lidar/lidar.egg-info/entry_points.txt
[5.311s] writing requirements to ../../build/lidar/lidar.egg-info/requires.txt
[5.311s] writing top-level names to ../../build/lidar/lidar.egg-info/top_level.txt
[5.322s] reading manifest file '../../build/lidar/lidar.egg-info/SOURCES.txt'
[5.324s] adding license file 'LICENSE'
[5.327s] writing manifest file '../../build/lidar/lidar.egg-info/SOURCES.txt'
[5.328s] running build
[5.328s] running build_py
[5.329s] copying lidar/publisher4.py -> /home/hvalborg2/Desktop/P6_Robot_Driver/ROS2_Packages/build/lidar/build/lib/lidar
[5.332s] running install
[5.334s] running install_lib
[5.338s] copying /home/hvalborg2/Desktop/P6_Robot_Driver/ROS2_Packages/build/lidar/build/lib/lidar/publisher4.py -> /home/hvalborg2/Desktop/P6_Robot_Driver/ROS2_Packages/install/lidar/lib/python3.10/site-packages/lidar
[5.342s] byte-compiling /home/hvalborg2/Desktop/P6_Robot_Driver/ROS2_Packages/install/lidar/lib/python3.10/site-packages/lidar/publisher4.py to publisher4.cpython-310.pyc
[5.347s] running install_data
[5.348s] running install_egg_info
[5.355s] removing '/home/hvalborg2/Desktop/P6_Robot_Driver/ROS2_Packages/install/lidar/lib/python3.10/site-packages/lidar-0.0.0-py3.10.egg-info' (and everything under it)
[5.357s] Copying ../../build/lidar/lidar.egg-info to /home/hvalborg2/Desktop/P6_Robot_Driver/ROS2_Packages/install/lidar/lib/python3.10/site-packages/lidar-0.0.0-py3.10.egg-info
[5.363s] running install_scripts
[5.454s] Installing listener script to /home/hvalborg2/Desktop/P6_Robot_Driver/ROS2_Packages/install/lidar/lib/lidar
[5.455s] Installing talker script to /home/hvalborg2/Desktop/P6_Robot_Driver/ROS2_Packages/install/lidar/lib/lidar
[5.457s] writing list of installed files to '/home/hvalborg2/Desktop/P6_Robot_Driver/ROS2_Packages/build/lidar/install.log'
[5.571s] Invoked command in '/home/hvalborg2/Desktop/P6_Robot_Driver/ROS2_Packages/src/lidar' returned '0': PYTHONPATH=/home/hvalborg2/Desktop/P6_Robot_Driver/ROS2_Packages/build/lidar/prefix_override:/home/hvalborg2/Desktop/P6_Robot_Driver/ROS2_Packages/install/lidar/lib/python3.10/site-packages:${PYTHONPATH} /usr/bin/python3 -W ignore:setup.py install is deprecated setup.py egg_info --egg-base ../../build/lidar build --build-base /home/hvalborg2/Desktop/P6_Robot_Driver/ROS2_Packages/build/lidar/build install --record /home/hvalborg2/Desktop/P6_Robot_Driver/ROS2_Packages/build/lidar/install.log --single-version-externally-managed install_data
