[0.624s] DEBUG:colcon:Command line arguments: ['/usr/bin/colcon', 'build', '--packages-select', 'py_Driver']
[0.625s] DEBUG:colcon:Parsed command line arguments: Namespace(log_base=None, log_level=None, verb_name='build', build_base='build', install_base='install', merge_install=False, symlink_install=False, test_result_base=None, continue_on_error=False, executor='parallel', parallel_workers=4, event_handlers=None, ignore_user_meta=False, metas=['./colcon.meta'], base_paths=['.'], packages_ignore=None, packages_ignore_regex=None, paths=None, packages_up_to=None, packages_up_to_regex=None, packages_above=None, packages_above_and_dependencies=None, packages_above_depth=None, packages_select_by_dep=None, packages_skip_by_dep=None, packages_skip_up_to=None, packages_select_build_failed=False, packages_skip_build_finished=False, packages_select_test_failures=False, packages_skip_test_passed=False, packages_select=['py_Driver'], packages_skip=None, packages_select_regex=None, packages_skip_regex=None, packages_start=None, packages_end=None, allow_overriding=[], cmake_args=None, cmake_target=None, cmake_target_skip_unavailable=False, cmake_clean_cache=False, cmake_clean_first=False, cmake_force_configure=False, ament_cmake_args=None, catkin_cmake_args=None, catkin_skip_building_tests=False, verb_parser=<colcon_defaults.argument_parser.defaults.DefaultArgumentsDecorator object at 0xffff951f4c40>, verb_extension=<colcon_core.verb.build.BuildVerb object at 0xffff95309810>, main=<bound method BuildVerb.main of <colcon_core.verb.build.BuildVerb object at 0xffff95309810>>)
[1.809s] Level 1:colcon.colcon_core.package_discovery:discover_packages(colcon_meta) check parameters
[1.810s] Level 1:colcon.colcon_core.package_discovery:discover_packages(recursive) check parameters
[1.810s] Level 1:colcon.colcon_core.package_discovery:discover_packages(ignore) check parameters
[1.810s] Level 1:colcon.colcon_core.package_discovery:discover_packages(path) check parameters
[1.810s] Level 1:colcon.colcon_core.package_discovery:discover_packages(colcon_meta) discover
[1.811s] Level 1:colcon.colcon_core.package_discovery:discover_packages(recursive) discover
[1.811s] INFO:colcon.colcon_core.package_discovery:Crawling recursively for packages in '/home/hvalborg2/Desktop/P6_Robot_Driver/ROS2_Packages'
[1.811s] Level 1:colcon.colcon_core.package_identification:_identify(.) by extensions ['ignore', 'ignore_ament_install']
[1.812s] Level 1:colcon.colcon_core.package_identification:_identify(.) by extension 'ignore'
[1.812s] Level 1:colcon.colcon_core.package_identification:_identify(.) by extension 'ignore_ament_install'
[1.813s] Level 1:colcon.colcon_core.package_identification:_identify(.) by extensions ['colcon_pkg']
[1.813s] Level 1:colcon.colcon_core.package_identification:_identify(.) by extension 'colcon_pkg'
[1.813s] Level 1:colcon.colcon_core.package_identification:_identify(.) by extensions ['colcon_meta']
[1.813s] Level 1:colcon.colcon_core.package_identification:_identify(.) by extension 'colcon_meta'
[1.813s] Level 1:colcon.colcon_core.package_identification:_identify(.) by extensions ['ros']
[1.813s] Level 1:colcon.colcon_core.package_identification:_identify(.) by extension 'ros'
[1.880s] Level 1:colcon.colcon_core.package_identification:_identify(.) by extensions ['cmake', 'python']
[1.880s] Level 1:colcon.colcon_core.package_identification:_identify(.) by extension 'cmake'
[1.880s] Level 1:colcon.colcon_core.package_identification:_identify(.) by extension 'python'
[1.881s] Level 1:colcon.colcon_core.package_identification:_identify(.) by extensions ['python_setup_py']
[1.881s] Level 1:colcon.colcon_core.package_identification:_identify(.) by extension 'python_setup_py'
[1.882s] Level 1:colcon.colcon_core.package_identification:_identify(build) by extensions ['ignore', 'ignore_ament_install']
[1.882s] Level 1:colcon.colcon_core.package_identification:_identify(build) by extension 'ignore'
[1.882s] Level 1:colcon.colcon_core.package_identification:_identify(build) ignored
[1.883s] Level 1:colcon.colcon_core.package_identification:_identify(install) by extensions ['ignore', 'ignore_ament_install']
[1.884s] Level 1:colcon.colcon_core.package_identification:_identify(install) by extension 'ignore'
[1.884s] Level 1:colcon.colcon_core.package_identification:_identify(install) ignored
[1.886s] Level 1:colcon.colcon_core.package_identification:_identify(log) by extensions ['ignore', 'ignore_ament_install']
[1.886s] Level 1:colcon.colcon_core.package_identification:_identify(log) by extension 'ignore'
[1.887s] Level 1:colcon.colcon_core.package_identification:_identify(log) ignored
[1.887s] Level 1:colcon.colcon_core.package_identification:_identify(src) by extensions ['ignore', 'ignore_ament_install']
[1.888s] Level 1:colcon.colcon_core.package_identification:_identify(src) by extension 'ignore'
[1.888s] Level 1:colcon.colcon_core.package_identification:_identify(src) by extension 'ignore_ament_install'
[1.888s] Level 1:colcon.colcon_core.package_identification:_identify(src) by extensions ['colcon_pkg']
[1.888s] Level 1:colcon.colcon_core.package_identification:_identify(src) by extension 'colcon_pkg'
[1.889s] Level 1:colcon.colcon_core.package_identification:_identify(src) by extensions ['colcon_meta']
[1.889s] Level 1:colcon.colcon_core.package_identification:_identify(src) by extension 'colcon_meta'
[1.889s] Level 1:colcon.colcon_core.package_identification:_identify(src) by extensions ['ros']
[1.889s] Level 1:colcon.colcon_core.package_identification:_identify(src) by extension 'ros'
[1.889s] Level 1:colcon.colcon_core.package_identification:_identify(src) by extensions ['cmake', 'python']
[1.890s] Level 1:colcon.colcon_core.package_identification:_identify(src) by extension 'cmake'
[1.890s] Level 1:colcon.colcon_core.package_identification:_identify(src) by extension 'python'
[1.890s] Level 1:colcon.colcon_core.package_identification:_identify(src) by extensions ['python_setup_py']
[1.890s] Level 1:colcon.colcon_core.package_identification:_identify(src) by extension 'python_setup_py'
[1.891s] Level 1:colcon.colcon_core.package_identification:_identify(src/bones) by extensions ['ignore', 'ignore_ament_install']
[1.891s] Level 1:colcon.colcon_core.package_identification:_identify(src/bones) by extension 'ignore'
[1.891s] Level 1:colcon.colcon_core.package_identification:_identify(src/bones) by extension 'ignore_ament_install'
[1.892s] Level 1:colcon.colcon_core.package_identification:_identify(src/bones) by extensions ['colcon_pkg']
[1.892s] Level 1:colcon.colcon_core.package_identification:_identify(src/bones) by extension 'colcon_pkg'
[1.892s] Level 1:colcon.colcon_core.package_identification:_identify(src/bones) by extensions ['colcon_meta']
[1.892s] Level 1:colcon.colcon_core.package_identification:_identify(src/bones) by extension 'colcon_meta'
[1.892s] Level 1:colcon.colcon_core.package_identification:_identify(src/bones) by extensions ['ros']
[1.893s] Level 1:colcon.colcon_core.package_identification:_identify(src/bones) by extension 'ros'
[1.902s] DEBUG:colcon.colcon_core.package_identification:Package 'src/bones' with type 'ros.ament_cmake' and name 'bones'
[1.902s] Level 1:colcon.colcon_core.package_identification:_identify(src/camera_pack) by extensions ['ignore', 'ignore_ament_install']
[1.903s] Level 1:colcon.colcon_core.package_identification:_identify(src/camera_pack) by extension 'ignore'
[1.903s] Level 1:colcon.colcon_core.package_identification:_identify(src/camera_pack) by extension 'ignore_ament_install'
[1.903s] Level 1:colcon.colcon_core.package_identification:_identify(src/camera_pack) by extensions ['colcon_pkg']
[1.903s] Level 1:colcon.colcon_core.package_identification:_identify(src/camera_pack) by extension 'colcon_pkg'
[1.904s] Level 1:colcon.colcon_core.package_identification:_identify(src/camera_pack) by extensions ['colcon_meta']
[1.904s] Level 1:colcon.colcon_core.package_identification:_identify(src/camera_pack) by extension 'colcon_meta'
[1.904s] Level 1:colcon.colcon_core.package_identification:_identify(src/camera_pack) by extensions ['ros']
[1.904s] Level 1:colcon.colcon_core.package_identification:_identify(src/camera_pack) by extension 'ros'
[1.906s] DEBUG:colcon.colcon_core.package_identification:Package 'src/camera_pack' with type 'ros.ament_cmake' and name 'camera_pack'
[1.907s] Level 1:colcon.colcon_core.package_identification:_identify(src/lidar) by extensions ['ignore', 'ignore_ament_install']
[1.907s] Level 1:colcon.colcon_core.package_identification:_identify(src/lidar) by extension 'ignore'
[1.907s] Level 1:colcon.colcon_core.package_identification:_identify(src/lidar) by extension 'ignore_ament_install'
[1.908s] Level 1:colcon.colcon_core.package_identification:_identify(src/lidar) by extensions ['colcon_pkg']
[1.908s] Level 1:colcon.colcon_core.package_identification:_identify(src/lidar) by extension 'colcon_pkg'
[1.908s] Level 1:colcon.colcon_core.package_identification:_identify(src/lidar) by extensions ['colcon_meta']
[1.908s] Level 1:colcon.colcon_core.package_identification:_identify(src/lidar) by extension 'colcon_meta'
[1.908s] Level 1:colcon.colcon_core.package_identification:_identify(src/lidar) by extensions ['ros']
[1.909s] Level 1:colcon.colcon_core.package_identification:_identify(src/lidar) by extension 'ros'
[1.911s] DEBUG:colcon.colcon_core.package_identification:Package 'src/lidar' with type 'ros.ament_python' and name 'lidar'
[1.912s] Level 1:colcon.colcon_core.package_identification:_identify(src/pubsub) by extensions ['ignore', 'ignore_ament_install']
[1.912s] Level 1:colcon.colcon_core.package_identification:_identify(src/pubsub) by extension 'ignore'
[1.913s] Level 1:colcon.colcon_core.package_identification:_identify(src/pubsub) by extension 'ignore_ament_install'
[1.913s] Level 1:colcon.colcon_core.package_identification:_identify(src/pubsub) by extensions ['colcon_pkg']
[1.913s] Level 1:colcon.colcon_core.package_identification:_identify(src/pubsub) by extension 'colcon_pkg'
[1.913s] Level 1:colcon.colcon_core.package_identification:_identify(src/pubsub) by extensions ['colcon_meta']
[1.913s] Level 1:colcon.colcon_core.package_identification:_identify(src/pubsub) by extension 'colcon_meta'
[1.914s] Level 1:colcon.colcon_core.package_identification:_identify(src/pubsub) by extensions ['ros']
[1.914s] Level 1:colcon.colcon_core.package_identification:_identify(src/pubsub) by extension 'ros'
[1.916s] DEBUG:colcon.colcon_core.package_identification:Package 'src/pubsub' with type 'ros.ament_cmake' and name 'pubsub'
[1.916s] Level 1:colcon.colcon_core.package_identification:_identify(src/py_Driver) by extensions ['ignore', 'ignore_ament_install']
[1.917s] Level 1:colcon.colcon_core.package_identification:_identify(src/py_Driver) by extension 'ignore'
[1.917s] Level 1:colcon.colcon_core.package_identification:_identify(src/py_Driver) by extension 'ignore_ament_install'
[1.917s] Level 1:colcon.colcon_core.package_identification:_identify(src/py_Driver) by extensions ['colcon_pkg']
[1.917s] Level 1:colcon.colcon_core.package_identification:_identify(src/py_Driver) by extension 'colcon_pkg'
[1.918s] Level 1:colcon.colcon_core.package_identification:_identify(src/py_Driver) by extensions ['colcon_meta']
[1.918s] Level 1:colcon.colcon_core.package_identification:_identify(src/py_Driver) by extension 'colcon_meta'
[1.918s] Level 1:colcon.colcon_core.package_identification:_identify(src/py_Driver) by extensions ['ros']
[1.918s] Level 1:colcon.colcon_core.package_identification:_identify(src/py_Driver) by extension 'ros'
[1.920s] DEBUG:colcon.colcon_core.package_identification:Package 'src/py_Driver' with type 'ros.ament_python' and name 'py_Driver'
[1.921s] Level 1:colcon.colcon_core.package_discovery:discover_packages(recursive) using defaults
[1.921s] Level 1:colcon.colcon_core.package_discovery:discover_packages(ignore) discover
[1.921s] Level 1:colcon.colcon_core.package_discovery:discover_packages(ignore) using defaults
[1.921s] Level 1:colcon.colcon_core.package_discovery:discover_packages(path) discover
[1.921s] Level 1:colcon.colcon_core.package_discovery:discover_packages(path) using defaults
[2.010s] INFO:colcon.colcon_core.package_selection:Skipping not selected package 'bones' in 'src/bones'
[2.011s] INFO:colcon.colcon_core.package_selection:Skipping not selected package 'camera_pack' in 'src/camera_pack'
[2.011s] INFO:colcon.colcon_core.package_selection:Skipping not selected package 'lidar' in 'src/lidar'
[2.011s] INFO:colcon.colcon_core.package_selection:Skipping not selected package 'pubsub' in 'src/pubsub'
[2.013s] Level 1:colcon.colcon_core.package_discovery:discover_packages(prefix_path) check parameters
[2.013s] Level 1:colcon.colcon_core.package_discovery:discover_packages(prefix_path) discover
[2.027s] DEBUG:colcon.colcon_installed_package_information.package_discovery:Found 6 installed packages in /home/hvalborg2/Desktop/P6_Robot_Driver/ROS2_Packages/install
[2.031s] DEBUG:colcon.colcon_installed_package_information.package_discovery:Found 7 installed packages in /home/hvalborg2/turtlebot3_ws/install
[2.042s] DEBUG:colcon.colcon_installed_package_information.package_discovery:Found 273 installed packages in /opt/ros/humble
[2.090s] Level 1:colcon.colcon_core.package_discovery:discover_packages(prefix_path) using defaults
[2.288s] Level 5:colcon.colcon_core.verb:set package 'py_Driver' build argument 'cmake_args' from command line to 'None'
[2.288s] Level 5:colcon.colcon_core.verb:set package 'py_Driver' build argument 'cmake_target' from command line to 'None'
[2.289s] Level 5:colcon.colcon_core.verb:set package 'py_Driver' build argument 'cmake_target_skip_unavailable' from command line to 'False'
[2.289s] Level 5:colcon.colcon_core.verb:set package 'py_Driver' build argument 'cmake_clean_cache' from command line to 'False'
[2.289s] Level 5:colcon.colcon_core.verb:set package 'py_Driver' build argument 'cmake_clean_first' from command line to 'False'
[2.289s] Level 5:colcon.colcon_core.verb:set package 'py_Driver' build argument 'cmake_force_configure' from command line to 'False'
[2.289s] Level 5:colcon.colcon_core.verb:set package 'py_Driver' build argument 'ament_cmake_args' from command line to 'None'
[2.290s] Level 5:colcon.colcon_core.verb:set package 'py_Driver' build argument 'catkin_cmake_args' from command line to 'None'
[2.290s] Level 5:colcon.colcon_core.verb:set package 'py_Driver' build argument 'catkin_skip_building_tests' from command line to 'False'
[2.290s] DEBUG:colcon.colcon_core.verb:Building package 'py_Driver' with the following arguments: {'ament_cmake_args': None, 'build_base': '/home/hvalborg2/Desktop/P6_Robot_Driver/ROS2_Packages/build/py_Driver', 'catkin_cmake_args': None, 'catkin_skip_building_tests': False, 'cmake_args': None, 'cmake_clean_cache': False, 'cmake_clean_first': False, 'cmake_force_configure': False, 'cmake_target': None, 'cmake_target_skip_unavailable': False, 'install_base': '/home/hvalborg2/Desktop/P6_Robot_Driver/ROS2_Packages/install/py_Driver', 'merge_install': False, 'path': '/home/hvalborg2/Desktop/P6_Robot_Driver/ROS2_Packages/src/py_Driver', 'symlink_install': False, 'test_result_base': None}
[2.291s] INFO:colcon.colcon_core.executor:Executing jobs using 'parallel' executor
[2.296s] DEBUG:colcon.colcon_parallel_executor.executor.parallel:run_until_complete
[2.297s] INFO:colcon.colcon_ros.task.ament_python.build:Building ROS package in '/home/hvalborg2/Desktop/P6_Robot_Driver/ROS2_Packages/src/py_Driver' with build type 'ament_python'
[2.298s] Level 1:colcon.colcon_core.shell:create_environment_hook('py_Driver', 'ament_prefix_path')
[2.312s] INFO:colcon.colcon_core.plugin_system:Skipping extension 'colcon_core.shell.bat': Not used on non-Windows systems
[2.313s] INFO:colcon.colcon_core.shell:Creating environment hook '/home/hvalborg2/Desktop/P6_Robot_Driver/ROS2_Packages/install/py_Driver/share/py_Driver/hook/ament_prefix_path.ps1'
[2.317s] INFO:colcon.colcon_core.shell:Creating environment descriptor '/home/hvalborg2/Desktop/P6_Robot_Driver/ROS2_Packages/install/py_Driver/share/py_Driver/hook/ament_prefix_path.dsv'
[2.320s] INFO:colcon.colcon_core.shell:Creating environment hook '/home/hvalborg2/Desktop/P6_Robot_Driver/ROS2_Packages/install/py_Driver/share/py_Driver/hook/ament_prefix_path.sh'
[2.324s] INFO:colcon.colcon_core.shell:Skip shell extension 'powershell' for command environment: Not usable outside of PowerShell
[2.325s] DEBUG:colcon.colcon_core.shell:Skip shell extension 'dsv' for command environment
[4.103s] INFO:colcon.colcon_core.task.python.build:Building Python package in '/home/hvalborg2/Desktop/P6_Robot_Driver/ROS2_Packages/src/py_Driver'
[4.104s] INFO:colcon.colcon_core.shell:Skip shell extension 'powershell' for command environment: Not usable outside of PowerShell
[4.104s] DEBUG:colcon.colcon_core.shell:Skip shell extension 'dsv' for command environment
[6.158s] DEBUG:colcon.colcon_core.event_handler.log_command:Invoking command in '/home/hvalborg2/Desktop/P6_Robot_Driver/ROS2_Packages/src/py_Driver': PYTHONPATH=/home/hvalborg2/Desktop/P6_Robot_Driver/ROS2_Packages/build/py_Driver/prefix_override:/home/hvalborg2/Desktop/P6_Robot_Driver/ROS2_Packages/install/py_Driver/lib/python3.10/site-packages:${PYTHONPATH} /usr/bin/python3 -W ignore:setup.py install is deprecated setup.py egg_info --egg-base ../../build/py_Driver build --build-base /home/hvalborg2/Desktop/P6_Robot_Driver/ROS2_Packages/build/py_Driver/build install --record /home/hvalborg2/Desktop/P6_Robot_Driver/ROS2_Packages/build/py_Driver/install.log --single-version-externally-managed install_data
[8.364s] DEBUG:colcon.colcon_core.event_handler.log_command:Invoked command in '/home/hvalborg2/Desktop/P6_Robot_Driver/ROS2_Packages/src/py_Driver' returned '0': PYTHONPATH=/home/hvalborg2/Desktop/P6_Robot_Driver/ROS2_Packages/build/py_Driver/prefix_override:/home/hvalborg2/Desktop/P6_Robot_Driver/ROS2_Packages/install/py_Driver/lib/python3.10/site-packages:${PYTHONPATH} /usr/bin/python3 -W ignore:setup.py install is deprecated setup.py egg_info --egg-base ../../build/py_Driver build --build-base /home/hvalborg2/Desktop/P6_Robot_Driver/ROS2_Packages/build/py_Driver/build install --record /home/hvalborg2/Desktop/P6_Robot_Driver/ROS2_Packages/build/py_Driver/install.log --single-version-externally-managed install_data
[8.380s] Level 1:colcon.colcon_core.environment:checking '/home/hvalborg2/Desktop/P6_Robot_Driver/ROS2_Packages/install/py_Driver' for CMake module files
[8.383s] Level 1:colcon.colcon_core.environment:checking '/home/hvalborg2/Desktop/P6_Robot_Driver/ROS2_Packages/install/py_Driver' for CMake config files
[8.390s] Level 1:colcon.colcon_core.environment:checking '/home/hvalborg2/Desktop/P6_Robot_Driver/ROS2_Packages/install/py_Driver/lib'
[8.392s] Level 1:colcon.colcon_core.environment:checking '/home/hvalborg2/Desktop/P6_Robot_Driver/ROS2_Packages/install/py_Driver/bin'
[8.393s] Level 1:colcon.colcon_core.environment:checking '/home/hvalborg2/Desktop/P6_Robot_Driver/ROS2_Packages/install/py_Driver/lib/pkgconfig/py_Driver.pc'
[8.395s] Level 1:colcon.colcon_core.environment:checking '/home/hvalborg2/Desktop/P6_Robot_Driver/ROS2_Packages/install/py_Driver/lib/python3.10/site-packages'
[8.396s] Level 1:colcon.colcon_core.shell:create_environment_hook('py_Driver', 'pythonpath')
[8.397s] INFO:colcon.colcon_core.shell:Creating environment hook '/home/hvalborg2/Desktop/P6_Robot_Driver/ROS2_Packages/install/py_Driver/share/py_Driver/hook/pythonpath.ps1'
[8.401s] INFO:colcon.colcon_core.shell:Creating environment descriptor '/home/hvalborg2/Desktop/P6_Robot_Driver/ROS2_Packages/install/py_Driver/share/py_Driver/hook/pythonpath.dsv'
[8.404s] INFO:colcon.colcon_core.shell:Creating environment hook '/home/hvalborg2/Desktop/P6_Robot_Driver/ROS2_Packages/install/py_Driver/share/py_Driver/hook/pythonpath.sh'
[8.408s] Level 1:colcon.colcon_core.environment:checking '/home/hvalborg2/Desktop/P6_Robot_Driver/ROS2_Packages/install/py_Driver/bin'
[8.409s] Level 1:colcon.colcon_core.environment:create_environment_scripts_only(py_Driver)
[8.411s] INFO:colcon.colcon_core.shell:Creating package script '/home/hvalborg2/Desktop/P6_Robot_Driver/ROS2_Packages/install/py_Driver/share/py_Driver/package.ps1'
[8.417s] INFO:colcon.colcon_core.shell:Creating package descriptor '/home/hvalborg2/Desktop/P6_Robot_Driver/ROS2_Packages/install/py_Driver/share/py_Driver/package.dsv'
[8.420s] INFO:colcon.colcon_core.shell:Creating package script '/home/hvalborg2/Desktop/P6_Robot_Driver/ROS2_Packages/install/py_Driver/share/py_Driver/package.sh'
[8.425s] INFO:colcon.colcon_core.shell:Creating package script '/home/hvalborg2/Desktop/P6_Robot_Driver/ROS2_Packages/install/py_Driver/share/py_Driver/package.bash'
[8.428s] INFO:colcon.colcon_core.shell:Creating package script '/home/hvalborg2/Desktop/P6_Robot_Driver/ROS2_Packages/install/py_Driver/share/py_Driver/package.zsh'
[8.432s] Level 1:colcon.colcon_core.environment:create_file_with_runtime_dependencies(/home/hvalborg2/Desktop/P6_Robot_Driver/ROS2_Packages/install/py_Driver/share/colcon-core/packages/py_Driver)
[8.434s] DEBUG:colcon.colcon_parallel_executor.executor.parallel:closing loop
[8.435s] DEBUG:colcon.colcon_parallel_executor.executor.parallel:loop closed
[8.435s] DEBUG:colcon.colcon_parallel_executor.executor.parallel:run_until_complete finished with '0'
[8.436s] DEBUG:colcon.colcon_core.event_reactor:joining thread
[8.464s] INFO:colcon.colcon_core.plugin_system:Skipping extension 'colcon_notification.desktop_notification.terminal_notifier': Not used on non-Darwin systems
[8.465s] INFO:colcon.colcon_core.plugin_system:Skipping extension 'colcon_notification.desktop_notification.win32': Not used on non-Windows systems
[8.465s] INFO:colcon.colcon_notification.desktop_notification:Sending desktop notification using 'notify2'
[8.471s] DEBUG:colcon.colcon_notification.desktop_notification.notify2:Failed to initialize notify2: org.freedesktop.DBus.Error.ServiceUnknown: The name org.freedesktop.Notifications was not provided by any .service files
[8.471s] DEBUG:colcon.colcon_core.event_reactor:joined thread
[8.472s] INFO:colcon.colcon_core.shell:Creating prefix script '/home/hvalborg2/Desktop/P6_Robot_Driver/ROS2_Packages/install/local_setup.ps1'
[8.476s] INFO:colcon.colcon_core.shell:Creating prefix util module '/home/hvalborg2/Desktop/P6_Robot_Driver/ROS2_Packages/install/_local_setup_util_ps1.py'
[8.482s] INFO:colcon.colcon_core.shell:Creating prefix chain script '/home/hvalborg2/Desktop/P6_Robot_Driver/ROS2_Packages/install/setup.ps1'
[8.492s] INFO:colcon.colcon_core.shell:Creating prefix script '/home/hvalborg2/Desktop/P6_Robot_Driver/ROS2_Packages/install/local_setup.sh'
[8.495s] INFO:colcon.colcon_core.shell:Creating prefix util module '/home/hvalborg2/Desktop/P6_Robot_Driver/ROS2_Packages/install/_local_setup_util_sh.py'
[8.498s] INFO:colcon.colcon_core.shell:Creating prefix chain script '/home/hvalborg2/Desktop/P6_Robot_Driver/ROS2_Packages/install/setup.sh'
[8.507s] INFO:colcon.colcon_core.shell:Creating prefix script '/home/hvalborg2/Desktop/P6_Robot_Driver/ROS2_Packages/install/local_setup.bash'
[8.509s] INFO:colcon.colcon_core.shell:Creating prefix chain script '/home/hvalborg2/Desktop/P6_Robot_Driver/ROS2_Packages/install/setup.bash'
[8.519s] INFO:colcon.colcon_core.shell:Creating prefix script '/home/hvalborg2/Desktop/P6_Robot_Driver/ROS2_Packages/install/local_setup.zsh'
[8.522s] INFO:colcon.colcon_core.shell:Creating prefix chain script '/home/hvalborg2/Desktop/P6_Robot_Driver/ROS2_Packages/install/setup.zsh'
