[3.744s] Invoking command in '/home/hvalborg2/Desktop/P6_Robot_Driver/ROS2_Packages/src/py_Driver': PYTHONPATH=/home/hvalborg2/Desktop/P6_Robot_Driver/ROS2_Packages/build/py_Driver/prefix_override:/home/hvalborg2/Desktop/P6_Robot_Driver/ROS2_Packages/install/py_Driver/lib/python3.10/site-packages:${PYTHONPATH} /usr/bin/python3 -W ignore:setup.py install is deprecated setup.py egg_info --egg-base ../../build/py_Driver build --build-base /home/hvalborg2/Desktop/P6_Robot_Driver/ROS2_Packages/build/py_Driver/build install --record /home/hvalborg2/Desktop/P6_Robot_Driver/ROS2_Packages/build/py_Driver/install.log --single-version-externally-managed install_data
[5.011s] running egg_info
[5.014s] writing ../../build/py_Driver/py_Driver.egg-info/PKG-INFO
[5.015s] writing dependency_links to ../../build/py_Driver/py_Driver.egg-info/dependency_links.txt
[5.016s] writing entry points to ../../build/py_Driver/py_Driver.egg-info/entry_points.txt
[5.017s] writing requirements to ../../build/py_Driver/py_Driver.egg-info/requires.txt
[5.018s] writing top-level names to ../../build/py_Driver/py_Driver.egg-info/top_level.txt
[5.027s] reading manifest file '../../build/py_Driver/py_Driver.egg-info/SOURCES.txt'
[5.032s] writing manifest file '../../build/py_Driver/py_Driver.egg-info/SOURCES.txt'
[5.033s] running build
[5.033s] running build_py
[5.036s] running install
[5.038s] running install_lib
[5.046s] running install_data
[5.047s] running install_egg_info
[5.055s] removing '/home/hvalborg2/Desktop/P6_Robot_Driver/ROS2_Packages/install/py_Driver/lib/python3.10/site-packages/py_Driver-0.0.0-py3.10.egg-info' (and everything under it)
[5.057s] Copying ../../build/py_Driver/py_Driver.egg-info to /home/hvalborg2/Desktop/P6_Robot_Driver/ROS2_Packages/install/py_Driver/lib/python3.10/site-packages/py_Driver-0.0.0-py3.10.egg-info
[5.064s] running install_scripts
[5.158s] Installing controller script to /home/hvalborg2/Desktop/P6_Robot_Driver/ROS2_Packages/install/py_Driver/lib/py_Driver
[5.159s] Installing extra_contr script to /home/hvalborg2/Desktop/P6_Robot_Driver/ROS2_Packages/install/py_Driver/lib/py_Driver
[5.160s] Installing routine script to /home/hvalborg2/Desktop/P6_Robot_Driver/ROS2_Packages/install/py_Driver/lib/py_Driver
[5.161s] Installing single_contr script to /home/hvalborg2/Desktop/P6_Robot_Driver/ROS2_Packages/install/py_Driver/lib/py_Driver
[5.162s] Installing wheely script to /home/hvalborg2/Desktop/P6_Robot_Driver/ROS2_Packages/install/py_Driver/lib/py_Driver
[5.164s] writing list of installed files to '/home/hvalborg2/Desktop/P6_Robot_Driver/ROS2_Packages/build/py_Driver/install.log'
[5.285s] Invoked command in '/home/hvalborg2/Desktop/P6_Robot_Driver/ROS2_Packages/src/py_Driver' returned '0': PYTHONPATH=/home/hvalborg2/Desktop/P6_Robot_Driver/ROS2_Packages/build/py_Driver/prefix_override:/home/hvalborg2/Desktop/P6_Robot_Driver/ROS2_Packages/install/py_Driver/lib/python3.10/site-packages:${PYTHONPATH} /usr/bin/python3 -W ignore:setup.py install is deprecated setup.py egg_info --egg-base ../../build/py_Driver build --build-base /home/hvalborg2/Desktop/P6_Robot_Driver/ROS2_Packages/build/py_Driver/build install --record /home/hvalborg2/Desktop/P6_Robot_Driver/ROS2_Packages/build/py_Driver/install.log --single-version-externally-managed install_data
