[3.698s] Invoking command in '/home/hvalborg2/Desktop/P6_Robot_Driver/ROS2_Packages/src/lidar': PYTHONPATH=/home/hvalborg2/Desktop/P6_Robot_Driver/ROS2_Packages/build/lidar/prefix_override:/home/hvalborg2/Desktop/P6_Robot_Driver/ROS2_Packages/install/lidar/lib/python3.10/site-packages:${PYTHONPATH} /usr/bin/python3 -W ignore:setup.py install is deprecated setup.py egg_info --egg-base ../../build/lidar build --build-base /home/hvalborg2/Desktop/P6_Robot_Driver/ROS2_Packages/build/lidar/build install --record /home/hvalborg2/Desktop/P6_Robot_Driver/ROS2_Packages/build/lidar/install.log --single-version-externally-managed install_data
[5.253s] running egg_info
[5.256s] writing ../../build/lidar/lidar.egg-info/PKG-INFO
[5.257s] writing dependency_links to ../../build/lidar/lidar.egg-info/dependency_links.txt
[5.258s] writing entry points to ../../build/lidar/lidar.egg-info/entry_points.txt
[5.259s] writing requirements to ../../build/lidar/lidar.egg-info/requires.txt
[5.260s] writing top-level names to ../../build/lidar/lidar.egg-info/top_level.txt
[5.269s] reading manifest file '../../build/lidar/lidar.egg-info/SOURCES.txt'
[5.271s] adding license file 'LICENSE'
[5.274s] writing manifest file '../../build/lidar/lidar.egg-info/SOURCES.txt'
[5.275s] running build
[5.275s] running build_py
[5.277s] copying lidar/publisher3.py -> /home/hvalborg2/Desktop/P6_Robot_Driver/ROS2_Packages/build/lidar/build/lib/lidar
[5.279s] running install
[5.280s] running install_lib
[5.286s] copying /home/hvalborg2/Desktop/P6_Robot_Driver/ROS2_Packages/build/lidar/build/lib/lidar/publisher3.py -> /home/hvalborg2/Desktop/P6_Robot_Driver/ROS2_Packages/install/lidar/lib/python3.10/site-packages/lidar
[5.290s] byte-compiling /home/hvalborg2/Desktop/P6_Robot_Driver/ROS2_Packages/install/lidar/lib/python3.10/site-packages/lidar/publisher3.py to publisher3.cpython-310.pyc
[5.294s] running install_data
[5.295s] running install_egg_info
[5.302s] removing '/home/hvalborg2/Desktop/P6_Robot_Driver/ROS2_Packages/install/lidar/lib/python3.10/site-packages/lidar-0.0.0-py3.10.egg-info' (and everything under it)
[5.304s] Copying ../../build/lidar/lidar.egg-info to /home/hvalborg2/Desktop/P6_Robot_Driver/ROS2_Packages/install/lidar/lib/python3.10/site-packages/lidar-0.0.0-py3.10.egg-info
[5.310s] running install_scripts
[5.423s] Installing listener script to /home/hvalborg2/Desktop/P6_Robot_Driver/ROS2_Packages/install/lidar/lib/lidar
[5.424s] Installing talker script to /home/hvalborg2/Desktop/P6_Robot_Driver/ROS2_Packages/install/lidar/lib/lidar
[5.428s] writing list of installed files to '/home/hvalborg2/Desktop/P6_Robot_Driver/ROS2_Packages/build/lidar/install.log'
[5.603s] Invoked command in '/home/hvalborg2/Desktop/P6_Robot_Driver/ROS2_Packages/src/lidar' returned '0': PYTHONPATH=/home/hvalborg2/Desktop/P6_Robot_Driver/ROS2_Packages/build/lidar/prefix_override:/home/hvalborg2/Desktop/P6_Robot_Driver/ROS2_Packages/install/lidar/lib/python3.10/site-packages:${PYTHONPATH} /usr/bin/python3 -W ignore:setup.py install is deprecated setup.py egg_info --egg-base ../../build/lidar build --build-base /home/hvalborg2/Desktop/P6_Robot_Driver/ROS2_Packages/build/lidar/build install --record /home/hvalborg2/Desktop/P6_Robot_Driver/ROS2_Packages/build/lidar/install.log --single-version-externally-managed install_data
