[0.100s] Invoking command in '/home/hvalborg2/Desktop/P6_Robot_Driver/ROS2_Packages/build/camera_pack': CMAKE_PREFIX_PATH=${CMAKE_PREFIX_PATH}:/home/hvalborg2/turtlebot3_ws/install/turtlebot3_teleop:/home/hvalborg2/turtlebot3_ws/install/turtlebot3_example:/opt/ros/humble /usr/bin/cmake /home/hvalborg2/Desktop/P6_Robot_Driver/ROS2_Packages/src/camera_pack -DCMAKE_INSTALL_PREFIX=/home/hvalborg2/Desktop/P6_Robot_Driver/ROS2_Packages/install/camera_pack
[0.172s] -- Found ament_cmake: 1.3.8 (/opt/ros/humble/share/ament_cmake/cmake)
[1.098s] -- Found rclcpp: 16.0.8 (/opt/ros/humble/share/rclcpp/cmake)
[1.356s] -- Found rosidl_generator_c: 3.1.5 (/opt/ros/humble/share/rosidl_generator_c/cmake)
[1.373s] -- Found rosidl_adapter: 3.1.5 (/opt/ros/humble/share/rosidl_adapter/cmake)
[1.414s] -- Found rosidl_generator_cpp: 3.1.5 (/opt/ros/humble/share/rosidl_generator_cpp/cmake)
[1.470s] -- Using all available rosidl_typesupport_c: rosidl_typesupport_fastrtps_c;rosidl_typesupport_introspection_c
[1.547s] -- Using all available rosidl_typesupport_cpp: rosidl_typesupport_fastrtps_cpp;rosidl_typesupport_introspection_cpp
[1.848s] -- Found rmw_implementation_cmake: 6.1.1 (/opt/ros/humble/share/rmw_implementation_cmake/cmake)
[1.856s] -- Found rmw_fastrtps_cpp: 6.2.6 (/opt/ros/humble/share/rmw_fastrtps_cpp/cmake)
[3.129s] -- Using RMW implementation 'rmw_fastrtps_cpp' as default
[3.848s] [31mCMake Error at CMakeLists.txt:17 (target_include_directories):
[3.849s]   Cannot specify include directories for target "rd_Nano" which is not built
[3.850s]   by this project.
[3.850s] 
[3.850s] [0m
[3.887s] -- Found ament_lint_auto: 0.12.10 (/opt/ros/humble/share/ament_lint_auto/cmake)
[4.511s] -- Added test 'cppcheck' to perform static code analysis on C / C++ code
[4.511s] -- Configured cppcheck include dirs: $<BUILD_INTERFACE:/home/hvalborg2/Desktop/P6_Robot_Driver/ROS2_Packages/src/camera_pack/include>
[4.512s] -- Configured cppcheck exclude dirs and/or files: 
[4.519s] -- Added test 'lint_cmake' to check CMake code style
[4.530s] -- Added test 'uncrustify' to check C / C++ code style
[4.530s] -- Configured uncrustify additional arguments: 
[4.535s] -- Added test 'xmllint' to check XML markup files
[4.549s] -- Configuring incomplete, errors occurred!
[4.550s] See also "/home/hvalborg2/Desktop/P6_Robot_Driver/ROS2_Packages/build/camera_pack/CMakeFiles/CMakeOutput.log".
[4.583s] Invoked command in '/home/hvalborg2/Desktop/P6_Robot_Driver/ROS2_Packages/build/camera_pack' returned '1': CMAKE_PREFIX_PATH=${CMAKE_PREFIX_PATH}:/home/hvalborg2/turtlebot3_ws/install/turtlebot3_teleop:/home/hvalborg2/turtlebot3_ws/install/turtlebot3_example:/opt/ros/humble /usr/bin/cmake /home/hvalborg2/Desktop/P6_Robot_Driver/ROS2_Packages/src/camera_pack -DCMAKE_INSTALL_PREFIX=/home/hvalborg2/Desktop/P6_Robot_Driver/ROS2_Packages/install/camera_pack
