-- Found ament_cmake: 1.3.8 (/opt/ros/humble/share/ament_cmake/cmake)
-- Found rclcpp: 16.0.8 (/opt/ros/humble/share/rclcpp/cmake)
-- Found rosidl_generator_c: 3.1.5 (/opt/ros/humble/share/rosidl_generator_c/cmake)
-- Found rosidl_adapter: 3.1.5 (/opt/ros/humble/share/rosidl_adapter/cmake)
-- Found rosidl_generator_cpp: 3.1.5 (/opt/ros/humble/share/rosidl_generator_cpp/cmake)
-- Using all available rosidl_typesupport_c: rosidl_typesupport_fastrtps_c;rosidl_typesupport_introspection_c
-- Using all available rosidl_typesupport_cpp: rosidl_typesupport_fastrtps_cpp;rosidl_typesupport_introspection_cpp
-- Found rmw_implementation_cmake: 6.1.1 (/opt/ros/humble/share/rmw_implementation_cmake/cmake)
-- Found rmw_fastrtps_cpp: 6.2.6 (/opt/ros/humble/share/rmw_fastrtps_cpp/cmake)
-- Using RMW implementation 'rmw_fastrtps_cpp' as default
-- Found ament_lint_auto: 0.12.10 (/opt/ros/humble/share/ament_lint_auto/cmake)
-- Added test 'cppcheck' to perform static code analysis on C / C++ code
-- Configured cppcheck include dirs: $<BUILD_INTERFACE:/home/hvalborg2/Desktop/P6_Robot_Driver/ROS2_Packages/src/camera_pack/include>
-- Configured cppcheck exclude dirs and/or files: 
-- Added test 'lint_cmake' to check CMake code style
-- Added test 'uncrustify' to check C / C++ code style
-- Configured uncrustify additional arguments: 
-- Added test 'xmllint' to check XML markup files
-- Configuring done
-- Generating done
-- Build files have been written to: /home/hvalborg2/Desktop/P6_Robot_Driver/ROS2_Packages/build/camera_pack
[ 25%] [32mBuilding CXX object CMakeFiles/cam_Nano.dir/src/rd_Nano_Ros.cpp.o[0m
[ 50%] [32mBuilding CXX object CMakeFiles/cam_sub.dir/src/cam_sub.cpp.o[0m
[ 75%] [32m[1mLinking CXX executable cam_Nano[0m
[ 75%] Built target cam_Nano
[100%] [32m[1mLinking CXX executable cam_sub[0m
[100%] Built target cam_sub
-- Install configuration: ""
-- Installing: /home/hvalborg2/Desktop/P6_Robot_Driver/ROS2_Packages/install/camera_pack/lib/camera_pack/cam_sub
-- Set runtime path of "/home/hvalborg2/Desktop/P6_Robot_Driver/ROS2_Packages/install/camera_pack/lib/camera_pack/cam_sub" to ""
-- Installing: /home/hvalborg2/Desktop/P6_Robot_Driver/ROS2_Packages/install/camera_pack/lib/camera_pack/cam_Nano
-- Set runtime path of "/home/hvalborg2/Desktop/P6_Robot_Driver/ROS2_Packages/install/camera_pack/lib/camera_pack/cam_Nano" to ""
-- Installing: /home/hvalborg2/Desktop/P6_Robot_Driver/ROS2_Packages/install/camera_pack/share/ament_index/resource_index/package_run_dependencies/camera_pack
-- Installing: /home/hvalborg2/Desktop/P6_Robot_Driver/ROS2_Packages/install/camera_pack/share/ament_index/resource_index/parent_prefix_path/camera_pack
-- Installing: /home/hvalborg2/Desktop/P6_Robot_Driver/ROS2_Packages/install/camera_pack/share/camera_pack/environment/ament_prefix_path.sh
-- Installing: /home/hvalborg2/Desktop/P6_Robot_Driver/ROS2_Packages/install/camera_pack/share/camera_pack/environment/ament_prefix_path.dsv
-- Installing: /home/hvalborg2/Desktop/P6_Robot_Driver/ROS2_Packages/install/camera_pack/share/camera_pack/environment/path.sh
-- Installing: /home/hvalborg2/Desktop/P6_Robot_Driver/ROS2_Packages/install/camera_pack/share/camera_pack/environment/path.dsv
-- Installing: /home/hvalborg2/Desktop/P6_Robot_Driver/ROS2_Packages/install/camera_pack/share/camera_pack/local_setup.bash
-- Installing: /home/hvalborg2/Desktop/P6_Robot_Driver/ROS2_Packages/install/camera_pack/share/camera_pack/local_setup.sh
-- Installing: /home/hvalborg2/Desktop/P6_Robot_Driver/ROS2_Packages/install/camera_pack/share/camera_pack/local_setup.zsh
-- Installing: /home/hvalborg2/Desktop/P6_Robot_Driver/ROS2_Packages/install/camera_pack/share/camera_pack/local_setup.dsv
-- Installing: /home/hvalborg2/Desktop/P6_Robot_Driver/ROS2_Packages/install/camera_pack/share/camera_pack/package.dsv
-- Installing: /home/hvalborg2/Desktop/P6_Robot_Driver/ROS2_Packages/install/camera_pack/share/ament_index/resource_index/packages/camera_pack
-- Installing: /home/hvalborg2/Desktop/P6_Robot_Driver/ROS2_Packages/install/camera_pack/share/camera_pack/cmake/camera_packConfig.cmake
-- Installing: /home/hvalborg2/Desktop/P6_Robot_Driver/ROS2_Packages/install/camera_pack/share/camera_pack/cmake/camera_packConfig-version.cmake
-- Installing: /home/hvalborg2/Desktop/P6_Robot_Driver/ROS2_Packages/install/camera_pack/share/camera_pack/package.xml
