[3.485s] Invoking command in '/home/hvalborg2/Desktop/P6_Robot_Driver/ROS2_Packages/src/py_Driver': PYTHONPATH=/home/hvalborg2/Desktop/P6_Robot_Driver/ROS2_Packages/build/py_Driver/prefix_override:/home/hvalborg2/Desktop/P6_Robot_Driver/ROS2_Packages/install/py_Driver/lib/python3.10/site-packages:${PYTHONPATH} /usr/bin/python3 -W ignore:setup.py install is deprecated setup.py egg_info --egg-base ../../build/py_Driver build --build-base /home/hvalborg2/Desktop/P6_Robot_Driver/ROS2_Packages/build/py_Driver/build install --record /home/hvalborg2/Desktop/P6_Robot_Driver/ROS2_Packages/build/py_Driver/install.log --single-version-externally-managed install_data
[4.840s] running egg_info
[4.843s] writing ../../build/py_Driver/py_Driver.egg-info/PKG-INFO
[4.845s] writing dependency_links to ../../build/py_Driver/py_Driver.egg-info/dependency_links.txt
[4.846s] writing entry points to ../../build/py_Driver/py_Driver.egg-info/entry_points.txt
[4.846s] writing requirements to ../../build/py_Driver/py_Driver.egg-info/requires.txt
[4.847s] writing top-level names to ../../build/py_Driver/py_Driver.egg-info/top_level.txt
[4.856s] reading manifest file '../../build/py_Driver/py_Driver.egg-info/SOURCES.txt'
[4.860s] writing manifest file '../../build/py_Driver/py_Driver.egg-info/SOURCES.txt'
[4.861s] running build
[4.862s] running build_py
[4.862s] copying py_Driver/py_wheely.py -> /home/hvalborg2/Desktop/P6_Robot_Driver/ROS2_Packages/build/py_Driver/build/lib/py_Driver
[4.864s] running install
[4.866s] running install_lib
[4.871s] copying /home/hvalborg2/Desktop/P6_Robot_Driver/ROS2_Packages/build/py_Driver/build/lib/py_Driver/py_wheely.py -> /home/hvalborg2/Desktop/P6_Robot_Driver/ROS2_Packages/install/py_Driver/lib/python3.10/site-packages/py_Driver
[4.876s] byte-compiling /home/hvalborg2/Desktop/P6_Robot_Driver/ROS2_Packages/install/py_Driver/lib/python3.10/site-packages/py_Driver/py_wheely.py to py_wheely.cpython-310.pyc
[4.879s] running install_data
[4.879s] running install_egg_info
[4.887s] removing '/home/hvalborg2/Desktop/P6_Robot_Driver/ROS2_Packages/install/py_Driver/lib/python3.10/site-packages/py_Driver-0.0.0-py3.10.egg-info' (and everything under it)
[4.889s] Copying ../../build/py_Driver/py_Driver.egg-info to /home/hvalborg2/Desktop/P6_Robot_Driver/ROS2_Packages/install/py_Driver/lib/python3.10/site-packages/py_Driver-0.0.0-py3.10.egg-info
[4.895s] running install_scripts
[4.991s] Installing wheely script to /home/hvalborg2/Desktop/P6_Robot_Driver/ROS2_Packages/install/py_Driver/lib/py_Driver
[4.993s] writing list of installed files to '/home/hvalborg2/Desktop/P6_Robot_Driver/ROS2_Packages/build/py_Driver/install.log'
[5.122s] Invoked command in '/home/hvalborg2/Desktop/P6_Robot_Driver/ROS2_Packages/src/py_Driver' returned '0': PYTHONPATH=/home/hvalborg2/Desktop/P6_Robot_Driver/ROS2_Packages/build/py_Driver/prefix_override:/home/hvalborg2/Desktop/P6_Robot_Driver/ROS2_Packages/install/py_Driver/lib/python3.10/site-packages:${PYTHONPATH} /usr/bin/python3 -W ignore:setup.py install is deprecated setup.py egg_info --egg-base ../../build/py_Driver build --build-base /home/hvalborg2/Desktop/P6_Robot_Driver/ROS2_Packages/build/py_Driver/build install --record /home/hvalborg2/Desktop/P6_Robot_Driver/ROS2_Packages/build/py_Driver/install.log --single-version-externally-managed install_data
