[0.526s] DEBUG:colcon:Command line arguments: ['/usr/bin/colcon', 'build']
[0.526s] DEBUG:colcon:Parsed command line arguments: Namespace(log_base=None, log_level=None, verb_name='build', build_base='build', install_base='install', merge_install=False, symlink_install=False, test_result_base=None, continue_on_error=False, executor='parallel', parallel_workers=4, event_handlers=None, ignore_user_meta=False, metas=['./colcon.meta'], base_paths=['.'], packages_ignore=None, packages_ignore_regex=None, paths=None, packages_up_to=None, packages_up_to_regex=None, packages_above=None, packages_above_and_dependencies=None, packages_above_depth=None, packages_select_by_dep=None, packages_skip_by_dep=None, packages_skip_up_to=None, packages_select_build_failed=False, packages_skip_build_finished=False, packages_select_test_failures=False, packages_skip_test_passed=False, packages_select=None, packages_skip=None, packages_select_regex=None, packages_skip_regex=None, packages_start=None, packages_end=None, allow_overriding=[], cmake_args=None, cmake_target=None, cmake_target_skip_unavailable=False, cmake_clean_cache=False, cmake_clean_first=False, cmake_force_configure=False, ament_cmake_args=None, catkin_cmake_args=None, catkin_skip_building_tests=False, verb_parser=<colcon_defaults.argument_parser.defaults.DefaultArgumentsDecorator object at 0xffff840e4880>, verb_extension=<colcon_core.verb.build.BuildVerb object at 0xffff841f9450>, main=<bound method BuildVerb.main of <colcon_core.verb.build.BuildVerb object at 0xffff841f9450>>)
[1.481s] Level 1:colcon.colcon_core.package_discovery:discover_packages(colcon_meta) check parameters
[1.481s] Level 1:colcon.colcon_core.package_discovery:discover_packages(recursive) check parameters
[1.481s] Level 1:colcon.colcon_core.package_discovery:discover_packages(ignore) check parameters
[1.481s] Level 1:colcon.colcon_core.package_discovery:discover_packages(path) check parameters
[1.481s] Level 1:colcon.colcon_core.package_discovery:discover_packages(colcon_meta) discover
[1.482s] Level 1:colcon.colcon_core.package_discovery:discover_packages(recursive) discover
[1.482s] INFO:colcon.colcon_core.package_discovery:Crawling recursively for packages in '/home/hvalborg2/Desktop/P6_Robot_Driver/ROS2_Packages'
[1.482s] Level 1:colcon.colcon_core.package_identification:_identify(.) by extensions ['ignore', 'ignore_ament_install']
[1.483s] Level 1:colcon.colcon_core.package_identification:_identify(.) by extension 'ignore'
[1.483s] Level 1:colcon.colcon_core.package_identification:_identify(.) by extension 'ignore_ament_install'
[1.483s] Level 1:colcon.colcon_core.package_identification:_identify(.) by extensions ['colcon_pkg']
[1.483s] Level 1:colcon.colcon_core.package_identification:_identify(.) by extension 'colcon_pkg'
[1.484s] Level 1:colcon.colcon_core.package_identification:_identify(.) by extensions ['colcon_meta']
[1.484s] Level 1:colcon.colcon_core.package_identification:_identify(.) by extension 'colcon_meta'
[1.484s] Level 1:colcon.colcon_core.package_identification:_identify(.) by extensions ['ros']
[1.484s] Level 1:colcon.colcon_core.package_identification:_identify(.) by extension 'ros'
[1.538s] Level 1:colcon.colcon_core.package_identification:_identify(.) by extensions ['cmake', 'python']
[1.538s] Level 1:colcon.colcon_core.package_identification:_identify(.) by extension 'cmake'
[1.538s] Level 1:colcon.colcon_core.package_identification:_identify(.) by extension 'python'
[1.539s] Level 1:colcon.colcon_core.package_identification:_identify(.) by extensions ['python_setup_py']
[1.539s] Level 1:colcon.colcon_core.package_identification:_identify(.) by extension 'python_setup_py'
[1.539s] Level 1:colcon.colcon_core.package_identification:_identify(build) by extensions ['ignore', 'ignore_ament_install']
[1.540s] Level 1:colcon.colcon_core.package_identification:_identify(build) by extension 'ignore'
[1.540s] Level 1:colcon.colcon_core.package_identification:_identify(build) ignored
[1.541s] Level 1:colcon.colcon_core.package_identification:_identify(install) by extensions ['ignore', 'ignore_ament_install']
[1.541s] Level 1:colcon.colcon_core.package_identification:_identify(install) by extension 'ignore'
[1.541s] Level 1:colcon.colcon_core.package_identification:_identify(install) ignored
[1.544s] Level 1:colcon.colcon_core.package_identification:_identify(log) by extensions ['ignore', 'ignore_ament_install']
[1.544s] Level 1:colcon.colcon_core.package_identification:_identify(log) by extension 'ignore'
[1.544s] Level 1:colcon.colcon_core.package_identification:_identify(log) ignored
[1.545s] Level 1:colcon.colcon_core.package_identification:_identify(src) by extensions ['ignore', 'ignore_ament_install']
[1.545s] Level 1:colcon.colcon_core.package_identification:_identify(src) by extension 'ignore'
[1.545s] Level 1:colcon.colcon_core.package_identification:_identify(src) by extension 'ignore_ament_install'
[1.545s] Level 1:colcon.colcon_core.package_identification:_identify(src) by extensions ['colcon_pkg']
[1.546s] Level 1:colcon.colcon_core.package_identification:_identify(src) by extension 'colcon_pkg'
[1.546s] Level 1:colcon.colcon_core.package_identification:_identify(src) by extensions ['colcon_meta']
[1.546s] Level 1:colcon.colcon_core.package_identification:_identify(src) by extension 'colcon_meta'
[1.546s] Level 1:colcon.colcon_core.package_identification:_identify(src) by extensions ['ros']
[1.546s] Level 1:colcon.colcon_core.package_identification:_identify(src) by extension 'ros'
[1.547s] Level 1:colcon.colcon_core.package_identification:_identify(src) by extensions ['cmake', 'python']
[1.547s] Level 1:colcon.colcon_core.package_identification:_identify(src) by extension 'cmake'
[1.547s] Level 1:colcon.colcon_core.package_identification:_identify(src) by extension 'python'
[1.547s] Level 1:colcon.colcon_core.package_identification:_identify(src) by extensions ['python_setup_py']
[1.547s] Level 1:colcon.colcon_core.package_identification:_identify(src) by extension 'python_setup_py'
[1.548s] Level 1:colcon.colcon_core.package_identification:_identify(src/bones) by extensions ['ignore', 'ignore_ament_install']
[1.548s] Level 1:colcon.colcon_core.package_identification:_identify(src/bones) by extension 'ignore'
[1.548s] Level 1:colcon.colcon_core.package_identification:_identify(src/bones) by extension 'ignore_ament_install'
[1.549s] Level 1:colcon.colcon_core.package_identification:_identify(src/bones) by extensions ['colcon_pkg']
[1.549s] Level 1:colcon.colcon_core.package_identification:_identify(src/bones) by extension 'colcon_pkg'
[1.549s] Level 1:colcon.colcon_core.package_identification:_identify(src/bones) by extensions ['colcon_meta']
[1.549s] Level 1:colcon.colcon_core.package_identification:_identify(src/bones) by extension 'colcon_meta'
[1.549s] Level 1:colcon.colcon_core.package_identification:_identify(src/bones) by extensions ['ros']
[1.549s] Level 1:colcon.colcon_core.package_identification:_identify(src/bones) by extension 'ros'
[1.558s] DEBUG:colcon.colcon_core.package_identification:Package 'src/bones' with type 'ros.ament_cmake' and name 'bones'
[1.559s] Level 1:colcon.colcon_core.package_identification:_identify(src/camera_pack) by extensions ['ignore', 'ignore_ament_install']
[1.559s] Level 1:colcon.colcon_core.package_identification:_identify(src/camera_pack) by extension 'ignore'
[1.560s] Level 1:colcon.colcon_core.package_identification:_identify(src/camera_pack) by extension 'ignore_ament_install'
[1.560s] Level 1:colcon.colcon_core.package_identification:_identify(src/camera_pack) by extensions ['colcon_pkg']
[1.560s] Level 1:colcon.colcon_core.package_identification:_identify(src/camera_pack) by extension 'colcon_pkg'
[1.560s] Level 1:colcon.colcon_core.package_identification:_identify(src/camera_pack) by extensions ['colcon_meta']
[1.560s] Level 1:colcon.colcon_core.package_identification:_identify(src/camera_pack) by extension 'colcon_meta'
[1.561s] Level 1:colcon.colcon_core.package_identification:_identify(src/camera_pack) by extensions ['ros']
[1.561s] Level 1:colcon.colcon_core.package_identification:_identify(src/camera_pack) by extension 'ros'
[1.563s] DEBUG:colcon.colcon_core.package_identification:Package 'src/camera_pack' with type 'ros.ament_cmake' and name 'camera_pack'
[1.564s] Level 1:colcon.colcon_core.package_identification:_identify(src/lidar) by extensions ['ignore', 'ignore_ament_install']
[1.564s] Level 1:colcon.colcon_core.package_identification:_identify(src/lidar) by extension 'ignore'
[1.564s] Level 1:colcon.colcon_core.package_identification:_identify(src/lidar) by extension 'ignore_ament_install'
[1.565s] Level 1:colcon.colcon_core.package_identification:_identify(src/lidar) by extensions ['colcon_pkg']
[1.565s] Level 1:colcon.colcon_core.package_identification:_identify(src/lidar) by extension 'colcon_pkg'
[1.565s] Level 1:colcon.colcon_core.package_identification:_identify(src/lidar) by extensions ['colcon_meta']
[1.565s] Level 1:colcon.colcon_core.package_identification:_identify(src/lidar) by extension 'colcon_meta'
[1.565s] Level 1:colcon.colcon_core.package_identification:_identify(src/lidar) by extensions ['ros']
[1.565s] Level 1:colcon.colcon_core.package_identification:_identify(src/lidar) by extension 'ros'
[1.568s] DEBUG:colcon.colcon_core.package_identification:Package 'src/lidar' with type 'ros.ament_python' and name 'lidar'
[1.569s] Level 1:colcon.colcon_core.package_identification:_identify(src/pubsub) by extensions ['ignore', 'ignore_ament_install']
[1.569s] Level 1:colcon.colcon_core.package_identification:_identify(src/pubsub) by extension 'ignore'
[1.569s] Level 1:colcon.colcon_core.package_identification:_identify(src/pubsub) by extension 'ignore_ament_install'
[1.570s] Level 1:colcon.colcon_core.package_identification:_identify(src/pubsub) by extensions ['colcon_pkg']
[1.570s] Level 1:colcon.colcon_core.package_identification:_identify(src/pubsub) by extension 'colcon_pkg'
[1.570s] Level 1:colcon.colcon_core.package_identification:_identify(src/pubsub) by extensions ['colcon_meta']
[1.570s] Level 1:colcon.colcon_core.package_identification:_identify(src/pubsub) by extension 'colcon_meta'
[1.571s] Level 1:colcon.colcon_core.package_identification:_identify(src/pubsub) by extensions ['ros']
[1.571s] Level 1:colcon.colcon_core.package_identification:_identify(src/pubsub) by extension 'ros'
[1.573s] DEBUG:colcon.colcon_core.package_identification:Package 'src/pubsub' with type 'ros.ament_cmake' and name 'pubsub'
[1.573s] Level 1:colcon.colcon_core.package_identification:_identify(src/py_Driver) by extensions ['ignore', 'ignore_ament_install']
[1.574s] Level 1:colcon.colcon_core.package_identification:_identify(src/py_Driver) by extension 'ignore'
[1.574s] Level 1:colcon.colcon_core.package_identification:_identify(src/py_Driver) by extension 'ignore_ament_install'
[1.574s] Level 1:colcon.colcon_core.package_identification:_identify(src/py_Driver) by extensions ['colcon_pkg']
[1.574s] Level 1:colcon.colcon_core.package_identification:_identify(src/py_Driver) by extension 'colcon_pkg'
[1.575s] Level 1:colcon.colcon_core.package_identification:_identify(src/py_Driver) by extensions ['colcon_meta']
[1.575s] Level 1:colcon.colcon_core.package_identification:_identify(src/py_Driver) by extension 'colcon_meta'
[1.575s] Level 1:colcon.colcon_core.package_identification:_identify(src/py_Driver) by extensions ['ros']
[1.575s] Level 1:colcon.colcon_core.package_identification:_identify(src/py_Driver) by extension 'ros'
[1.577s] DEBUG:colcon.colcon_core.package_identification:Package 'src/py_Driver' with type 'ros.ament_python' and name 'py_Driver'
[1.578s] Level 1:colcon.colcon_core.package_discovery:discover_packages(recursive) using defaults
[1.578s] Level 1:colcon.colcon_core.package_discovery:discover_packages(ignore) discover
[1.578s] Level 1:colcon.colcon_core.package_discovery:discover_packages(ignore) using defaults
[1.578s] Level 1:colcon.colcon_core.package_discovery:discover_packages(path) discover
[1.578s] Level 1:colcon.colcon_core.package_discovery:discover_packages(path) using defaults
[1.668s] Level 1:colcon.colcon_core.package_discovery:discover_packages(prefix_path) check parameters
[1.668s] Level 1:colcon.colcon_core.package_discovery:discover_packages(prefix_path) discover
[1.682s] DEBUG:colcon.colcon_installed_package_information.package_discovery:Found 6 installed packages in /home/hvalborg2/Desktop/P6_Robot_Driver/ROS2_Packages/install
[1.686s] DEBUG:colcon.colcon_installed_package_information.package_discovery:Found 7 installed packages in /home/hvalborg2/turtlebot3_ws/install
[1.697s] DEBUG:colcon.colcon_installed_package_information.package_discovery:Found 273 installed packages in /opt/ros/humble
[1.748s] Level 1:colcon.colcon_core.package_discovery:discover_packages(prefix_path) using defaults
[1.939s] Level 5:colcon.colcon_core.verb:set package 'bones' build argument 'cmake_args' from command line to 'None'
[1.939s] Level 5:colcon.colcon_core.verb:set package 'bones' build argument 'cmake_target' from command line to 'None'
[1.939s] Level 5:colcon.colcon_core.verb:set package 'bones' build argument 'cmake_target_skip_unavailable' from command line to 'False'
[1.940s] Level 5:colcon.colcon_core.verb:set package 'bones' build argument 'cmake_clean_cache' from command line to 'False'
[1.940s] Level 5:colcon.colcon_core.verb:set package 'bones' build argument 'cmake_clean_first' from command line to 'False'
[1.940s] Level 5:colcon.colcon_core.verb:set package 'bones' build argument 'cmake_force_configure' from command line to 'False'
[1.940s] Level 5:colcon.colcon_core.verb:set package 'bones' build argument 'ament_cmake_args' from command line to 'None'
[1.940s] Level 5:colcon.colcon_core.verb:set package 'bones' build argument 'catkin_cmake_args' from command line to 'None'
[1.940s] Level 5:colcon.colcon_core.verb:set package 'bones' build argument 'catkin_skip_building_tests' from command line to 'False'
[1.940s] DEBUG:colcon.colcon_core.verb:Building package 'bones' with the following arguments: {'ament_cmake_args': None, 'build_base': '/home/hvalborg2/Desktop/P6_Robot_Driver/ROS2_Packages/build/bones', 'catkin_cmake_args': None, 'catkin_skip_building_tests': False, 'cmake_args': None, 'cmake_clean_cache': False, 'cmake_clean_first': False, 'cmake_force_configure': False, 'cmake_target': None, 'cmake_target_skip_unavailable': False, 'install_base': '/home/hvalborg2/Desktop/P6_Robot_Driver/ROS2_Packages/install/bones', 'merge_install': False, 'path': '/home/hvalborg2/Desktop/P6_Robot_Driver/ROS2_Packages/src/bones', 'symlink_install': False, 'test_result_base': None}
[1.942s] Level 5:colcon.colcon_core.verb:set package 'camera_pack' build argument 'cmake_args' from command line to 'None'
[1.942s] Level 5:colcon.colcon_core.verb:set package 'camera_pack' build argument 'cmake_target' from command line to 'None'
[1.942s] Level 5:colcon.colcon_core.verb:set package 'camera_pack' build argument 'cmake_target_skip_unavailable' from command line to 'False'
[1.942s] Level 5:colcon.colcon_core.verb:set package 'camera_pack' build argument 'cmake_clean_cache' from command line to 'False'
[1.943s] Level 5:colcon.colcon_core.verb:set package 'camera_pack' build argument 'cmake_clean_first' from command line to 'False'
[1.943s] Level 5:colcon.colcon_core.verb:set package 'camera_pack' build argument 'cmake_force_configure' from command line to 'False'
[1.943s] Level 5:colcon.colcon_core.verb:set package 'camera_pack' build argument 'ament_cmake_args' from command line to 'None'
[1.943s] Level 5:colcon.colcon_core.verb:set package 'camera_pack' build argument 'catkin_cmake_args' from command line to 'None'
[1.943s] Level 5:colcon.colcon_core.verb:set package 'camera_pack' build argument 'catkin_skip_building_tests' from command line to 'False'
[1.943s] DEBUG:colcon.colcon_core.verb:Building package 'camera_pack' with the following arguments: {'ament_cmake_args': None, 'build_base': '/home/hvalborg2/Desktop/P6_Robot_Driver/ROS2_Packages/build/camera_pack', 'catkin_cmake_args': None, 'catkin_skip_building_tests': False, 'cmake_args': None, 'cmake_clean_cache': False, 'cmake_clean_first': False, 'cmake_force_configure': False, 'cmake_target': None, 'cmake_target_skip_unavailable': False, 'install_base': '/home/hvalborg2/Desktop/P6_Robot_Driver/ROS2_Packages/install/camera_pack', 'merge_install': False, 'path': '/home/hvalborg2/Desktop/P6_Robot_Driver/ROS2_Packages/src/camera_pack', 'symlink_install': False, 'test_result_base': None}
[1.945s] Level 5:colcon.colcon_core.verb:set package 'lidar' build argument 'cmake_args' from command line to 'None'
[1.945s] Level 5:colcon.colcon_core.verb:set package 'lidar' build argument 'cmake_target' from command line to 'None'
[1.945s] Level 5:colcon.colcon_core.verb:set package 'lidar' build argument 'cmake_target_skip_unavailable' from command line to 'False'
[1.945s] Level 5:colcon.colcon_core.verb:set package 'lidar' build argument 'cmake_clean_cache' from command line to 'False'
[1.945s] Level 5:colcon.colcon_core.verb:set package 'lidar' build argument 'cmake_clean_first' from command line to 'False'
[1.946s] Level 5:colcon.colcon_core.verb:set package 'lidar' build argument 'cmake_force_configure' from command line to 'False'
[1.946s] Level 5:colcon.colcon_core.verb:set package 'lidar' build argument 'ament_cmake_args' from command line to 'None'
[1.946s] Level 5:colcon.colcon_core.verb:set package 'lidar' build argument 'catkin_cmake_args' from command line to 'None'
[1.946s] Level 5:colcon.colcon_core.verb:set package 'lidar' build argument 'catkin_skip_building_tests' from command line to 'False'
[1.946s] DEBUG:colcon.colcon_core.verb:Building package 'lidar' with the following arguments: {'ament_cmake_args': None, 'build_base': '/home/hvalborg2/Desktop/P6_Robot_Driver/ROS2_Packages/build/lidar', 'catkin_cmake_args': None, 'catkin_skip_building_tests': False, 'cmake_args': None, 'cmake_clean_cache': False, 'cmake_clean_first': False, 'cmake_force_configure': False, 'cmake_target': None, 'cmake_target_skip_unavailable': False, 'install_base': '/home/hvalborg2/Desktop/P6_Robot_Driver/ROS2_Packages/install/lidar', 'merge_install': False, 'path': '/home/hvalborg2/Desktop/P6_Robot_Driver/ROS2_Packages/src/lidar', 'symlink_install': False, 'test_result_base': None}
[1.948s] Level 5:colcon.colcon_core.verb:set package 'pubsub' build argument 'cmake_args' from command line to 'None'
[1.948s] Level 5:colcon.colcon_core.verb:set package 'pubsub' build argument 'cmake_target' from command line to 'None'
[1.948s] Level 5:colcon.colcon_core.verb:set package 'pubsub' build argument 'cmake_target_skip_unavailable' from command line to 'False'
[1.948s] Level 5:colcon.colcon_core.verb:set package 'pubsub' build argument 'cmake_clean_cache' from command line to 'False'
[1.948s] Level 5:colcon.colcon_core.verb:set package 'pubsub' build argument 'cmake_clean_first' from command line to 'False'
[1.948s] Level 5:colcon.colcon_core.verb:set package 'pubsub' build argument 'cmake_force_configure' from command line to 'False'
[1.948s] Level 5:colcon.colcon_core.verb:set package 'pubsub' build argument 'ament_cmake_args' from command line to 'None'
[1.949s] Level 5:colcon.colcon_core.verb:set package 'pubsub' build argument 'catkin_cmake_args' from command line to 'None'
[1.949s] Level 5:colcon.colcon_core.verb:set package 'pubsub' build argument 'catkin_skip_building_tests' from command line to 'False'
[1.949s] DEBUG:colcon.colcon_core.verb:Building package 'pubsub' with the following arguments: {'ament_cmake_args': None, 'build_base': '/home/hvalborg2/Desktop/P6_Robot_Driver/ROS2_Packages/build/pubsub', 'catkin_cmake_args': None, 'catkin_skip_building_tests': False, 'cmake_args': None, 'cmake_clean_cache': False, 'cmake_clean_first': False, 'cmake_force_configure': False, 'cmake_target': None, 'cmake_target_skip_unavailable': False, 'install_base': '/home/hvalborg2/Desktop/P6_Robot_Driver/ROS2_Packages/install/pubsub', 'merge_install': False, 'path': '/home/hvalborg2/Desktop/P6_Robot_Driver/ROS2_Packages/src/pubsub', 'symlink_install': False, 'test_result_base': None}
[1.951s] Level 5:colcon.colcon_core.verb:set package 'py_Driver' build argument 'cmake_args' from command line to 'None'
[1.951s] Level 5:colcon.colcon_core.verb:set package 'py_Driver' build argument 'cmake_target' from command line to 'None'
[1.951s] Level 5:colcon.colcon_core.verb:set package 'py_Driver' build argument 'cmake_target_skip_unavailable' from command line to 'False'
[1.951s] Level 5:colcon.colcon_core.verb:set package 'py_Driver' build argument 'cmake_clean_cache' from command line to 'False'
[1.951s] Level 5:colcon.colcon_core.verb:set package 'py_Driver' build argument 'cmake_clean_first' from command line to 'False'
[1.951s] Level 5:colcon.colcon_core.verb:set package 'py_Driver' build argument 'cmake_force_configure' from command line to 'False'
[1.951s] Level 5:colcon.colcon_core.verb:set package 'py_Driver' build argument 'ament_cmake_args' from command line to 'None'
[1.951s] Level 5:colcon.colcon_core.verb:set package 'py_Driver' build argument 'catkin_cmake_args' from command line to 'None'
[1.952s] Level 5:colcon.colcon_core.verb:set package 'py_Driver' build argument 'catkin_skip_building_tests' from command line to 'False'
[1.952s] DEBUG:colcon.colcon_core.verb:Building package 'py_Driver' with the following arguments: {'ament_cmake_args': None, 'build_base': '/home/hvalborg2/Desktop/P6_Robot_Driver/ROS2_Packages/build/py_Driver', 'catkin_cmake_args': None, 'catkin_skip_building_tests': False, 'cmake_args': None, 'cmake_clean_cache': False, 'cmake_clean_first': False, 'cmake_force_configure': False, 'cmake_target': None, 'cmake_target_skip_unavailable': False, 'install_base': '/home/hvalborg2/Desktop/P6_Robot_Driver/ROS2_Packages/install/py_Driver', 'merge_install': False, 'path': '/home/hvalborg2/Desktop/P6_Robot_Driver/ROS2_Packages/src/py_Driver', 'symlink_install': False, 'test_result_base': None}
[1.952s] INFO:colcon.colcon_core.executor:Executing jobs using 'parallel' executor
[1.956s] DEBUG:colcon.colcon_parallel_executor.executor.parallel:run_until_complete
[1.957s] INFO:colcon.colcon_ros.task.ament_cmake.build:Building ROS package in '/home/hvalborg2/Desktop/P6_Robot_Driver/ROS2_Packages/src/bones' with build type 'ament_cmake'
[1.958s] INFO:colcon.colcon_cmake.task.cmake.build:Building CMake package in '/home/hvalborg2/Desktop/P6_Robot_Driver/ROS2_Packages/src/bones'
[1.968s] INFO:colcon.colcon_core.plugin_system:Skipping extension 'colcon_core.shell.bat': Not used on non-Windows systems
[1.969s] INFO:colcon.colcon_core.shell:Skip shell extension 'powershell' for command environment: Not usable outside of PowerShell
[1.970s] DEBUG:colcon.colcon_core.shell:Skip shell extension 'dsv' for command environment
[1.999s] INFO:colcon.colcon_ros.task.ament_cmake.build:Building ROS package in '/home/hvalborg2/Desktop/P6_Robot_Driver/ROS2_Packages/src/camera_pack' with build type 'ament_cmake'
[1.999s] INFO:colcon.colcon_cmake.task.cmake.build:Building CMake package in '/home/hvalborg2/Desktop/P6_Robot_Driver/ROS2_Packages/src/camera_pack'
[2.001s] INFO:colcon.colcon_core.shell:Skip shell extension 'powershell' for command environment: Not usable outside of PowerShell
[2.001s] DEBUG:colcon.colcon_core.shell:Skip shell extension 'dsv' for command environment
[2.031s] INFO:colcon.colcon_ros.task.ament_python.build:Building ROS package in '/home/hvalborg2/Desktop/P6_Robot_Driver/ROS2_Packages/src/lidar' with build type 'ament_python'
[2.031s] Level 1:colcon.colcon_core.shell:create_environment_hook('lidar', 'ament_prefix_path')
[2.033s] INFO:colcon.colcon_core.shell:Creating environment hook '/home/hvalborg2/Desktop/P6_Robot_Driver/ROS2_Packages/install/lidar/share/lidar/hook/ament_prefix_path.ps1'
[2.037s] INFO:colcon.colcon_core.shell:Creating environment descriptor '/home/hvalborg2/Desktop/P6_Robot_Driver/ROS2_Packages/install/lidar/share/lidar/hook/ament_prefix_path.dsv'
[2.039s] INFO:colcon.colcon_core.shell:Creating environment hook '/home/hvalborg2/Desktop/P6_Robot_Driver/ROS2_Packages/install/lidar/share/lidar/hook/ament_prefix_path.sh'
[2.044s] INFO:colcon.colcon_core.shell:Skip shell extension 'powershell' for command environment: Not usable outside of PowerShell
[2.044s] DEBUG:colcon.colcon_core.shell:Skip shell extension 'dsv' for command environment
[2.071s] INFO:colcon.colcon_ros.task.ament_cmake.build:Building ROS package in '/home/hvalborg2/Desktop/P6_Robot_Driver/ROS2_Packages/src/pubsub' with build type 'ament_cmake'
[2.072s] INFO:colcon.colcon_cmake.task.cmake.build:Building CMake package in '/home/hvalborg2/Desktop/P6_Robot_Driver/ROS2_Packages/src/pubsub'
[2.073s] INFO:colcon.colcon_core.shell:Skip shell extension 'powershell' for command environment: Not usable outside of PowerShell
[2.074s] DEBUG:colcon.colcon_core.shell:Skip shell extension 'dsv' for command environment
[2.123s] DEBUG:colcon.colcon_core.event_handler.log_command:Invoking command in '/home/hvalborg2/Desktop/P6_Robot_Driver/ROS2_Packages/build/bones': CMAKE_PREFIX_PATH=${CMAKE_PREFIX_PATH}:/home/hvalborg2/turtlebot3_ws/install/turtlebot3_teleop:/home/hvalborg2/turtlebot3_ws/install/turtlebot3_example:/home/hvalborg2/Desktop/P6_Robot_Driver/ROS2_Packages/install/py_Driver:/home/hvalborg2/Desktop/P6_Robot_Driver/ROS2_Packages/install/lidar:/opt/ros/humble /usr/bin/cmake --build /home/hvalborg2/Desktop/P6_Robot_Driver/ROS2_Packages/build/bones -- -j4 -l4
[2.150s] DEBUG:colcon.colcon_core.event_handler.log_command:Invoking command in '/home/hvalborg2/Desktop/P6_Robot_Driver/ROS2_Packages/build/camera_pack': CMAKE_PREFIX_PATH=${CMAKE_PREFIX_PATH}:/home/hvalborg2/turtlebot3_ws/install/turtlebot3_teleop:/home/hvalborg2/turtlebot3_ws/install/turtlebot3_example:/home/hvalborg2/Desktop/P6_Robot_Driver/ROS2_Packages/install/py_Driver:/home/hvalborg2/Desktop/P6_Robot_Driver/ROS2_Packages/install/lidar:/opt/ros/humble /usr/bin/cmake --build /home/hvalborg2/Desktop/P6_Robot_Driver/ROS2_Packages/build/camera_pack -- -j4 -l4
[3.625s] INFO:colcon.colcon_core.task.python.build:Building Python package in '/home/hvalborg2/Desktop/P6_Robot_Driver/ROS2_Packages/src/lidar'
[3.626s] INFO:colcon.colcon_core.shell:Skip shell extension 'powershell' for command environment: Not usable outside of PowerShell
[3.626s] DEBUG:colcon.colcon_core.shell:Skip shell extension 'dsv' for command environment
[3.669s] DEBUG:colcon.colcon_core.event_handler.log_command:Invoked command in '/home/hvalborg2/Desktop/P6_Robot_Driver/ROS2_Packages/build/bones' returned '0': CMAKE_PREFIX_PATH=${CMAKE_PREFIX_PATH}:/home/hvalborg2/turtlebot3_ws/install/turtlebot3_teleop:/home/hvalborg2/turtlebot3_ws/install/turtlebot3_example:/home/hvalborg2/Desktop/P6_Robot_Driver/ROS2_Packages/install/py_Driver:/home/hvalborg2/Desktop/P6_Robot_Driver/ROS2_Packages/install/lidar:/opt/ros/humble /usr/bin/cmake --build /home/hvalborg2/Desktop/P6_Robot_Driver/ROS2_Packages/build/bones -- -j4 -l4
[3.676s] DEBUG:colcon.colcon_core.event_handler.log_command:Invoked command in '/home/hvalborg2/Desktop/P6_Robot_Driver/ROS2_Packages/build/camera_pack' returned '0': CMAKE_PREFIX_PATH=${CMAKE_PREFIX_PATH}:/home/hvalborg2/turtlebot3_ws/install/turtlebot3_teleop:/home/hvalborg2/turtlebot3_ws/install/turtlebot3_example:/home/hvalborg2/Desktop/P6_Robot_Driver/ROS2_Packages/install/py_Driver:/home/hvalborg2/Desktop/P6_Robot_Driver/ROS2_Packages/install/lidar:/opt/ros/humble /usr/bin/cmake --build /home/hvalborg2/Desktop/P6_Robot_Driver/ROS2_Packages/build/camera_pack -- -j4 -l4
[3.707s] DEBUG:colcon.colcon_core.event_handler.log_command:Invoking command in '/home/hvalborg2/Desktop/P6_Robot_Driver/ROS2_Packages/build/pubsub': CMAKE_PREFIX_PATH=${CMAKE_PREFIX_PATH}:/home/hvalborg2/turtlebot3_ws/install/turtlebot3_teleop:/home/hvalborg2/turtlebot3_ws/install/turtlebot3_example:/home/hvalborg2/Desktop/P6_Robot_Driver/ROS2_Packages/install/py_Driver:/home/hvalborg2/Desktop/P6_Robot_Driver/ROS2_Packages/install/lidar:/opt/ros/humble /usr/bin/cmake --build /home/hvalborg2/Desktop/P6_Robot_Driver/ROS2_Packages/build/pubsub -- -j4 -l4
[3.886s] DEBUG:colcon.colcon_core.event_handler.log_command:Invoking command in '/home/hvalborg2/Desktop/P6_Robot_Driver/ROS2_Packages/build/bones': CMAKE_PREFIX_PATH=${CMAKE_PREFIX_PATH}:/home/hvalborg2/turtlebot3_ws/install/turtlebot3_teleop:/home/hvalborg2/turtlebot3_ws/install/turtlebot3_example:/home/hvalborg2/Desktop/P6_Robot_Driver/ROS2_Packages/install/py_Driver:/home/hvalborg2/Desktop/P6_Robot_Driver/ROS2_Packages/install/lidar:/opt/ros/humble /usr/bin/cmake --install /home/hvalborg2/Desktop/P6_Robot_Driver/ROS2_Packages/build/bones
[3.919s] DEBUG:colcon.colcon_core.event_handler.log_command:Invoking command in '/home/hvalborg2/Desktop/P6_Robot_Driver/ROS2_Packages/build/camera_pack': CMAKE_PREFIX_PATH=${CMAKE_PREFIX_PATH}:/home/hvalborg2/turtlebot3_ws/install/turtlebot3_teleop:/home/hvalborg2/turtlebot3_ws/install/turtlebot3_example:/home/hvalborg2/Desktop/P6_Robot_Driver/ROS2_Packages/install/py_Driver:/home/hvalborg2/Desktop/P6_Robot_Driver/ROS2_Packages/install/lidar:/opt/ros/humble /usr/bin/cmake --install /home/hvalborg2/Desktop/P6_Robot_Driver/ROS2_Packages/build/camera_pack
[3.985s] Level 1:colcon.colcon_core.environment:create_environment_scripts_only(camera_pack)
[4.013s] Level 1:colcon.colcon_core.environment:checking '/home/hvalborg2/Desktop/P6_Robot_Driver/ROS2_Packages/install/camera_pack' for CMake module files
[4.018s] DEBUG:colcon.colcon_core.event_handler.log_command:Invoked command in '/home/hvalborg2/Desktop/P6_Robot_Driver/ROS2_Packages/build/camera_pack' returned '0': CMAKE_PREFIX_PATH=${CMAKE_PREFIX_PATH}:/home/hvalborg2/turtlebot3_ws/install/turtlebot3_teleop:/home/hvalborg2/turtlebot3_ws/install/turtlebot3_example:/home/hvalborg2/Desktop/P6_Robot_Driver/ROS2_Packages/install/py_Driver:/home/hvalborg2/Desktop/P6_Robot_Driver/ROS2_Packages/install/lidar:/opt/ros/humble /usr/bin/cmake --install /home/hvalborg2/Desktop/P6_Robot_Driver/ROS2_Packages/build/camera_pack
[4.026s] Level 1:colcon.colcon_core.environment:checking '/home/hvalborg2/Desktop/P6_Robot_Driver/ROS2_Packages/install/camera_pack' for CMake config files
[4.027s] Level 1:colcon.colcon_core.shell:create_environment_hook('camera_pack', 'cmake_prefix_path')
[4.029s] INFO:colcon.colcon_core.shell:Creating environment hook '/home/hvalborg2/Desktop/P6_Robot_Driver/ROS2_Packages/install/camera_pack/share/camera_pack/hook/cmake_prefix_path.ps1'
[4.034s] INFO:colcon.colcon_core.shell:Creating environment descriptor '/home/hvalborg2/Desktop/P6_Robot_Driver/ROS2_Packages/install/camera_pack/share/camera_pack/hook/cmake_prefix_path.dsv'
[4.037s] INFO:colcon.colcon_core.shell:Creating environment hook '/home/hvalborg2/Desktop/P6_Robot_Driver/ROS2_Packages/install/camera_pack/share/camera_pack/hook/cmake_prefix_path.sh'
[4.042s] Level 1:colcon.colcon_core.environment:checking '/home/hvalborg2/Desktop/P6_Robot_Driver/ROS2_Packages/install/camera_pack/lib'
[4.043s] Level 1:colcon.colcon_core.environment:checking '/home/hvalborg2/Desktop/P6_Robot_Driver/ROS2_Packages/install/camera_pack/bin'
[4.044s] Level 1:colcon.colcon_core.environment:checking '/home/hvalborg2/Desktop/P6_Robot_Driver/ROS2_Packages/install/camera_pack/lib/pkgconfig/camera_pack.pc'
[4.045s] Level 1:colcon.colcon_core.environment:checking '/home/hvalborg2/Desktop/P6_Robot_Driver/ROS2_Packages/install/camera_pack/lib/python3.10/site-packages'
[4.047s] Level 1:colcon.colcon_core.environment:checking '/home/hvalborg2/Desktop/P6_Robot_Driver/ROS2_Packages/install/camera_pack/bin'
[4.048s] INFO:colcon.colcon_core.shell:Creating package script '/home/hvalborg2/Desktop/P6_Robot_Driver/ROS2_Packages/install/camera_pack/share/camera_pack/package.ps1'
[4.054s] INFO:colcon.colcon_core.shell:Creating package descriptor '/home/hvalborg2/Desktop/P6_Robot_Driver/ROS2_Packages/install/camera_pack/share/camera_pack/package.dsv'
[4.058s] INFO:colcon.colcon_core.shell:Creating package script '/home/hvalborg2/Desktop/P6_Robot_Driver/ROS2_Packages/install/camera_pack/share/camera_pack/package.sh'
[4.062s] INFO:colcon.colcon_core.shell:Creating package script '/home/hvalborg2/Desktop/P6_Robot_Driver/ROS2_Packages/install/camera_pack/share/camera_pack/package.bash'
[4.066s] INFO:colcon.colcon_core.shell:Creating package script '/home/hvalborg2/Desktop/P6_Robot_Driver/ROS2_Packages/install/camera_pack/share/camera_pack/package.zsh'
[4.070s] Level 1:colcon.colcon_core.environment:create_file_with_runtime_dependencies(/home/hvalborg2/Desktop/P6_Robot_Driver/ROS2_Packages/install/camera_pack/share/colcon-core/packages/camera_pack)
[4.090s] Level 1:colcon.colcon_core.environment:create_environment_scripts_only(bones)
[4.092s] Level 1:colcon.colcon_core.environment:checking '/home/hvalborg2/Desktop/P6_Robot_Driver/ROS2_Packages/install/bones' for CMake module files
[4.096s] DEBUG:colcon.colcon_core.event_handler.log_command:Invoked command in '/home/hvalborg2/Desktop/P6_Robot_Driver/ROS2_Packages/build/bones' returned '0': CMAKE_PREFIX_PATH=${CMAKE_PREFIX_PATH}:/home/hvalborg2/turtlebot3_ws/install/turtlebot3_teleop:/home/hvalborg2/turtlebot3_ws/install/turtlebot3_example:/home/hvalborg2/Desktop/P6_Robot_Driver/ROS2_Packages/install/py_Driver:/home/hvalborg2/Desktop/P6_Robot_Driver/ROS2_Packages/install/lidar:/opt/ros/humble /usr/bin/cmake --install /home/hvalborg2/Desktop/P6_Robot_Driver/ROS2_Packages/build/bones
[4.100s] Level 1:colcon.colcon_core.environment:checking '/home/hvalborg2/Desktop/P6_Robot_Driver/ROS2_Packages/install/bones' for CMake config files
[4.102s] Level 1:colcon.colcon_core.shell:create_environment_hook('bones', 'cmake_prefix_path')
[4.104s] INFO:colcon.colcon_core.shell:Creating environment hook '/home/hvalborg2/Desktop/P6_Robot_Driver/ROS2_Packages/install/bones/share/bones/hook/cmake_prefix_path.ps1'
[4.119s] INFO:colcon.colcon_core.shell:Creating environment descriptor '/home/hvalborg2/Desktop/P6_Robot_Driver/ROS2_Packages/install/bones/share/bones/hook/cmake_prefix_path.dsv'
[4.121s] INFO:colcon.colcon_core.shell:Creating environment hook '/home/hvalborg2/Desktop/P6_Robot_Driver/ROS2_Packages/install/bones/share/bones/hook/cmake_prefix_path.sh'
[4.125s] Level 1:colcon.colcon_core.environment:checking '/home/hvalborg2/Desktop/P6_Robot_Driver/ROS2_Packages/install/bones/lib'
[4.126s] Level 1:colcon.colcon_core.environment:checking '/home/hvalborg2/Desktop/P6_Robot_Driver/ROS2_Packages/install/bones/bin'
[4.127s] Level 1:colcon.colcon_core.environment:checking '/home/hvalborg2/Desktop/P6_Robot_Driver/ROS2_Packages/install/bones/lib/pkgconfig/bones.pc'
[4.128s] Level 1:colcon.colcon_core.environment:checking '/home/hvalborg2/Desktop/P6_Robot_Driver/ROS2_Packages/install/bones/lib/python3.10/site-packages'
[4.129s] Level 1:colcon.colcon_core.environment:checking '/home/hvalborg2/Desktop/P6_Robot_Driver/ROS2_Packages/install/bones/bin'
[4.131s] INFO:colcon.colcon_core.shell:Creating package script '/home/hvalborg2/Desktop/P6_Robot_Driver/ROS2_Packages/install/bones/share/bones/package.ps1'
[4.134s] INFO:colcon.colcon_core.shell:Creating package descriptor '/home/hvalborg2/Desktop/P6_Robot_Driver/ROS2_Packages/install/bones/share/bones/package.dsv'
[4.137s] INFO:colcon.colcon_core.shell:Creating package script '/home/hvalborg2/Desktop/P6_Robot_Driver/ROS2_Packages/install/bones/share/bones/package.sh'
[4.140s] INFO:colcon.colcon_core.shell:Creating package script '/home/hvalborg2/Desktop/P6_Robot_Driver/ROS2_Packages/install/bones/share/bones/package.bash'
[4.143s] INFO:colcon.colcon_core.shell:Creating package script '/home/hvalborg2/Desktop/P6_Robot_Driver/ROS2_Packages/install/bones/share/bones/package.zsh'
[4.146s] Level 1:colcon.colcon_core.environment:create_file_with_runtime_dependencies(/home/hvalborg2/Desktop/P6_Robot_Driver/ROS2_Packages/install/bones/share/colcon-core/packages/bones)
[4.173s] DEBUG:colcon.colcon_core.event_handler.log_command:Invoked command in '/home/hvalborg2/Desktop/P6_Robot_Driver/ROS2_Packages/build/pubsub' returned '0': CMAKE_PREFIX_PATH=${CMAKE_PREFIX_PATH}:/home/hvalborg2/turtlebot3_ws/install/turtlebot3_teleop:/home/hvalborg2/turtlebot3_ws/install/turtlebot3_example:/home/hvalborg2/Desktop/P6_Robot_Driver/ROS2_Packages/install/py_Driver:/home/hvalborg2/Desktop/P6_Robot_Driver/ROS2_Packages/install/lidar:/opt/ros/humble /usr/bin/cmake --build /home/hvalborg2/Desktop/P6_Robot_Driver/ROS2_Packages/build/pubsub -- -j4 -l4
[4.313s] Level 1:colcon.colcon_core.environment:create_environment_scripts_only(camera_pack)
[4.315s] Level 1:colcon.colcon_core.environment:checking '/home/hvalborg2/Desktop/P6_Robot_Driver/ROS2_Packages/install/camera_pack' for CMake module files
[4.319s] Level 1:colcon.colcon_core.environment:checking '/home/hvalborg2/Desktop/P6_Robot_Driver/ROS2_Packages/install/camera_pack' for CMake config files
[4.321s] Level 1:colcon.colcon_core.shell:create_environment_hook('camera_pack', 'cmake_prefix_path')
[4.322s] INFO:colcon.colcon_core.shell:Creating environment hook '/home/hvalborg2/Desktop/P6_Robot_Driver/ROS2_Packages/install/camera_pack/share/camera_pack/hook/cmake_prefix_path.ps1'
[4.324s] INFO:colcon.colcon_core.shell:Creating environment descriptor '/home/hvalborg2/Desktop/P6_Robot_Driver/ROS2_Packages/install/camera_pack/share/camera_pack/hook/cmake_prefix_path.dsv'
[4.327s] INFO:colcon.colcon_core.shell:Creating environment hook '/home/hvalborg2/Desktop/P6_Robot_Driver/ROS2_Packages/install/camera_pack/share/camera_pack/hook/cmake_prefix_path.sh'
[4.330s] Level 1:colcon.colcon_core.environment:checking '/home/hvalborg2/Desktop/P6_Robot_Driver/ROS2_Packages/install/camera_pack/lib'
[4.331s] Level 1:colcon.colcon_core.environment:checking '/home/hvalborg2/Desktop/P6_Robot_Driver/ROS2_Packages/install/camera_pack/bin'
[4.331s] Level 1:colcon.colcon_core.environment:checking '/home/hvalborg2/Desktop/P6_Robot_Driver/ROS2_Packages/install/camera_pack/lib/pkgconfig/camera_pack.pc'
[4.332s] Level 1:colcon.colcon_core.environment:checking '/home/hvalborg2/Desktop/P6_Robot_Driver/ROS2_Packages/install/camera_pack/lib/python3.10/site-packages'
[4.334s] Level 1:colcon.colcon_core.environment:checking '/home/hvalborg2/Desktop/P6_Robot_Driver/ROS2_Packages/install/camera_pack/bin'
[4.335s] INFO:colcon.colcon_core.shell:Creating package script '/home/hvalborg2/Desktop/P6_Robot_Driver/ROS2_Packages/install/camera_pack/share/camera_pack/package.ps1'
[4.338s] INFO:colcon.colcon_core.shell:Creating package descriptor '/home/hvalborg2/Desktop/P6_Robot_Driver/ROS2_Packages/install/camera_pack/share/camera_pack/package.dsv'
[4.341s] INFO:colcon.colcon_core.shell:Creating package script '/home/hvalborg2/Desktop/P6_Robot_Driver/ROS2_Packages/install/camera_pack/share/camera_pack/package.sh'
[4.344s] INFO:colcon.colcon_core.shell:Creating package script '/home/hvalborg2/Desktop/P6_Robot_Driver/ROS2_Packages/install/camera_pack/share/camera_pack/package.bash'
[4.347s] INFO:colcon.colcon_core.shell:Creating package script '/home/hvalborg2/Desktop/P6_Robot_Driver/ROS2_Packages/install/camera_pack/share/camera_pack/package.zsh'
[4.351s] Level 1:colcon.colcon_core.environment:create_file_with_runtime_dependencies(/home/hvalborg2/Desktop/P6_Robot_Driver/ROS2_Packages/install/camera_pack/share/colcon-core/packages/camera_pack)
[4.355s] INFO:colcon.colcon_ros.task.ament_python.build:Building ROS package in '/home/hvalborg2/Desktop/P6_Robot_Driver/ROS2_Packages/src/py_Driver' with build type 'ament_python'
[4.357s] Level 1:colcon.colcon_core.shell:create_environment_hook('py_Driver', 'ament_prefix_path')
[4.358s] INFO:colcon.colcon_core.shell:Creating environment hook '/home/hvalborg2/Desktop/P6_Robot_Driver/ROS2_Packages/install/py_Driver/share/py_Driver/hook/ament_prefix_path.ps1'
[4.360s] INFO:colcon.colcon_core.shell:Creating environment descriptor '/home/hvalborg2/Desktop/P6_Robot_Driver/ROS2_Packages/install/py_Driver/share/py_Driver/hook/ament_prefix_path.dsv'
[4.362s] INFO:colcon.colcon_core.shell:Creating environment hook '/home/hvalborg2/Desktop/P6_Robot_Driver/ROS2_Packages/install/py_Driver/share/py_Driver/hook/ament_prefix_path.sh'
[4.366s] INFO:colcon.colcon_core.shell:Skip shell extension 'powershell' for command environment: Not usable outside of PowerShell
[4.367s] DEBUG:colcon.colcon_core.shell:Skip shell extension 'dsv' for command environment
[4.401s] Level 1:colcon.colcon_core.environment:create_environment_scripts_only(bones)
[4.403s] Level 1:colcon.colcon_core.environment:checking '/home/hvalborg2/Desktop/P6_Robot_Driver/ROS2_Packages/install/bones' for CMake module files
[4.406s] Level 1:colcon.colcon_core.environment:checking '/home/hvalborg2/Desktop/P6_Robot_Driver/ROS2_Packages/install/bones' for CMake config files
[4.407s] Level 1:colcon.colcon_core.shell:create_environment_hook('bones', 'cmake_prefix_path')
[4.409s] INFO:colcon.colcon_core.shell:Creating environment hook '/home/hvalborg2/Desktop/P6_Robot_Driver/ROS2_Packages/install/bones/share/bones/hook/cmake_prefix_path.ps1'
[4.411s] INFO:colcon.colcon_core.shell:Creating environment descriptor '/home/hvalborg2/Desktop/P6_Robot_Driver/ROS2_Packages/install/bones/share/bones/hook/cmake_prefix_path.dsv'
[4.413s] INFO:colcon.colcon_core.shell:Creating environment hook '/home/hvalborg2/Desktop/P6_Robot_Driver/ROS2_Packages/install/bones/share/bones/hook/cmake_prefix_path.sh'
[4.416s] Level 1:colcon.colcon_core.environment:checking '/home/hvalborg2/Desktop/P6_Robot_Driver/ROS2_Packages/install/bones/lib'
[4.417s] Level 1:colcon.colcon_core.environment:checking '/home/hvalborg2/Desktop/P6_Robot_Driver/ROS2_Packages/install/bones/bin'
[4.417s] Level 1:colcon.colcon_core.environment:checking '/home/hvalborg2/Desktop/P6_Robot_Driver/ROS2_Packages/install/bones/lib/pkgconfig/bones.pc'
[4.418s] Level 1:colcon.colcon_core.environment:checking '/home/hvalborg2/Desktop/P6_Robot_Driver/ROS2_Packages/install/bones/lib/python3.10/site-packages'
[4.419s] Level 1:colcon.colcon_core.environment:checking '/home/hvalborg2/Desktop/P6_Robot_Driver/ROS2_Packages/install/bones/bin'
[4.421s] INFO:colcon.colcon_core.shell:Creating package script '/home/hvalborg2/Desktop/P6_Robot_Driver/ROS2_Packages/install/bones/share/bones/package.ps1'
[4.423s] INFO:colcon.colcon_core.shell:Creating package descriptor '/home/hvalborg2/Desktop/P6_Robot_Driver/ROS2_Packages/install/bones/share/bones/package.dsv'
[4.426s] INFO:colcon.colcon_core.shell:Creating package script '/home/hvalborg2/Desktop/P6_Robot_Driver/ROS2_Packages/install/bones/share/bones/package.sh'
[4.428s] INFO:colcon.colcon_core.shell:Creating package script '/home/hvalborg2/Desktop/P6_Robot_Driver/ROS2_Packages/install/bones/share/bones/package.bash'
[4.431s] INFO:colcon.colcon_core.shell:Creating package script '/home/hvalborg2/Desktop/P6_Robot_Driver/ROS2_Packages/install/bones/share/bones/package.zsh'
[4.433s] Level 1:colcon.colcon_core.environment:create_file_with_runtime_dependencies(/home/hvalborg2/Desktop/P6_Robot_Driver/ROS2_Packages/install/bones/share/colcon-core/packages/bones)
[4.446s] DEBUG:colcon.colcon_core.event_handler.log_command:Invoking command in '/home/hvalborg2/Desktop/P6_Robot_Driver/ROS2_Packages/build/pubsub': CMAKE_PREFIX_PATH=${CMAKE_PREFIX_PATH}:/home/hvalborg2/turtlebot3_ws/install/turtlebot3_teleop:/home/hvalborg2/turtlebot3_ws/install/turtlebot3_example:/home/hvalborg2/Desktop/P6_Robot_Driver/ROS2_Packages/install/py_Driver:/home/hvalborg2/Desktop/P6_Robot_Driver/ROS2_Packages/install/lidar:/opt/ros/humble /usr/bin/cmake --install /home/hvalborg2/Desktop/P6_Robot_Driver/ROS2_Packages/build/pubsub
[6.072s] INFO:colcon.colcon_core.task.python.build:Building Python package in '/home/hvalborg2/Desktop/P6_Robot_Driver/ROS2_Packages/src/py_Driver'
[6.073s] INFO:colcon.colcon_core.shell:Skip shell extension 'powershell' for command environment: Not usable outside of PowerShell
[6.073s] DEBUG:colcon.colcon_core.shell:Skip shell extension 'dsv' for command environment
[6.119s] Level 1:colcon.colcon_core.environment:create_environment_scripts_only(pubsub)
[6.121s] Level 1:colcon.colcon_core.environment:checking '/home/hvalborg2/Desktop/P6_Robot_Driver/ROS2_Packages/install/pubsub' for CMake module files
[6.125s] DEBUG:colcon.colcon_core.event_handler.log_command:Invoking command in '/home/hvalborg2/Desktop/P6_Robot_Driver/ROS2_Packages/src/lidar': PYTHONPATH=/home/hvalborg2/Desktop/P6_Robot_Driver/ROS2_Packages/build/lidar/prefix_override:/home/hvalborg2/Desktop/P6_Robot_Driver/ROS2_Packages/install/lidar/lib/python3.10/site-packages:${PYTHONPATH} /usr/bin/python3 -W ignore:setup.py install is deprecated setup.py egg_info --egg-base ../../build/lidar build --build-base /home/hvalborg2/Desktop/P6_Robot_Driver/ROS2_Packages/build/lidar/build install --record /home/hvalborg2/Desktop/P6_Robot_Driver/ROS2_Packages/build/lidar/install.log --single-version-externally-managed install_data
[6.127s] DEBUG:colcon.colcon_core.event_handler.log_command:Invoked command in '/home/hvalborg2/Desktop/P6_Robot_Driver/ROS2_Packages/build/pubsub' returned '0': CMAKE_PREFIX_PATH=${CMAKE_PREFIX_PATH}:/home/hvalborg2/turtlebot3_ws/install/turtlebot3_teleop:/home/hvalborg2/turtlebot3_ws/install/turtlebot3_example:/home/hvalborg2/Desktop/P6_Robot_Driver/ROS2_Packages/install/py_Driver:/home/hvalborg2/Desktop/P6_Robot_Driver/ROS2_Packages/install/lidar:/opt/ros/humble /usr/bin/cmake --install /home/hvalborg2/Desktop/P6_Robot_Driver/ROS2_Packages/build/pubsub
[6.129s] Level 1:colcon.colcon_core.environment:checking '/home/hvalborg2/Desktop/P6_Robot_Driver/ROS2_Packages/install/pubsub' for CMake config files
[6.132s] Level 1:colcon.colcon_core.shell:create_environment_hook('pubsub', 'cmake_prefix_path')
[6.133s] INFO:colcon.colcon_core.shell:Creating environment hook '/home/hvalborg2/Desktop/P6_Robot_Driver/ROS2_Packages/install/pubsub/share/pubsub/hook/cmake_prefix_path.ps1'
[6.136s] INFO:colcon.colcon_core.shell:Creating environment descriptor '/home/hvalborg2/Desktop/P6_Robot_Driver/ROS2_Packages/install/pubsub/share/pubsub/hook/cmake_prefix_path.dsv'
[6.138s] INFO:colcon.colcon_core.shell:Creating environment hook '/home/hvalborg2/Desktop/P6_Robot_Driver/ROS2_Packages/install/pubsub/share/pubsub/hook/cmake_prefix_path.sh'
[6.140s] Level 1:colcon.colcon_core.environment:checking '/home/hvalborg2/Desktop/P6_Robot_Driver/ROS2_Packages/install/pubsub/lib'
[6.141s] Level 1:colcon.colcon_core.environment:checking '/home/hvalborg2/Desktop/P6_Robot_Driver/ROS2_Packages/install/pubsub/bin'
[6.141s] Level 1:colcon.colcon_core.environment:checking '/home/hvalborg2/Desktop/P6_Robot_Driver/ROS2_Packages/install/pubsub/lib/pkgconfig/pubsub.pc'
[6.142s] Level 1:colcon.colcon_core.environment:checking '/home/hvalborg2/Desktop/P6_Robot_Driver/ROS2_Packages/install/pubsub/lib/python3.10/site-packages'
[6.144s] Level 1:colcon.colcon_core.environment:checking '/home/hvalborg2/Desktop/P6_Robot_Driver/ROS2_Packages/install/pubsub/bin'
[6.145s] INFO:colcon.colcon_core.shell:Creating package script '/home/hvalborg2/Desktop/P6_Robot_Driver/ROS2_Packages/install/pubsub/share/pubsub/package.ps1'
[6.148s] INFO:colcon.colcon_core.shell:Creating package descriptor '/home/hvalborg2/Desktop/P6_Robot_Driver/ROS2_Packages/install/pubsub/share/pubsub/package.dsv'
[6.150s] INFO:colcon.colcon_core.shell:Creating package script '/home/hvalborg2/Desktop/P6_Robot_Driver/ROS2_Packages/install/pubsub/share/pubsub/package.sh'
[6.152s] INFO:colcon.colcon_core.shell:Creating package script '/home/hvalborg2/Desktop/P6_Robot_Driver/ROS2_Packages/install/pubsub/share/pubsub/package.bash'
[6.154s] INFO:colcon.colcon_core.shell:Creating package script '/home/hvalborg2/Desktop/P6_Robot_Driver/ROS2_Packages/install/pubsub/share/pubsub/package.zsh'
[6.156s] Level 1:colcon.colcon_core.environment:create_file_with_runtime_dependencies(/home/hvalborg2/Desktop/P6_Robot_Driver/ROS2_Packages/install/pubsub/share/colcon-core/packages/pubsub)
[6.366s] Level 1:colcon.colcon_core.environment:create_environment_scripts_only(pubsub)
[6.368s] Level 1:colcon.colcon_core.environment:checking '/home/hvalborg2/Desktop/P6_Robot_Driver/ROS2_Packages/install/pubsub' for CMake module files
[6.372s] Level 1:colcon.colcon_core.environment:checking '/home/hvalborg2/Desktop/P6_Robot_Driver/ROS2_Packages/install/pubsub' for CMake config files
[6.374s] Level 1:colcon.colcon_core.shell:create_environment_hook('pubsub', 'cmake_prefix_path')
[6.376s] INFO:colcon.colcon_core.shell:Creating environment hook '/home/hvalborg2/Desktop/P6_Robot_Driver/ROS2_Packages/install/pubsub/share/pubsub/hook/cmake_prefix_path.ps1'
[6.379s] INFO:colcon.colcon_core.shell:Creating environment descriptor '/home/hvalborg2/Desktop/P6_Robot_Driver/ROS2_Packages/install/pubsub/share/pubsub/hook/cmake_prefix_path.dsv'
[6.381s] INFO:colcon.colcon_core.shell:Creating environment hook '/home/hvalborg2/Desktop/P6_Robot_Driver/ROS2_Packages/install/pubsub/share/pubsub/hook/cmake_prefix_path.sh'
[6.385s] Level 1:colcon.colcon_core.environment:checking '/home/hvalborg2/Desktop/P6_Robot_Driver/ROS2_Packages/install/pubsub/lib'
[6.386s] Level 1:colcon.colcon_core.environment:checking '/home/hvalborg2/Desktop/P6_Robot_Driver/ROS2_Packages/install/pubsub/bin'
[6.387s] Level 1:colcon.colcon_core.environment:checking '/home/hvalborg2/Desktop/P6_Robot_Driver/ROS2_Packages/install/pubsub/lib/pkgconfig/pubsub.pc'
[6.388s] Level 1:colcon.colcon_core.environment:checking '/home/hvalborg2/Desktop/P6_Robot_Driver/ROS2_Packages/install/pubsub/lib/python3.10/site-packages'
[6.389s] Level 1:colcon.colcon_core.environment:checking '/home/hvalborg2/Desktop/P6_Robot_Driver/ROS2_Packages/install/pubsub/bin'
[6.391s] INFO:colcon.colcon_core.shell:Creating package script '/home/hvalborg2/Desktop/P6_Robot_Driver/ROS2_Packages/install/pubsub/share/pubsub/package.ps1'
[6.395s] INFO:colcon.colcon_core.shell:Creating package descriptor '/home/hvalborg2/Desktop/P6_Robot_Driver/ROS2_Packages/install/pubsub/share/pubsub/package.dsv'
[6.398s] INFO:colcon.colcon_core.shell:Creating package script '/home/hvalborg2/Desktop/P6_Robot_Driver/ROS2_Packages/install/pubsub/share/pubsub/package.sh'
[6.401s] INFO:colcon.colcon_core.shell:Creating package script '/home/hvalborg2/Desktop/P6_Robot_Driver/ROS2_Packages/install/pubsub/share/pubsub/package.bash'
[6.405s] INFO:colcon.colcon_core.shell:Creating package script '/home/hvalborg2/Desktop/P6_Robot_Driver/ROS2_Packages/install/pubsub/share/pubsub/package.zsh'
[6.409s] Level 1:colcon.colcon_core.environment:create_file_with_runtime_dependencies(/home/hvalborg2/Desktop/P6_Robot_Driver/ROS2_Packages/install/pubsub/share/colcon-core/packages/pubsub)
[7.884s] Level 1:colcon.colcon_core.environment:checking '/home/hvalborg2/Desktop/P6_Robot_Driver/ROS2_Packages/install/lidar' for CMake module files
[7.887s] DEBUG:colcon.colcon_core.event_handler.log_command:Invoked command in '/home/hvalborg2/Desktop/P6_Robot_Driver/ROS2_Packages/src/lidar' returned '0': PYTHONPATH=/home/hvalborg2/Desktop/P6_Robot_Driver/ROS2_Packages/build/lidar/prefix_override:/home/hvalborg2/Desktop/P6_Robot_Driver/ROS2_Packages/install/lidar/lib/python3.10/site-packages:${PYTHONPATH} /usr/bin/python3 -W ignore:setup.py install is deprecated setup.py egg_info --egg-base ../../build/lidar build --build-base /home/hvalborg2/Desktop/P6_Robot_Driver/ROS2_Packages/build/lidar/build install --record /home/hvalborg2/Desktop/P6_Robot_Driver/ROS2_Packages/build/lidar/install.log --single-version-externally-managed install_data
[7.890s] Level 1:colcon.colcon_core.environment:checking '/home/hvalborg2/Desktop/P6_Robot_Driver/ROS2_Packages/install/lidar' for CMake config files
[7.895s] Level 1:colcon.colcon_core.environment:checking '/home/hvalborg2/Desktop/P6_Robot_Driver/ROS2_Packages/install/lidar/lib'
[7.896s] Level 1:colcon.colcon_core.environment:checking '/home/hvalborg2/Desktop/P6_Robot_Driver/ROS2_Packages/install/lidar/bin'
[7.896s] Level 1:colcon.colcon_core.environment:checking '/home/hvalborg2/Desktop/P6_Robot_Driver/ROS2_Packages/install/lidar/lib/pkgconfig/lidar.pc'
[7.897s] Level 1:colcon.colcon_core.environment:checking '/home/hvalborg2/Desktop/P6_Robot_Driver/ROS2_Packages/install/lidar/lib/python3.10/site-packages'
[7.898s] Level 1:colcon.colcon_core.shell:create_environment_hook('lidar', 'pythonpath')
[7.899s] INFO:colcon.colcon_core.shell:Creating environment hook '/home/hvalborg2/Desktop/P6_Robot_Driver/ROS2_Packages/install/lidar/share/lidar/hook/pythonpath.ps1'
[7.901s] INFO:colcon.colcon_core.shell:Creating environment descriptor '/home/hvalborg2/Desktop/P6_Robot_Driver/ROS2_Packages/install/lidar/share/lidar/hook/pythonpath.dsv'
[7.904s] INFO:colcon.colcon_core.shell:Creating environment hook '/home/hvalborg2/Desktop/P6_Robot_Driver/ROS2_Packages/install/lidar/share/lidar/hook/pythonpath.sh'
[7.907s] Level 1:colcon.colcon_core.environment:checking '/home/hvalborg2/Desktop/P6_Robot_Driver/ROS2_Packages/install/lidar/bin'
[7.908s] Level 1:colcon.colcon_core.environment:create_environment_scripts_only(lidar)
[7.909s] INFO:colcon.colcon_core.shell:Creating package script '/home/hvalborg2/Desktop/P6_Robot_Driver/ROS2_Packages/install/lidar/share/lidar/package.ps1'
[7.912s] INFO:colcon.colcon_core.shell:Creating package descriptor '/home/hvalborg2/Desktop/P6_Robot_Driver/ROS2_Packages/install/lidar/share/lidar/package.dsv'
[7.915s] INFO:colcon.colcon_core.shell:Creating package script '/home/hvalborg2/Desktop/P6_Robot_Driver/ROS2_Packages/install/lidar/share/lidar/package.sh'
[7.917s] INFO:colcon.colcon_core.shell:Creating package script '/home/hvalborg2/Desktop/P6_Robot_Driver/ROS2_Packages/install/lidar/share/lidar/package.bash'
[7.919s] INFO:colcon.colcon_core.shell:Creating package script '/home/hvalborg2/Desktop/P6_Robot_Driver/ROS2_Packages/install/lidar/share/lidar/package.zsh'
[7.922s] Level 1:colcon.colcon_core.environment:create_file_with_runtime_dependencies(/home/hvalborg2/Desktop/P6_Robot_Driver/ROS2_Packages/install/lidar/share/colcon-core/packages/lidar)
[8.148s] DEBUG:colcon.colcon_core.event_handler.log_command:Invoking command in '/home/hvalborg2/Desktop/P6_Robot_Driver/ROS2_Packages/src/py_Driver': PYTHONPATH=/home/hvalborg2/Desktop/P6_Robot_Driver/ROS2_Packages/build/py_Driver/prefix_override:/home/hvalborg2/Desktop/P6_Robot_Driver/ROS2_Packages/install/py_Driver/lib/python3.10/site-packages:${PYTHONPATH} /usr/bin/python3 -W ignore:setup.py install is deprecated setup.py egg_info --egg-base ../../build/py_Driver build --build-base /home/hvalborg2/Desktop/P6_Robot_Driver/ROS2_Packages/build/py_Driver/build install --record /home/hvalborg2/Desktop/P6_Robot_Driver/ROS2_Packages/build/py_Driver/install.log --single-version-externally-managed install_data
[9.700s] Level 1:colcon.colcon_core.environment:checking '/home/hvalborg2/Desktop/P6_Robot_Driver/ROS2_Packages/install/py_Driver' for CMake module files
[9.702s] DEBUG:colcon.colcon_core.event_handler.log_command:Invoked command in '/home/hvalborg2/Desktop/P6_Robot_Driver/ROS2_Packages/src/py_Driver' returned '0': PYTHONPATH=/home/hvalborg2/Desktop/P6_Robot_Driver/ROS2_Packages/build/py_Driver/prefix_override:/home/hvalborg2/Desktop/P6_Robot_Driver/ROS2_Packages/install/py_Driver/lib/python3.10/site-packages:${PYTHONPATH} /usr/bin/python3 -W ignore:setup.py install is deprecated setup.py egg_info --egg-base ../../build/py_Driver build --build-base /home/hvalborg2/Desktop/P6_Robot_Driver/ROS2_Packages/build/py_Driver/build install --record /home/hvalborg2/Desktop/P6_Robot_Driver/ROS2_Packages/build/py_Driver/install.log --single-version-externally-managed install_data
[9.705s] Level 1:colcon.colcon_core.environment:checking '/home/hvalborg2/Desktop/P6_Robot_Driver/ROS2_Packages/install/py_Driver' for CMake config files
[9.710s] Level 1:colcon.colcon_core.environment:checking '/home/hvalborg2/Desktop/P6_Robot_Driver/ROS2_Packages/install/py_Driver/lib'
[9.710s] Level 1:colcon.colcon_core.environment:checking '/home/hvalborg2/Desktop/P6_Robot_Driver/ROS2_Packages/install/py_Driver/bin'
[9.711s] Level 1:colcon.colcon_core.environment:checking '/home/hvalborg2/Desktop/P6_Robot_Driver/ROS2_Packages/install/py_Driver/lib/pkgconfig/py_Driver.pc'
[9.712s] Level 1:colcon.colcon_core.environment:checking '/home/hvalborg2/Desktop/P6_Robot_Driver/ROS2_Packages/install/py_Driver/lib/python3.10/site-packages'
[9.713s] Level 1:colcon.colcon_core.shell:create_environment_hook('py_Driver', 'pythonpath')
[9.714s] INFO:colcon.colcon_core.shell:Creating environment hook '/home/hvalborg2/Desktop/P6_Robot_Driver/ROS2_Packages/install/py_Driver/share/py_Driver/hook/pythonpath.ps1'
[9.717s] INFO:colcon.colcon_core.shell:Creating environment descriptor '/home/hvalborg2/Desktop/P6_Robot_Driver/ROS2_Packages/install/py_Driver/share/py_Driver/hook/pythonpath.dsv'
[9.719s] INFO:colcon.colcon_core.shell:Creating environment hook '/home/hvalborg2/Desktop/P6_Robot_Driver/ROS2_Packages/install/py_Driver/share/py_Driver/hook/pythonpath.sh'
[9.722s] Level 1:colcon.colcon_core.environment:checking '/home/hvalborg2/Desktop/P6_Robot_Driver/ROS2_Packages/install/py_Driver/bin'
[9.722s] Level 1:colcon.colcon_core.environment:create_environment_scripts_only(py_Driver)
[9.724s] INFO:colcon.colcon_core.shell:Creating package script '/home/hvalborg2/Desktop/P6_Robot_Driver/ROS2_Packages/install/py_Driver/share/py_Driver/package.ps1'
[9.726s] INFO:colcon.colcon_core.shell:Creating package descriptor '/home/hvalborg2/Desktop/P6_Robot_Driver/ROS2_Packages/install/py_Driver/share/py_Driver/package.dsv'
[9.729s] INFO:colcon.colcon_core.shell:Creating package script '/home/hvalborg2/Desktop/P6_Robot_Driver/ROS2_Packages/install/py_Driver/share/py_Driver/package.sh'
[9.731s] INFO:colcon.colcon_core.shell:Creating package script '/home/hvalborg2/Desktop/P6_Robot_Driver/ROS2_Packages/install/py_Driver/share/py_Driver/package.bash'
[9.733s] INFO:colcon.colcon_core.shell:Creating package script '/home/hvalborg2/Desktop/P6_Robot_Driver/ROS2_Packages/install/py_Driver/share/py_Driver/package.zsh'
[9.734s] Level 1:colcon.colcon_core.environment:create_file_with_runtime_dependencies(/home/hvalborg2/Desktop/P6_Robot_Driver/ROS2_Packages/install/py_Driver/share/colcon-core/packages/py_Driver)
[9.736s] DEBUG:colcon.colcon_parallel_executor.executor.parallel:closing loop
[9.737s] DEBUG:colcon.colcon_parallel_executor.executor.parallel:loop closed
[9.737s] DEBUG:colcon.colcon_parallel_executor.executor.parallel:run_until_complete finished with '0'
[9.738s] DEBUG:colcon.colcon_core.event_reactor:joining thread
[9.762s] INFO:colcon.colcon_core.plugin_system:Skipping extension 'colcon_notification.desktop_notification.terminal_notifier': Not used on non-Darwin systems
[9.762s] INFO:colcon.colcon_core.plugin_system:Skipping extension 'colcon_notification.desktop_notification.win32': Not used on non-Windows systems
[9.762s] INFO:colcon.colcon_notification.desktop_notification:Sending desktop notification using 'notify2'
[9.807s] DEBUG:colcon.colcon_core.event_reactor:joined thread
[9.808s] INFO:colcon.colcon_core.shell:Creating prefix script '/home/hvalborg2/Desktop/P6_Robot_Driver/ROS2_Packages/install/local_setup.ps1'
[9.812s] INFO:colcon.colcon_core.shell:Creating prefix util module '/home/hvalborg2/Desktop/P6_Robot_Driver/ROS2_Packages/install/_local_setup_util_ps1.py'
[9.818s] INFO:colcon.colcon_core.shell:Creating prefix chain script '/home/hvalborg2/Desktop/P6_Robot_Driver/ROS2_Packages/install/setup.ps1'
[9.827s] INFO:colcon.colcon_core.shell:Creating prefix script '/home/hvalborg2/Desktop/P6_Robot_Driver/ROS2_Packages/install/local_setup.sh'
[9.830s] INFO:colcon.colcon_core.shell:Creating prefix util module '/home/hvalborg2/Desktop/P6_Robot_Driver/ROS2_Packages/install/_local_setup_util_sh.py'
[9.832s] INFO:colcon.colcon_core.shell:Creating prefix chain script '/home/hvalborg2/Desktop/P6_Robot_Driver/ROS2_Packages/install/setup.sh'
[9.842s] INFO:colcon.colcon_core.shell:Creating prefix script '/home/hvalborg2/Desktop/P6_Robot_Driver/ROS2_Packages/install/local_setup.bash'
[9.844s] INFO:colcon.colcon_core.shell:Creating prefix chain script '/home/hvalborg2/Desktop/P6_Robot_Driver/ROS2_Packages/install/setup.bash'
[9.853s] INFO:colcon.colcon_core.shell:Creating prefix script '/home/hvalborg2/Desktop/P6_Robot_Driver/ROS2_Packages/install/local_setup.zsh'
[9.856s] INFO:colcon.colcon_core.shell:Creating prefix chain script '/home/hvalborg2/Desktop/P6_Robot_Driver/ROS2_Packages/install/setup.zsh'
