[0.834s] DEBUG:colcon:Command line arguments: ['/usr/bin/colcon', 'build', '--packages-select', 'py_Driver']
[0.834s] DEBUG:colcon:Parsed command line arguments: Namespace(log_base=None, log_level=None, verb_name='build', build_base='build', install_base='install', merge_install=False, symlink_install=False, test_result_base=None, continue_on_error=False, executor='parallel', parallel_workers=4, event_handlers=None, ignore_user_meta=False, metas=['./colcon.meta'], base_paths=['.'], packages_ignore=None, packages_ignore_regex=None, paths=None, packages_up_to=None, packages_up_to_regex=None, packages_above=None, packages_above_and_dependencies=None, packages_above_depth=None, packages_select_by_dep=None, packages_skip_by_dep=None, packages_skip_up_to=None, packages_select_build_failed=False, packages_skip_build_finished=False, packages_select_test_failures=False, packages_skip_test_passed=False, packages_select=['py_Driver'], packages_skip=None, packages_select_regex=None, packages_skip_regex=None, packages_start=None, packages_end=None, allow_overriding=[], cmake_args=None, cmake_target=None, cmake_target_skip_unavailable=False, cmake_clean_cache=False, cmake_clean_first=False, cmake_force_configure=False, ament_cmake_args=None, catkin_cmake_args=None, catkin_skip_building_tests=False, verb_parser=<colcon_defaults.argument_parser.defaults.DefaultArgumentsDecorator object at 0xffff97a64c10>, verb_extension=<colcon_core.verb.build.BuildVerb object at 0xffff97b797e0>, main=<bound method BuildVerb.main of <colcon_core.verb.build.BuildVerb object at 0xffff97b797e0>>)
[2.264s] Level 1:colcon.colcon_core.package_discovery:discover_packages(colcon_meta) check parameters
[2.264s] Level 1:colcon.colcon_core.package_discovery:discover_packages(recursive) check parameters
[2.265s] Level 1:colcon.colcon_core.package_discovery:discover_packages(ignore) check parameters
[2.265s] Level 1:colcon.colcon_core.package_discovery:discover_packages(path) check parameters
[2.265s] Level 1:colcon.colcon_core.package_discovery:discover_packages(colcon_meta) discover
[2.265s] Level 1:colcon.colcon_core.package_discovery:discover_packages(recursive) discover
[2.266s] INFO:colcon.colcon_core.package_discovery:Crawling recursively for packages in '/home/hvalborg2/Desktop/P6_Robot_Driver/ROS2_Packages'
[2.266s] Level 1:colcon.colcon_core.package_identification:_identify(.) by extensions ['ignore', 'ignore_ament_install']
[2.267s] Level 1:colcon.colcon_core.package_identification:_identify(.) by extension 'ignore'
[2.267s] Level 1:colcon.colcon_core.package_identification:_identify(.) by extension 'ignore_ament_install'
[2.268s] Level 1:colcon.colcon_core.package_identification:_identify(.) by extensions ['colcon_pkg']
[2.268s] Level 1:colcon.colcon_core.package_identification:_identify(.) by extension 'colcon_pkg'
[2.269s] Level 1:colcon.colcon_core.package_identification:_identify(.) by extensions ['colcon_meta']
[2.269s] Level 1:colcon.colcon_core.package_identification:_identify(.) by extension 'colcon_meta'
[2.269s] Level 1:colcon.colcon_core.package_identification:_identify(.) by extensions ['ros']
[2.270s] Level 1:colcon.colcon_core.package_identification:_identify(.) by extension 'ros'
[2.333s] Level 1:colcon.colcon_core.package_identification:_identify(.) by extensions ['cmake', 'python']
[2.333s] Level 1:colcon.colcon_core.package_identification:_identify(.) by extension 'cmake'
[2.334s] Level 1:colcon.colcon_core.package_identification:_identify(.) by extension 'python'
[2.334s] Level 1:colcon.colcon_core.package_identification:_identify(.) by extensions ['python_setup_py']
[2.334s] Level 1:colcon.colcon_core.package_identification:_identify(.) by extension 'python_setup_py'
[2.335s] Level 1:colcon.colcon_core.package_identification:_identify(build) by extensions ['ignore', 'ignore_ament_install']
[2.336s] Level 1:colcon.colcon_core.package_identification:_identify(build) by extension 'ignore'
[2.336s] Level 1:colcon.colcon_core.package_identification:_identify(build) ignored
[2.337s] Level 1:colcon.colcon_core.package_identification:_identify(install) by extensions ['ignore', 'ignore_ament_install']
[2.338s] Level 1:colcon.colcon_core.package_identification:_identify(install) by extension 'ignore'
[2.338s] Level 1:colcon.colcon_core.package_identification:_identify(install) ignored
[2.340s] Level 1:colcon.colcon_core.package_identification:_identify(log) by extensions ['ignore', 'ignore_ament_install']
[2.341s] Level 1:colcon.colcon_core.package_identification:_identify(log) by extension 'ignore'
[2.341s] Level 1:colcon.colcon_core.package_identification:_identify(log) ignored
[2.342s] Level 1:colcon.colcon_core.package_identification:_identify(src) by extensions ['ignore', 'ignore_ament_install']
[2.342s] Level 1:colcon.colcon_core.package_identification:_identify(src) by extension 'ignore'
[2.343s] Level 1:colcon.colcon_core.package_identification:_identify(src) by extension 'ignore_ament_install'
[2.343s] Level 1:colcon.colcon_core.package_identification:_identify(src) by extensions ['colcon_pkg']
[2.343s] Level 1:colcon.colcon_core.package_identification:_identify(src) by extension 'colcon_pkg'
[2.343s] Level 1:colcon.colcon_core.package_identification:_identify(src) by extensions ['colcon_meta']
[2.344s] Level 1:colcon.colcon_core.package_identification:_identify(src) by extension 'colcon_meta'
[2.344s] Level 1:colcon.colcon_core.package_identification:_identify(src) by extensions ['ros']
[2.344s] Level 1:colcon.colcon_core.package_identification:_identify(src) by extension 'ros'
[2.345s] Level 1:colcon.colcon_core.package_identification:_identify(src) by extensions ['cmake', 'python']
[2.345s] Level 1:colcon.colcon_core.package_identification:_identify(src) by extension 'cmake'
[2.346s] Level 1:colcon.colcon_core.package_identification:_identify(src) by extension 'python'
[2.346s] Level 1:colcon.colcon_core.package_identification:_identify(src) by extensions ['python_setup_py']
[2.346s] Level 1:colcon.colcon_core.package_identification:_identify(src) by extension 'python_setup_py'
[2.347s] Level 1:colcon.colcon_core.package_identification:_identify(src/bones) by extensions ['ignore', 'ignore_ament_install']
[2.347s] Level 1:colcon.colcon_core.package_identification:_identify(src/bones) by extension 'ignore'
[2.347s] Level 1:colcon.colcon_core.package_identification:_identify(src/bones) by extension 'ignore_ament_install'
[2.348s] Level 1:colcon.colcon_core.package_identification:_identify(src/bones) by extensions ['colcon_pkg']
[2.348s] Level 1:colcon.colcon_core.package_identification:_identify(src/bones) by extension 'colcon_pkg'
[2.348s] Level 1:colcon.colcon_core.package_identification:_identify(src/bones) by extensions ['colcon_meta']
[2.348s] Level 1:colcon.colcon_core.package_identification:_identify(src/bones) by extension 'colcon_meta'
[2.349s] Level 1:colcon.colcon_core.package_identification:_identify(src/bones) by extensions ['ros']
[2.349s] Level 1:colcon.colcon_core.package_identification:_identify(src/bones) by extension 'ros'
[2.359s] DEBUG:colcon.colcon_core.package_identification:Package 'src/bones' with type 'ros.ament_cmake' and name 'bones'
[2.359s] Level 1:colcon.colcon_core.package_identification:_identify(src/camera_pack) by extensions ['ignore', 'ignore_ament_install']
[2.360s] Level 1:colcon.colcon_core.package_identification:_identify(src/camera_pack) by extension 'ignore'
[2.360s] Level 1:colcon.colcon_core.package_identification:_identify(src/camera_pack) by extension 'ignore_ament_install'
[2.360s] Level 1:colcon.colcon_core.package_identification:_identify(src/camera_pack) by extensions ['colcon_pkg']
[2.361s] Level 1:colcon.colcon_core.package_identification:_identify(src/camera_pack) by extension 'colcon_pkg'
[2.361s] Level 1:colcon.colcon_core.package_identification:_identify(src/camera_pack) by extensions ['colcon_meta']
[2.361s] Level 1:colcon.colcon_core.package_identification:_identify(src/camera_pack) by extension 'colcon_meta'
[2.361s] Level 1:colcon.colcon_core.package_identification:_identify(src/camera_pack) by extensions ['ros']
[2.361s] Level 1:colcon.colcon_core.package_identification:_identify(src/camera_pack) by extension 'ros'
[2.364s] DEBUG:colcon.colcon_core.package_identification:Package 'src/camera_pack' with type 'ros.ament_cmake' and name 'camera_pack'
[2.364s] Level 1:colcon.colcon_core.package_identification:_identify(src/lidar) by extensions ['ignore', 'ignore_ament_install']
[2.365s] Level 1:colcon.colcon_core.package_identification:_identify(src/lidar) by extension 'ignore'
[2.365s] Level 1:colcon.colcon_core.package_identification:_identify(src/lidar) by extension 'ignore_ament_install'
[2.366s] Level 1:colcon.colcon_core.package_identification:_identify(src/lidar) by extensions ['colcon_pkg']
[2.366s] Level 1:colcon.colcon_core.package_identification:_identify(src/lidar) by extension 'colcon_pkg'
[2.366s] Level 1:colcon.colcon_core.package_identification:_identify(src/lidar) by extensions ['colcon_meta']
[2.366s] Level 1:colcon.colcon_core.package_identification:_identify(src/lidar) by extension 'colcon_meta'
[2.366s] Level 1:colcon.colcon_core.package_identification:_identify(src/lidar) by extensions ['ros']
[2.367s] Level 1:colcon.colcon_core.package_identification:_identify(src/lidar) by extension 'ros'
[2.370s] DEBUG:colcon.colcon_core.package_identification:Package 'src/lidar' with type 'ros.ament_python' and name 'lidar'
[2.370s] Level 1:colcon.colcon_core.package_identification:_identify(src/pubsub) by extensions ['ignore', 'ignore_ament_install']
[2.371s] Level 1:colcon.colcon_core.package_identification:_identify(src/pubsub) by extension 'ignore'
[2.371s] Level 1:colcon.colcon_core.package_identification:_identify(src/pubsub) by extension 'ignore_ament_install'
[2.371s] Level 1:colcon.colcon_core.package_identification:_identify(src/pubsub) by extensions ['colcon_pkg']
[2.372s] Level 1:colcon.colcon_core.package_identification:_identify(src/pubsub) by extension 'colcon_pkg'
[2.372s] Level 1:colcon.colcon_core.package_identification:_identify(src/pubsub) by extensions ['colcon_meta']
[2.372s] Level 1:colcon.colcon_core.package_identification:_identify(src/pubsub) by extension 'colcon_meta'
[2.372s] Level 1:colcon.colcon_core.package_identification:_identify(src/pubsub) by extensions ['ros']
[2.372s] Level 1:colcon.colcon_core.package_identification:_identify(src/pubsub) by extension 'ros'
[2.375s] DEBUG:colcon.colcon_core.package_identification:Package 'src/pubsub' with type 'ros.ament_cmake' and name 'pubsub'
[2.375s] Level 1:colcon.colcon_core.package_identification:_identify(src/py_Driver) by extensions ['ignore', 'ignore_ament_install']
[2.376s] Level 1:colcon.colcon_core.package_identification:_identify(src/py_Driver) by extension 'ignore'
[2.376s] Level 1:colcon.colcon_core.package_identification:_identify(src/py_Driver) by extension 'ignore_ament_install'
[2.376s] Level 1:colcon.colcon_core.package_identification:_identify(src/py_Driver) by extensions ['colcon_pkg']
[2.376s] Level 1:colcon.colcon_core.package_identification:_identify(src/py_Driver) by extension 'colcon_pkg'
[2.377s] Level 1:colcon.colcon_core.package_identification:_identify(src/py_Driver) by extensions ['colcon_meta']
[2.377s] Level 1:colcon.colcon_core.package_identification:_identify(src/py_Driver) by extension 'colcon_meta'
[2.377s] Level 1:colcon.colcon_core.package_identification:_identify(src/py_Driver) by extensions ['ros']
[2.377s] Level 1:colcon.colcon_core.package_identification:_identify(src/py_Driver) by extension 'ros'
[2.379s] DEBUG:colcon.colcon_core.package_identification:Package 'src/py_Driver' with type 'ros.ament_python' and name 'py_Driver'
[2.380s] Level 1:colcon.colcon_core.package_discovery:discover_packages(recursive) using defaults
[2.380s] Level 1:colcon.colcon_core.package_discovery:discover_packages(ignore) discover
[2.380s] Level 1:colcon.colcon_core.package_discovery:discover_packages(ignore) using defaults
[2.380s] Level 1:colcon.colcon_core.package_discovery:discover_packages(path) discover
[2.380s] Level 1:colcon.colcon_core.package_discovery:discover_packages(path) using defaults
[2.503s] INFO:colcon.colcon_core.package_selection:Skipping not selected package 'bones' in 'src/bones'
[2.503s] INFO:colcon.colcon_core.package_selection:Skipping not selected package 'camera_pack' in 'src/camera_pack'
[2.503s] INFO:colcon.colcon_core.package_selection:Skipping not selected package 'lidar' in 'src/lidar'
[2.504s] INFO:colcon.colcon_core.package_selection:Skipping not selected package 'pubsub' in 'src/pubsub'
[2.506s] Level 1:colcon.colcon_core.package_discovery:discover_packages(prefix_path) check parameters
[2.507s] Level 1:colcon.colcon_core.package_discovery:discover_packages(prefix_path) discover
[2.524s] DEBUG:colcon.colcon_installed_package_information.package_discovery:Found 6 installed packages in /home/hvalborg2/Desktop/P6_Robot_Driver/ROS2_Packages/install
[2.528s] DEBUG:colcon.colcon_installed_package_information.package_discovery:Found 7 installed packages in /home/hvalborg2/turtlebot3_ws/install
[2.539s] DEBUG:colcon.colcon_installed_package_information.package_discovery:Found 273 installed packages in /opt/ros/humble
[2.594s] Level 1:colcon.colcon_core.package_discovery:discover_packages(prefix_path) using defaults
[2.858s] Level 5:colcon.colcon_core.verb:set package 'py_Driver' build argument 'cmake_args' from command line to 'None'
[2.858s] Level 5:colcon.colcon_core.verb:set package 'py_Driver' build argument 'cmake_target' from command line to 'None'
[2.858s] Level 5:colcon.colcon_core.verb:set package 'py_Driver' build argument 'cmake_target_skip_unavailable' from command line to 'False'
[2.858s] Level 5:colcon.colcon_core.verb:set package 'py_Driver' build argument 'cmake_clean_cache' from command line to 'False'
[2.859s] Level 5:colcon.colcon_core.verb:set package 'py_Driver' build argument 'cmake_clean_first' from command line to 'False'
[2.859s] Level 5:colcon.colcon_core.verb:set package 'py_Driver' build argument 'cmake_force_configure' from command line to 'False'
[2.859s] Level 5:colcon.colcon_core.verb:set package 'py_Driver' build argument 'ament_cmake_args' from command line to 'None'
[2.859s] Level 5:colcon.colcon_core.verb:set package 'py_Driver' build argument 'catkin_cmake_args' from command line to 'None'
[2.859s] Level 5:colcon.colcon_core.verb:set package 'py_Driver' build argument 'catkin_skip_building_tests' from command line to 'False'
[2.859s] DEBUG:colcon.colcon_core.verb:Building package 'py_Driver' with the following arguments: {'ament_cmake_args': None, 'build_base': '/home/hvalborg2/Desktop/P6_Robot_Driver/ROS2_Packages/build/py_Driver', 'catkin_cmake_args': None, 'catkin_skip_building_tests': False, 'cmake_args': None, 'cmake_clean_cache': False, 'cmake_clean_first': False, 'cmake_force_configure': False, 'cmake_target': None, 'cmake_target_skip_unavailable': False, 'install_base': '/home/hvalborg2/Desktop/P6_Robot_Driver/ROS2_Packages/install/py_Driver', 'merge_install': False, 'path': '/home/hvalborg2/Desktop/P6_Robot_Driver/ROS2_Packages/src/py_Driver', 'symlink_install': False, 'test_result_base': None}
[2.860s] INFO:colcon.colcon_core.executor:Executing jobs using 'parallel' executor
[2.865s] DEBUG:colcon.colcon_parallel_executor.executor.parallel:run_until_complete
[2.866s] INFO:colcon.colcon_ros.task.ament_python.build:Building ROS package in '/home/hvalborg2/Desktop/P6_Robot_Driver/ROS2_Packages/src/py_Driver' with build type 'ament_python'
[2.866s] Level 1:colcon.colcon_core.shell:create_environment_hook('py_Driver', 'ament_prefix_path')
[2.890s] INFO:colcon.colcon_core.plugin_system:Skipping extension 'colcon_core.shell.bat': Not used on non-Windows systems
[2.891s] INFO:colcon.colcon_core.shell:Creating environment hook '/home/hvalborg2/Desktop/P6_Robot_Driver/ROS2_Packages/install/py_Driver/share/py_Driver/hook/ament_prefix_path.ps1'
[2.896s] INFO:colcon.colcon_core.shell:Creating environment descriptor '/home/hvalborg2/Desktop/P6_Robot_Driver/ROS2_Packages/install/py_Driver/share/py_Driver/hook/ament_prefix_path.dsv'
[2.904s] INFO:colcon.colcon_core.shell:Creating environment hook '/home/hvalborg2/Desktop/P6_Robot_Driver/ROS2_Packages/install/py_Driver/share/py_Driver/hook/ament_prefix_path.sh'
[2.910s] INFO:colcon.colcon_core.shell:Skip shell extension 'powershell' for command environment: Not usable outside of PowerShell
[2.911s] DEBUG:colcon.colcon_core.shell:Skip shell extension 'dsv' for command environment
[5.351s] INFO:colcon.colcon_core.task.python.build:Building Python package in '/home/hvalborg2/Desktop/P6_Robot_Driver/ROS2_Packages/src/py_Driver'
[5.353s] INFO:colcon.colcon_core.shell:Skip shell extension 'powershell' for command environment: Not usable outside of PowerShell
[5.353s] DEBUG:colcon.colcon_core.shell:Skip shell extension 'dsv' for command environment
[8.010s] DEBUG:colcon.colcon_core.event_handler.log_command:Invoking command in '/home/hvalborg2/Desktop/P6_Robot_Driver/ROS2_Packages/src/py_Driver': PYTHONPATH=/home/hvalborg2/Desktop/P6_Robot_Driver/ROS2_Packages/build/py_Driver/prefix_override:/home/hvalborg2/Desktop/P6_Robot_Driver/ROS2_Packages/install/py_Driver/lib/python3.10/site-packages:${PYTHONPATH} /usr/bin/python3 -W ignore:setup.py install is deprecated setup.py egg_info --egg-base ../../build/py_Driver build --build-base /home/hvalborg2/Desktop/P6_Robot_Driver/ROS2_Packages/build/py_Driver/build install --record /home/hvalborg2/Desktop/P6_Robot_Driver/ROS2_Packages/build/py_Driver/install.log --single-version-externally-managed install_data
[10.377s] DEBUG:colcon.colcon_core.event_handler.log_command:Invoked command in '/home/hvalborg2/Desktop/P6_Robot_Driver/ROS2_Packages/src/py_Driver' returned '0': PYTHONPATH=/home/hvalborg2/Desktop/P6_Robot_Driver/ROS2_Packages/build/py_Driver/prefix_override:/home/hvalborg2/Desktop/P6_Robot_Driver/ROS2_Packages/install/py_Driver/lib/python3.10/site-packages:${PYTHONPATH} /usr/bin/python3 -W ignore:setup.py install is deprecated setup.py egg_info --egg-base ../../build/py_Driver build --build-base /home/hvalborg2/Desktop/P6_Robot_Driver/ROS2_Packages/build/py_Driver/build install --record /home/hvalborg2/Desktop/P6_Robot_Driver/ROS2_Packages/build/py_Driver/install.log --single-version-externally-managed install_data
[10.403s] Level 1:colcon.colcon_core.environment:checking '/home/hvalborg2/Desktop/P6_Robot_Driver/ROS2_Packages/install/py_Driver' for CMake module files
[10.406s] Level 1:colcon.colcon_core.environment:checking '/home/hvalborg2/Desktop/P6_Robot_Driver/ROS2_Packages/install/py_Driver' for CMake config files
[10.412s] Level 1:colcon.colcon_core.environment:checking '/home/hvalborg2/Desktop/P6_Robot_Driver/ROS2_Packages/install/py_Driver/lib'
[10.414s] Level 1:colcon.colcon_core.environment:checking '/home/hvalborg2/Desktop/P6_Robot_Driver/ROS2_Packages/install/py_Driver/bin'
[10.414s] Level 1:colcon.colcon_core.environment:checking '/home/hvalborg2/Desktop/P6_Robot_Driver/ROS2_Packages/install/py_Driver/lib/pkgconfig/py_Driver.pc'
[10.423s] Level 1:colcon.colcon_core.environment:checking '/home/hvalborg2/Desktop/P6_Robot_Driver/ROS2_Packages/install/py_Driver/lib/python3.10/site-packages'
[10.423s] Level 1:colcon.colcon_core.shell:create_environment_hook('py_Driver', 'pythonpath')
[10.424s] INFO:colcon.colcon_core.shell:Creating environment hook '/home/hvalborg2/Desktop/P6_Robot_Driver/ROS2_Packages/install/py_Driver/share/py_Driver/hook/pythonpath.ps1'
[10.427s] INFO:colcon.colcon_core.shell:Creating environment descriptor '/home/hvalborg2/Desktop/P6_Robot_Driver/ROS2_Packages/install/py_Driver/share/py_Driver/hook/pythonpath.dsv'
[10.440s] INFO:colcon.colcon_core.shell:Creating environment hook '/home/hvalborg2/Desktop/P6_Robot_Driver/ROS2_Packages/install/py_Driver/share/py_Driver/hook/pythonpath.sh'
[10.443s] Level 1:colcon.colcon_core.environment:checking '/home/hvalborg2/Desktop/P6_Robot_Driver/ROS2_Packages/install/py_Driver/bin'
[10.444s] Level 1:colcon.colcon_core.environment:create_environment_scripts_only(py_Driver)
[10.445s] INFO:colcon.colcon_core.shell:Creating package script '/home/hvalborg2/Desktop/P6_Robot_Driver/ROS2_Packages/install/py_Driver/share/py_Driver/package.ps1'
[10.457s] INFO:colcon.colcon_core.shell:Creating package descriptor '/home/hvalborg2/Desktop/P6_Robot_Driver/ROS2_Packages/install/py_Driver/share/py_Driver/package.dsv'
[10.461s] INFO:colcon.colcon_core.shell:Creating package script '/home/hvalborg2/Desktop/P6_Robot_Driver/ROS2_Packages/install/py_Driver/share/py_Driver/package.sh'
[10.476s] INFO:colcon.colcon_core.shell:Creating package script '/home/hvalborg2/Desktop/P6_Robot_Driver/ROS2_Packages/install/py_Driver/share/py_Driver/package.bash'
[10.479s] INFO:colcon.colcon_core.shell:Creating package script '/home/hvalborg2/Desktop/P6_Robot_Driver/ROS2_Packages/install/py_Driver/share/py_Driver/package.zsh'
[10.483s] Level 1:colcon.colcon_core.environment:create_file_with_runtime_dependencies(/home/hvalborg2/Desktop/P6_Robot_Driver/ROS2_Packages/install/py_Driver/share/colcon-core/packages/py_Driver)
[10.487s] DEBUG:colcon.colcon_parallel_executor.executor.parallel:closing loop
[10.488s] DEBUG:colcon.colcon_parallel_executor.executor.parallel:loop closed
[10.488s] DEBUG:colcon.colcon_parallel_executor.executor.parallel:run_until_complete finished with '0'
[10.488s] DEBUG:colcon.colcon_core.event_reactor:joining thread
[10.532s] INFO:colcon.colcon_core.plugin_system:Skipping extension 'colcon_notification.desktop_notification.terminal_notifier': Not used on non-Darwin systems
[10.533s] INFO:colcon.colcon_core.plugin_system:Skipping extension 'colcon_notification.desktop_notification.win32': Not used on non-Windows systems
[10.533s] INFO:colcon.colcon_notification.desktop_notification:Sending desktop notification using 'notify2'
[10.541s] DEBUG:colcon.colcon_notification.desktop_notification.notify2:Failed to initialize notify2: org.freedesktop.DBus.Error.ServiceUnknown: The name org.freedesktop.Notifications was not provided by any .service files
[10.542s] DEBUG:colcon.colcon_core.event_reactor:joined thread
[10.544s] INFO:colcon.colcon_core.shell:Creating prefix script '/home/hvalborg2/Desktop/P6_Robot_Driver/ROS2_Packages/install/local_setup.ps1'
[10.550s] INFO:colcon.colcon_core.shell:Creating prefix util module '/home/hvalborg2/Desktop/P6_Robot_Driver/ROS2_Packages/install/_local_setup_util_ps1.py'
[10.572s] INFO:colcon.colcon_core.shell:Creating prefix chain script '/home/hvalborg2/Desktop/P6_Robot_Driver/ROS2_Packages/install/setup.ps1'
[10.607s] INFO:colcon.colcon_core.shell:Creating prefix script '/home/hvalborg2/Desktop/P6_Robot_Driver/ROS2_Packages/install/local_setup.sh'
[10.618s] INFO:colcon.colcon_core.shell:Creating prefix util module '/home/hvalborg2/Desktop/P6_Robot_Driver/ROS2_Packages/install/_local_setup_util_sh.py'
[10.628s] INFO:colcon.colcon_core.shell:Creating prefix chain script '/home/hvalborg2/Desktop/P6_Robot_Driver/ROS2_Packages/install/setup.sh'
[10.670s] INFO:colcon.colcon_core.shell:Creating prefix script '/home/hvalborg2/Desktop/P6_Robot_Driver/ROS2_Packages/install/local_setup.bash'
[10.674s] INFO:colcon.colcon_core.shell:Creating prefix chain script '/home/hvalborg2/Desktop/P6_Robot_Driver/ROS2_Packages/install/setup.bash'
[10.688s] INFO:colcon.colcon_core.shell:Creating prefix script '/home/hvalborg2/Desktop/P6_Robot_Driver/ROS2_Packages/install/local_setup.zsh'
[10.691s] INFO:colcon.colcon_core.shell:Creating prefix chain script '/home/hvalborg2/Desktop/P6_Robot_Driver/ROS2_Packages/install/setup.zsh'
