[0.086s] Invoking command in '/home/hvalborg2/Desktop/P6_Robot_Driver/ROS2_Packages/build/pubsub': CMAKE_PREFIX_PATH=${CMAKE_PREFIX_PATH}:/home/hvalborg2/turtlebot3_ws/install/turtlebot3_teleop:/home/hvalborg2/turtlebot3_ws/install/turtlebot3_example:/opt/ros/humble /usr/bin/cmake /home/hvalborg2/Desktop/P6_Robot_Driver/ROS2_Packages/src/pubsub -DCMAKE_INSTALL_PREFIX=/home/hvalborg2/Desktop/P6_Robot_Driver/ROS2_Packages/install/pubsub
[1.333s] -- The C compiler identification is GNU 11.4.0
[2.193s] -- The CXX compiler identification is GNU 11.4.0
[2.242s] -- Detecting C compiler ABI info
[2.708s] -- Detecting C compiler ABI info - done
[2.737s] -- Check for working C compiler: /usr/bin/cc - skipped
[2.740s] -- Detecting C compile features
[2.744s] -- Detecting C compile features - done
[2.762s] -- Detecting CXX compiler ABI info
[3.233s] -- Detecting CXX compiler ABI info - done
[3.264s] -- Check for working CXX compiler: /usr/bin/c++ - skipped
[3.267s] -- Detecting CXX compile features
[3.268s] -- Detecting CXX compile features - done
[3.317s] -- Found ament_cmake: 1.3.8 (/opt/ros/humble/share/ament_cmake/cmake)
[4.506s] -- Found Python3: /usr/bin/python3 (found version "3.10.12") found components: Interpreter 
[5.485s] -- Found rclcpp: 16.0.8 (/opt/ros/humble/share/rclcpp/cmake)
[6.105s] -- Found rosidl_generator_c: 3.1.5 (/opt/ros/humble/share/rosidl_generator_c/cmake)
[6.185s] -- Found rosidl_adapter: 3.1.5 (/opt/ros/humble/share/rosidl_adapter/cmake)
[6.296s] -- Found rosidl_generator_cpp: 3.1.5 (/opt/ros/humble/share/rosidl_generator_cpp/cmake)
[6.443s] -- Using all available rosidl_typesupport_c: rosidl_typesupport_fastrtps_c;rosidl_typesupport_introspection_c
[6.646s] -- Using all available rosidl_typesupport_cpp: rosidl_typesupport_fastrtps_cpp;rosidl_typesupport_introspection_cpp
[7.303s] -- Found rmw_implementation_cmake: 6.1.1 (/opt/ros/humble/share/rmw_implementation_cmake/cmake)
[7.351s] -- Found rmw_fastrtps_cpp: 6.2.6 (/opt/ros/humble/share/rmw_fastrtps_cpp/cmake)
[8.175s] -- Found OpenSSL: /usr/lib/aarch64-linux-gnu/libcrypto.so (found version "3.0.2")  
[8.502s] -- Found FastRTPS: /opt/ros/humble/include  
[9.051s] -- Using RMW implementation 'rmw_fastrtps_cpp' as default
[9.184s] -- Looking for pthread.h
[9.596s] -- Looking for pthread.h - found
[9.599s] -- Performing Test CMAKE_HAVE_LIBC_PTHREAD
[9.989s] -- Performing Test CMAKE_HAVE_LIBC_PTHREAD - Success
[9.993s] -- Found Threads: TRUE  
[10.945s] -- Found ament_lint_auto: 0.12.10 (/opt/ros/humble/share/ament_lint_auto/cmake)
[11.601s] -- Added test 'cppcheck' to perform static code analysis on C / C++ code
[11.602s] -- Configured cppcheck include dirs: $<BUILD_INTERFACE:/home/hvalborg2/Desktop/P6_Robot_Driver/ROS2_Packages/src/pubsub/include>
[11.602s] -- Configured cppcheck exclude dirs and/or files: 
[11.611s] -- Added test 'lint_cmake' to check CMake code style
[11.625s] -- Added test 'uncrustify' to check C / C++ code style
[11.625s] -- Configured uncrustify additional arguments: 
[11.631s] -- Added test 'xmllint' to check XML markup files
[11.645s] -- Configuring done
[11.746s] -- Generating done
[11.756s] -- Build files have been written to: /home/hvalborg2/Desktop/P6_Robot_Driver/ROS2_Packages/build/pubsub
[11.818s] Invoked command in '/home/hvalborg2/Desktop/P6_Robot_Driver/ROS2_Packages/build/pubsub' returned '0': CMAKE_PREFIX_PATH=${CMAKE_PREFIX_PATH}:/home/hvalborg2/turtlebot3_ws/install/turtlebot3_teleop:/home/hvalborg2/turtlebot3_ws/install/turtlebot3_example:/opt/ros/humble /usr/bin/cmake /home/hvalborg2/Desktop/P6_Robot_Driver/ROS2_Packages/src/pubsub -DCMAKE_INSTALL_PREFIX=/home/hvalborg2/Desktop/P6_Robot_Driver/ROS2_Packages/install/pubsub
[11.821s] Invoking command in '/home/hvalborg2/Desktop/P6_Robot_Driver/ROS2_Packages/build/pubsub': CMAKE_PREFIX_PATH=${CMAKE_PREFIX_PATH}:/home/hvalborg2/turtlebot3_ws/install/turtlebot3_teleop:/home/hvalborg2/turtlebot3_ws/install/turtlebot3_example:/opt/ros/humble /usr/bin/cmake --build /home/hvalborg2/Desktop/P6_Robot_Driver/ROS2_Packages/build/pubsub -- -j4 -l4
[12.083s] [ 16%] [32mBuilding CXX object CMakeFiles/rd_Ros.dir/src/rd_Ros.cpp.o[0m
[12.110s] [ 33%] [32mBuilding CXX object CMakeFiles/rd_Nano.dir/src/rd_Nano_Ros.cpp.o[0m
[12.142s] [ 50%] [32mBuilding CXX object CMakeFiles/sub.dir/src/Sub.cpp.o[0m
[61.181s] In file included from [01m[K/opt/ros/humble/include/rclcpp/rclcpp/logging.hpp:24[m[K,
[61.188s]                  from [01m[K/opt/ros/humble/include/rclcpp/rclcpp/client.hpp:40[m[K,
[61.189s]                  from [01m[K/opt/ros/humble/include/rclcpp/rclcpp/callback_group.hpp:24[m[K,
[61.190s]                  from [01m[K/opt/ros/humble/include/rclcpp/rclcpp/any_executable.hpp:20[m[K,
[61.191s]                  from [01m[K/opt/ros/humble/include/rclcpp/rclcpp/memory_strategy.hpp:25[m[K,
[61.192s]                  from [01m[K/opt/ros/humble/include/rclcpp/rclcpp/memory_strategies.hpp:18[m[K,
[61.193s]                  from [01m[K/opt/ros/humble/include/rclcpp/rclcpp/executor_options.hpp:20[m[K,
[61.194s]                  from [01m[K/opt/ros/humble/include/rclcpp/rclcpp/executor.hpp:37[m[K,
[61.195s]                  from [01m[K/opt/ros/humble/include/rclcpp/rclcpp/executors/multi_threaded_executor.hpp:25[m[K,
[61.196s]                  from [01m[K/opt/ros/humble/include/rclcpp/rclcpp/executors.hpp:21[m[K,
[61.197s]                  from [01m[K/opt/ros/humble/include/rclcpp/rclcpp/rclcpp.hpp:155[m[K,
[61.198s]                  from [01m[K/home/hvalborg2/Desktop/P6_Robot_Driver/ROS2_Packages/src/pubsub/src/Sub.cpp:3[m[K:
[61.215s] [01m[K/home/hvalborg2/Desktop/P6_Robot_Driver/ROS2_Packages/src/pubsub/src/Sub.cpp:[m[K In member function ‘[01m[Kvoid ObjectSubscriber::topic_callback(std_msgs::msg::String_<std::allocator<void> >::SharedPtr) const[m[K’:
[61.217s] [01m[K/home/hvalborg2/Desktop/P6_Robot_Driver/ROS2_Packages/src/pubsub/src/Sub.cpp:46:46:[m[K [01;35m[Kwarning: [m[Kformat ‘[01m[K%d[m[K’ expects argument of type ‘[01m[Kint[m[K’, but argument 6 has type ‘[01m[Kstd::vector<float>::size_type[m[K’ {aka ‘[01m[Klong unsigned int[m[K’} [[01;35m[K]8;;https://gcc.gnu.org/onlinedocs/gcc/Warning-Options.html#index-Wformat=-Wformat=]8;;[m[K]
[61.218s]    46 |             RCLCPP_ERROR(this->get_logger(), [01;35m[K"Invalid message format: '%s'. Expected 5 values, received %d."[m[K, msg->data.c_str(), [32m[Kvalues.size()[m[K);
[61.219s]       |                                              [01;35m[K^~~~~~~~~~~~~~~~~~~~~~~~~~~~~~~~~~~~~~~~~~~~~~~~~~~~~~~~~~~~~~~[m[K                     [32m[K~~~~~~~~~~~~~[m[K
[61.220s]       |                                                                                                                                             [32m[K|[m[K
[61.222s]       |                                                                                                                                             [32m[Kstd::vector<float>::size_type {aka long unsigned int}[m[K
[61.239s] [01m[K/home/hvalborg2/Desktop/P6_Robot_Driver/ROS2_Packages/src/pubsub/src/Sub.cpp:46:106:[m[K [01;36m[Knote: [m[Kformat string is defined here
[61.243s]    46 |             RCLCPP_ERROR(this->get_logger(), "Invalid message format: '%s'. Expected 5 values, received [01;36m[K%d[m[K.", msg->data.c_str(), values.size());
[61.244s]       |                                                                                                         [01;36m[K~^[m[K
[61.245s]       |                                                                                                          [01;36m[K|[m[K
[61.246s]       |                                                                                                          [01;36m[Kint[m[K
[61.247s]       |                                                                                                         [32m[K%ld[m[K
[86.090s] [ 66%] [32m[1mLinking CXX executable rd_Ros[0m
[86.872s] [ 83%] [32m[1mLinking CXX executable rd_Nano[0m
[88.650s] [ 83%] Built target rd_Ros
[88.668s] [ 83%] Built target rd_Nano
[113.314s] [100%] [32m[1mLinking CXX executable sub[0m
[115.440s] [100%] Built target sub
