[0.098s] Invoking command in '/home/hvalborg2/Desktop/P6_Robot_Driver/ROS2_Packages/build/bones': CMAKE_PREFIX_PATH=${CMAKE_PREFIX_PATH}:/home/hvalborg2/turtlebot3_ws/install/turtlebot3_teleop:/home/hvalborg2/turtlebot3_ws/install/turtlebot3_example:/opt/ros/humble /usr/bin/cmake /home/hvalborg2/Desktop/P6_Robot_Driver/ROS2_Packages/src/bones -DCMAKE_INSTALL_PREFIX=/home/hvalborg2/Desktop/P6_Robot_Driver/ROS2_Packages/install/bones
[1.360s] -- The C compiler identification is GNU 11.4.0
[2.219s] -- The CXX compiler identification is GNU 11.4.0
[2.271s] -- Detecting C compiler ABI info
[2.738s] -- Detecting C compiler ABI info - done
[2.769s] -- Check for working C compiler: /usr/bin/cc - skipped
[2.770s] -- Detecting C compile features
[2.772s] -- Detecting C compile features - done
[2.788s] -- Detecting CXX compiler ABI info
[3.261s] -- Detecting CXX compiler ABI info - done
[3.292s] -- Check for working CXX compiler: /usr/bin/c++ - skipped
[3.293s] -- Detecting CXX compile features
[3.296s] -- Detecting CXX compile features - done
[3.343s] -- Found ament_cmake: 1.3.8 (/opt/ros/humble/share/ament_cmake/cmake)
[4.494s] -- Found Python3: /usr/bin/python3 (found version "3.10.12") found components: Interpreter 
[5.511s] -- Found rclcpp: 16.0.8 (/opt/ros/humble/share/rclcpp/cmake)
[6.133s] -- Found rosidl_generator_c: 3.1.5 (/opt/ros/humble/share/rosidl_generator_c/cmake)
[6.214s] -- Found rosidl_adapter: 3.1.5 (/opt/ros/humble/share/rosidl_adapter/cmake)
[6.322s] -- Found rosidl_generator_cpp: 3.1.5 (/opt/ros/humble/share/rosidl_generator_cpp/cmake)
[6.470s] -- Using all available rosidl_typesupport_c: rosidl_typesupport_fastrtps_c;rosidl_typesupport_introspection_c
[6.673s] -- Using all available rosidl_typesupport_cpp: rosidl_typesupport_fastrtps_cpp;rosidl_typesupport_introspection_cpp
[7.331s] -- Found rmw_implementation_cmake: 6.1.1 (/opt/ros/humble/share/rmw_implementation_cmake/cmake)
[7.378s] -- Found rmw_fastrtps_cpp: 6.2.6 (/opt/ros/humble/share/rmw_fastrtps_cpp/cmake)
[8.203s] -- Found OpenSSL: /usr/lib/aarch64-linux-gnu/libcrypto.so (found version "3.0.2")  
[8.529s] -- Found FastRTPS: /opt/ros/humble/include  
[9.085s] -- Using RMW implementation 'rmw_fastrtps_cpp' as default
[9.211s] -- Looking for pthread.h
[9.624s] -- Looking for pthread.h - found
[9.628s] -- Performing Test CMAKE_HAVE_LIBC_PTHREAD
[10.016s] -- Performing Test CMAKE_HAVE_LIBC_PTHREAD - Success
[10.021s] -- Found Threads: TRUE  
[10.965s] -- Found ament_lint_auto: 0.12.10 (/opt/ros/humble/share/ament_lint_auto/cmake)
[11.649s] -- Added test 'cppcheck' to perform static code analysis on C / C++ code
[11.650s] -- Configured cppcheck include dirs: $<BUILD_INTERFACE:/home/hvalborg2/Desktop/P6_Robot_Driver/ROS2_Packages/src/bones/include>
[11.650s] -- Configured cppcheck exclude dirs and/or files: 
[11.658s] -- Added test 'flake8' to check Python code syntax and style conventions
[11.669s] -- Added test 'lint_cmake' to check CMake code style
[11.677s] -- Added test 'pep257' to check Python code against some of the docstring style conventions in PEP 257
[11.709s] -- Added test 'uncrustify' to check C / C++ code style
[11.709s] -- Configured uncrustify additional arguments: 
[11.716s] -- Added test 'xmllint' to check XML markup files
[11.729s] -- Configuring done
[11.809s] -- Generating done
[11.824s] -- Build files have been written to: /home/hvalborg2/Desktop/P6_Robot_Driver/ROS2_Packages/build/bones
[11.874s] Invoked command in '/home/hvalborg2/Desktop/P6_Robot_Driver/ROS2_Packages/build/bones' returned '0': CMAKE_PREFIX_PATH=${CMAKE_PREFIX_PATH}:/home/hvalborg2/turtlebot3_ws/install/turtlebot3_teleop:/home/hvalborg2/turtlebot3_ws/install/turtlebot3_example:/opt/ros/humble /usr/bin/cmake /home/hvalborg2/Desktop/P6_Robot_Driver/ROS2_Packages/src/bones -DCMAKE_INSTALL_PREFIX=/home/hvalborg2/Desktop/P6_Robot_Driver/ROS2_Packages/install/bones
[11.884s] Invoking command in '/home/hvalborg2/Desktop/P6_Robot_Driver/ROS2_Packages/build/bones': CMAKE_PREFIX_PATH=${CMAKE_PREFIX_PATH}:/home/hvalborg2/turtlebot3_ws/install/turtlebot3_teleop:/home/hvalborg2/turtlebot3_ws/install/turtlebot3_example:/opt/ros/humble /usr/bin/cmake --build /home/hvalborg2/Desktop/P6_Robot_Driver/ROS2_Packages/build/bones -- -j4 -l4
[12.192s] [ 50%] [32mBuilding CXX object CMakeFiles/doggy.dir/src/doggy.cpp.o[0m
[86.887s] [100%] [32m[1mLinking CXX executable doggy[0m
[88.879s] [100%] Built target doggy
[88.944s] Invoked command in '/home/hvalborg2/Desktop/P6_Robot_Driver/ROS2_Packages/build/bones' returned '0': CMAKE_PREFIX_PATH=${CMAKE_PREFIX_PATH}:/home/hvalborg2/turtlebot3_ws/install/turtlebot3_teleop:/home/hvalborg2/turtlebot3_ws/install/turtlebot3_example:/opt/ros/humble /usr/bin/cmake --build /home/hvalborg2/Desktop/P6_Robot_Driver/ROS2_Packages/build/bones -- -j4 -l4
