[0.102s] Invoking command in '/home/hvalborg2/Desktop/P6_Robot_Driver/ROS2_Packages/build/Jelly': CMAKE_PREFIX_PATH=${CMAKE_PREFIX_PATH}:/home/hvalborg2/turtlebot3_ws/install/turtlebot3_teleop:/home/hvalborg2/turtlebot3_ws/install/turtlebot3_example:/opt/ros/humble /usr/bin/cmake /home/hvalborg2/Desktop/P6_Robot_Driver/ROS2_Packages/src/Jelly -DCMAKE_INSTALL_PREFIX=/home/hvalborg2/Desktop/P6_Robot_Driver/ROS2_Packages/install/Jelly
[1.396s] -- The C compiler identification is GNU 11.4.0
[2.256s] -- The CXX compiler identification is GNU 11.4.0
[2.307s] -- Detecting C compiler ABI info
[2.772s] -- Detecting C compiler ABI info - done
[2.802s] -- Check for working C compiler: /usr/bin/cc - skipped
[2.804s] -- Detecting C compile features
[2.807s] -- Detecting C compile features - done
[2.826s] -- Detecting CXX compiler ABI info
[3.296s] -- Detecting CXX compiler ABI info - done
[3.329s] -- Check for working CXX compiler: /usr/bin/c++ - skipped
[3.331s] -- Detecting CXX compile features
[3.332s] -- Detecting CXX compile features - done
[3.380s] -- Found ament_cmake: 1.3.8 (/opt/ros/humble/share/ament_cmake/cmake)
[4.568s] -- Found Python3: /usr/bin/python3 (found version "3.10.12") found components: Interpreter 
[6.849s] -- Found OpenMP_C: -fopenmp (found version "4.5") 
[7.297s] -- Found OpenMP_CXX: -fopenmp (found version "4.5") 
[7.298s] -- Found OpenMP: TRUE (found version "4.5")  
[7.330s] -- Found cv_bridge: 3.2.1 (/opt/ros/humble/share/cv_bridge/cmake)
[7.857s] -- Found rosidl_generator_c: 3.1.5 (/opt/ros/humble/share/rosidl_generator_c/cmake)
[7.924s] -- Found rosidl_adapter: 3.1.5 (/opt/ros/humble/share/rosidl_adapter/cmake)
[8.014s] -- Found rosidl_generator_cpp: 3.1.5 (/opt/ros/humble/share/rosidl_generator_cpp/cmake)
[8.134s] -- Using all available rosidl_typesupport_c: rosidl_typesupport_fastrtps_c;rosidl_typesupport_introspection_c
[8.305s] -- Using all available rosidl_typesupport_cpp: rosidl_typesupport_fastrtps_cpp;rosidl_typesupport_introspection_cpp
[9.526s] -- Found rclcpp: 16.0.8 (/opt/ros/humble/share/rclcpp/cmake)
[10.088s] -- Found rmw_implementation_cmake: 6.1.1 (/opt/ros/humble/share/rmw_implementation_cmake/cmake)
[10.125s] -- Found rmw_fastrtps_cpp: 6.2.6 (/opt/ros/humble/share/rmw_fastrtps_cpp/cmake)
[10.912s] -- Found OpenSSL: /usr/lib/aarch64-linux-gnu/libcrypto.so (found version "3.0.2")  
[11.244s] -- Found FastRTPS: /opt/ros/humble/include  
[11.809s] -- Using RMW implementation 'rmw_fastrtps_cpp' as default
[11.951s] -- Looking for pthread.h
[12.413s] -- Looking for pthread.h - found
[12.416s] -- Performing Test CMAKE_HAVE_LIBC_PTHREAD
[12.847s] -- Performing Test CMAKE_HAVE_LIBC_PTHREAD - Success
[12.853s] -- Found Threads: TRUE  
[13.628s] -- Found image_transport: 3.1.8 (/opt/ros/humble/share/image_transport/cmake)
[14.354s] -- Found OpenCV: /usr (found version "4.5.4") 
[14.355s] [0mhej[0m
[14.356s] [0mhej2[0m
[14.366s] [0mhej3[0m
[14.380s] [0mhej4[0m
[14.381s] [0mhej5[0m
[14.382s] [0mhej6[0m
[14.425s] -- Found ament_lint_auto: 0.12.10 (/opt/ros/humble/share/ament_lint_auto/cmake)
[14.428s] [0mhej7[0m
[14.820s] WARNING: Package name "Jelly" does not follow the naming conventions. It should start with a lower case letter and only contain lower case letters, digits, underscores, and dashes.
[15.218s] [0mhej8[0m
[15.293s] -- Added test 'cppcheck' to perform static code analysis on C / C++ code
[15.296s] -- Configured cppcheck include dirs: /home/hvalborg2/Desktop/P6_Robot_Driver/ROS2_Packages/src/Jelly/include
[15.297s] -- Configured cppcheck exclude dirs and/or files: 
[15.321s] -- Added test 'lint_cmake' to check CMake code style
[15.338s] -- Added test 'uncrustify' to check C / C++ code style
[15.338s] -- Configured uncrustify additional arguments: 
[15.344s] -- Added test 'xmllint' to check XML markup files
[15.359s] [0mhej9[0m
[15.361s] -- Configuring done
[15.576s] -- Generating done
[15.626s] -- Build files have been written to: /home/hvalborg2/Desktop/P6_Robot_Driver/ROS2_Packages/build/Jelly
[15.745s] Invoked command in '/home/hvalborg2/Desktop/P6_Robot_Driver/ROS2_Packages/build/Jelly' returned '0': CMAKE_PREFIX_PATH=${CMAKE_PREFIX_PATH}:/home/hvalborg2/turtlebot3_ws/install/turtlebot3_teleop:/home/hvalborg2/turtlebot3_ws/install/turtlebot3_example:/opt/ros/humble /usr/bin/cmake /home/hvalborg2/Desktop/P6_Robot_Driver/ROS2_Packages/src/Jelly -DCMAKE_INSTALL_PREFIX=/home/hvalborg2/Desktop/P6_Robot_Driver/ROS2_Packages/install/Jelly
[15.761s] Invoking command in '/home/hvalborg2/Desktop/P6_Robot_Driver/ROS2_Packages/build/Jelly': CMAKE_PREFIX_PATH=${CMAKE_PREFIX_PATH}:/home/hvalborg2/turtlebot3_ws/install/turtlebot3_teleop:/home/hvalborg2/turtlebot3_ws/install/turtlebot3_example:/opt/ros/humble /usr/bin/cmake --build /home/hvalborg2/Desktop/P6_Robot_Driver/ROS2_Packages/build/Jelly -- -j4 -l4
[16.480s] [ 25%] [32mBuilding CXX object CMakeFiles/Jello.dir/src/Jello.cpp.o[0m
[16.541s] [ 50%] [32mBuilding CXX object CMakeFiles/Talker.dir/src/publisher_member_function.cpp.o[0m
[36.481s] [ 75%] [32m[1mLinking CXX executable Jello[0m
[58.504s] /usr/bin/ld: /usr/local/lib/ncnn/libncnn.a(cpu.cpp.o): undefined reference to symbol 'omp_set_dynamic@@OMP_1.0'
[58.552s] /usr/bin/ld: /lib/aarch64-linux-gnu/libgomp.so.1: error adding symbols: DSO missing from command line
[58.614s] collect2: error: ld returned 1 exit status
[58.959s] gmake[2]: *** [CMakeFiles/Jello.dir/build.make:214: Jello] Error 1
[58.963s] gmake[1]: *** [CMakeFiles/Makefile2:165: CMakeFiles/Jello.dir/all] Error 2
[58.964s] gmake[1]: *** Waiting for unfinished jobs....
[86.173s] [100%] [32m[1mLinking CXX executable Talker[0m
[88.769s] [100%] Built target Talker
[88.778s] gmake: *** [Makefile:146: all] Error 2
[88.878s] Invoked command in '/home/hvalborg2/Desktop/P6_Robot_Driver/ROS2_Packages/build/Jelly' returned '2': CMAKE_PREFIX_PATH=${CMAKE_PREFIX_PATH}:/home/hvalborg2/turtlebot3_ws/install/turtlebot3_teleop:/home/hvalborg2/turtlebot3_ws/install/turtlebot3_example:/opt/ros/humble /usr/bin/cmake --build /home/hvalborg2/Desktop/P6_Robot_Driver/ROS2_Packages/build/Jelly -- -j4 -l4
