[1.481s] DEBUG:colcon:Command line arguments: ['/usr/bin/colcon', 'build']
[1.481s] DEBUG:colcon:Parsed command line arguments: Namespace(log_base=None, log_level=None, verb_name='build', build_base='build', install_base='install', merge_install=False, symlink_install=False, test_result_base=None, continue_on_error=False, executor='parallel', parallel_workers=4, event_handlers=None, ignore_user_meta=False, metas=['./colcon.meta'], base_paths=['.'], packages_ignore=None, packages_ignore_regex=None, paths=None, packages_up_to=None, packages_up_to_regex=None, packages_above=None, packages_above_and_dependencies=None, packages_above_depth=None, packages_select_by_dep=None, packages_skip_by_dep=None, packages_skip_up_to=None, packages_select_build_failed=False, packages_skip_build_finished=False, packages_select_test_failures=False, packages_skip_test_passed=False, packages_select=None, packages_skip=None, packages_select_regex=None, packages_skip_regex=None, packages_start=None, packages_end=None, allow_overriding=[], cmake_args=None, cmake_target=None, cmake_target_skip_unavailable=False, cmake_clean_cache=False, cmake_clean_first=False, cmake_force_configure=False, ament_cmake_args=None, catkin_cmake_args=None, catkin_skip_building_tests=False, verb_parser=<colcon_defaults.argument_parser.defaults.DefaultArgumentsDecorator object at 0xffffa7824790>, verb_extension=<colcon_core.verb.build.BuildVerb object at 0xffffa7939360>, main=<bound method BuildVerb.main of <colcon_core.verb.build.BuildVerb object at 0xffffa7939360>>)
[3.088s] Level 1:colcon.colcon_core.package_discovery:discover_packages(colcon_meta) check parameters
[3.089s] Level 1:colcon.colcon_core.package_discovery:discover_packages(recursive) check parameters
[3.089s] Level 1:colcon.colcon_core.package_discovery:discover_packages(ignore) check parameters
[3.089s] Level 1:colcon.colcon_core.package_discovery:discover_packages(path) check parameters
[3.089s] Level 1:colcon.colcon_core.package_discovery:discover_packages(colcon_meta) discover
[3.089s] Level 1:colcon.colcon_core.package_discovery:discover_packages(recursive) discover
[3.090s] INFO:colcon.colcon_core.package_discovery:Crawling recursively for packages in '/home/hvalborg2/Desktop/P6_Robot_Driver/ROS2_Packages'
[3.090s] Level 1:colcon.colcon_core.package_identification:_identify(.) by extensions ['ignore', 'ignore_ament_install']
[3.091s] Level 1:colcon.colcon_core.package_identification:_identify(.) by extension 'ignore'
[3.091s] Level 1:colcon.colcon_core.package_identification:_identify(.) by extension 'ignore_ament_install'
[3.091s] Level 1:colcon.colcon_core.package_identification:_identify(.) by extensions ['colcon_pkg']
[3.092s] Level 1:colcon.colcon_core.package_identification:_identify(.) by extension 'colcon_pkg'
[3.092s] Level 1:colcon.colcon_core.package_identification:_identify(.) by extensions ['colcon_meta']
[3.092s] Level 1:colcon.colcon_core.package_identification:_identify(.) by extension 'colcon_meta'
[3.092s] Level 1:colcon.colcon_core.package_identification:_identify(.) by extensions ['ros']
[3.092s] Level 1:colcon.colcon_core.package_identification:_identify(.) by extension 'ros'
[3.174s] Level 1:colcon.colcon_core.package_identification:_identify(.) by extensions ['cmake', 'python']
[3.175s] Level 1:colcon.colcon_core.package_identification:_identify(.) by extension 'cmake'
[3.175s] Level 1:colcon.colcon_core.package_identification:_identify(.) by extension 'python'
[3.175s] Level 1:colcon.colcon_core.package_identification:_identify(.) by extensions ['python_setup_py']
[3.175s] Level 1:colcon.colcon_core.package_identification:_identify(.) by extension 'python_setup_py'
[3.176s] Level 1:colcon.colcon_core.package_identification:_identify(build) by extensions ['ignore', 'ignore_ament_install']
[3.177s] Level 1:colcon.colcon_core.package_identification:_identify(build) by extension 'ignore'
[3.177s] Level 1:colcon.colcon_core.package_identification:_identify(build) ignored
[3.178s] Level 1:colcon.colcon_core.package_identification:_identify(install) by extensions ['ignore', 'ignore_ament_install']
[3.179s] Level 1:colcon.colcon_core.package_identification:_identify(install) by extension 'ignore'
[3.179s] Level 1:colcon.colcon_core.package_identification:_identify(install) ignored
[3.181s] Level 1:colcon.colcon_core.package_identification:_identify(log) by extensions ['ignore', 'ignore_ament_install']
[3.181s] Level 1:colcon.colcon_core.package_identification:_identify(log) by extension 'ignore'
[3.181s] Level 1:colcon.colcon_core.package_identification:_identify(log) ignored
[3.182s] Level 1:colcon.colcon_core.package_identification:_identify(src) by extensions ['ignore', 'ignore_ament_install']
[3.182s] Level 1:colcon.colcon_core.package_identification:_identify(src) by extension 'ignore'
[3.183s] Level 1:colcon.colcon_core.package_identification:_identify(src) by extension 'ignore_ament_install'
[3.183s] Level 1:colcon.colcon_core.package_identification:_identify(src) by extensions ['colcon_pkg']
[3.183s] Level 1:colcon.colcon_core.package_identification:_identify(src) by extension 'colcon_pkg'
[3.183s] Level 1:colcon.colcon_core.package_identification:_identify(src) by extensions ['colcon_meta']
[3.183s] Level 1:colcon.colcon_core.package_identification:_identify(src) by extension 'colcon_meta'
[3.184s] Level 1:colcon.colcon_core.package_identification:_identify(src) by extensions ['ros']
[3.184s] Level 1:colcon.colcon_core.package_identification:_identify(src) by extension 'ros'
[3.184s] Level 1:colcon.colcon_core.package_identification:_identify(src) by extensions ['cmake', 'python']
[3.184s] Level 1:colcon.colcon_core.package_identification:_identify(src) by extension 'cmake'
[3.184s] Level 1:colcon.colcon_core.package_identification:_identify(src) by extension 'python'
[3.185s] Level 1:colcon.colcon_core.package_identification:_identify(src) by extensions ['python_setup_py']
[3.185s] Level 1:colcon.colcon_core.package_identification:_identify(src) by extension 'python_setup_py'
[3.185s] Level 1:colcon.colcon_core.package_identification:_identify(src/bones) by extensions ['ignore', 'ignore_ament_install']
[3.186s] Level 1:colcon.colcon_core.package_identification:_identify(src/bones) by extension 'ignore'
[3.186s] Level 1:colcon.colcon_core.package_identification:_identify(src/bones) by extension 'ignore_ament_install'
[3.186s] Level 1:colcon.colcon_core.package_identification:_identify(src/bones) by extensions ['colcon_pkg']
[3.187s] Level 1:colcon.colcon_core.package_identification:_identify(src/bones) by extension 'colcon_pkg'
[3.187s] Level 1:colcon.colcon_core.package_identification:_identify(src/bones) by extensions ['colcon_meta']
[3.187s] Level 1:colcon.colcon_core.package_identification:_identify(src/bones) by extension 'colcon_meta'
[3.187s] Level 1:colcon.colcon_core.package_identification:_identify(src/bones) by extensions ['ros']
[3.187s] Level 1:colcon.colcon_core.package_identification:_identify(src/bones) by extension 'ros'
[3.199s] DEBUG:colcon.colcon_core.package_identification:Package 'src/bones' with type 'ros.ament_cmake' and name 'bones'
[3.200s] Level 1:colcon.colcon_core.package_identification:_identify(src/camera_pack) by extensions ['ignore', 'ignore_ament_install']
[3.200s] Level 1:colcon.colcon_core.package_identification:_identify(src/camera_pack) by extension 'ignore'
[3.200s] Level 1:colcon.colcon_core.package_identification:_identify(src/camera_pack) by extension 'ignore_ament_install'
[3.201s] Level 1:colcon.colcon_core.package_identification:_identify(src/camera_pack) by extensions ['colcon_pkg']
[3.201s] Level 1:colcon.colcon_core.package_identification:_identify(src/camera_pack) by extension 'colcon_pkg'
[3.201s] Level 1:colcon.colcon_core.package_identification:_identify(src/camera_pack) by extensions ['colcon_meta']
[3.201s] Level 1:colcon.colcon_core.package_identification:_identify(src/camera_pack) by extension 'colcon_meta'
[3.201s] Level 1:colcon.colcon_core.package_identification:_identify(src/camera_pack) by extensions ['ros']
[3.202s] Level 1:colcon.colcon_core.package_identification:_identify(src/camera_pack) by extension 'ros'
[3.205s] DEBUG:colcon.colcon_core.package_identification:Package 'src/camera_pack' with type 'ros.ament_cmake' and name 'camera_pack'
[3.206s] Level 1:colcon.colcon_core.package_identification:_identify(src/lidar) by extensions ['ignore', 'ignore_ament_install']
[3.206s] Level 1:colcon.colcon_core.package_identification:_identify(src/lidar) by extension 'ignore'
[3.206s] Level 1:colcon.colcon_core.package_identification:_identify(src/lidar) by extension 'ignore_ament_install'
[3.207s] Level 1:colcon.colcon_core.package_identification:_identify(src/lidar) by extensions ['colcon_pkg']
[3.207s] Level 1:colcon.colcon_core.package_identification:_identify(src/lidar) by extension 'colcon_pkg'
[3.207s] Level 1:colcon.colcon_core.package_identification:_identify(src/lidar) by extensions ['colcon_meta']
[3.207s] Level 1:colcon.colcon_core.package_identification:_identify(src/lidar) by extension 'colcon_meta'
[3.207s] Level 1:colcon.colcon_core.package_identification:_identify(src/lidar) by extensions ['ros']
[3.208s] Level 1:colcon.colcon_core.package_identification:_identify(src/lidar) by extension 'ros'
[3.212s] DEBUG:colcon.colcon_core.package_identification:Package 'src/lidar' with type 'ros.ament_python' and name 'lidar'
[3.212s] Level 1:colcon.colcon_core.package_identification:_identify(src/pubsub) by extensions ['ignore', 'ignore_ament_install']
[3.213s] Level 1:colcon.colcon_core.package_identification:_identify(src/pubsub) by extension 'ignore'
[3.213s] Level 1:colcon.colcon_core.package_identification:_identify(src/pubsub) by extension 'ignore_ament_install'
[3.213s] Level 1:colcon.colcon_core.package_identification:_identify(src/pubsub) by extensions ['colcon_pkg']
[3.214s] Level 1:colcon.colcon_core.package_identification:_identify(src/pubsub) by extension 'colcon_pkg'
[3.214s] Level 1:colcon.colcon_core.package_identification:_identify(src/pubsub) by extensions ['colcon_meta']
[3.214s] Level 1:colcon.colcon_core.package_identification:_identify(src/pubsub) by extension 'colcon_meta'
[3.214s] Level 1:colcon.colcon_core.package_identification:_identify(src/pubsub) by extensions ['ros']
[3.214s] Level 1:colcon.colcon_core.package_identification:_identify(src/pubsub) by extension 'ros'
[3.218s] DEBUG:colcon.colcon_core.package_identification:Package 'src/pubsub' with type 'ros.ament_cmake' and name 'pubsub'
[3.218s] Level 1:colcon.colcon_core.package_identification:_identify(src/py_Driver) by extensions ['ignore', 'ignore_ament_install']
[3.219s] Level 1:colcon.colcon_core.package_identification:_identify(src/py_Driver) by extension 'ignore'
[3.219s] Level 1:colcon.colcon_core.package_identification:_identify(src/py_Driver) by extension 'ignore_ament_install'
[3.219s] Level 1:colcon.colcon_core.package_identification:_identify(src/py_Driver) by extensions ['colcon_pkg']
[3.219s] Level 1:colcon.colcon_core.package_identification:_identify(src/py_Driver) by extension 'colcon_pkg'
[3.220s] Level 1:colcon.colcon_core.package_identification:_identify(src/py_Driver) by extensions ['colcon_meta']
[3.220s] Level 1:colcon.colcon_core.package_identification:_identify(src/py_Driver) by extension 'colcon_meta'
[3.220s] Level 1:colcon.colcon_core.package_identification:_identify(src/py_Driver) by extensions ['ros']
[3.220s] Level 1:colcon.colcon_core.package_identification:_identify(src/py_Driver) by extension 'ros'
[3.224s] DEBUG:colcon.colcon_core.package_identification:Package 'src/py_Driver' with type 'ros.ament_python' and name 'py_Driver'
[3.224s] Level 1:colcon.colcon_core.package_discovery:discover_packages(recursive) using defaults
[3.224s] Level 1:colcon.colcon_core.package_discovery:discover_packages(ignore) discover
[3.224s] Level 1:colcon.colcon_core.package_discovery:discover_packages(ignore) using defaults
[3.225s] Level 1:colcon.colcon_core.package_discovery:discover_packages(path) discover
[3.225s] Level 1:colcon.colcon_core.package_discovery:discover_packages(path) using defaults
[3.396s] Level 1:colcon.colcon_core.package_discovery:discover_packages(prefix_path) check parameters
[3.397s] Level 1:colcon.colcon_core.package_discovery:discover_packages(prefix_path) discover
[3.423s] DEBUG:colcon.colcon_installed_package_information.package_discovery:Found 6 installed packages in /home/hvalborg2/Desktop/P6_Robot_Driver/ROS2_Packages/install
[3.427s] DEBUG:colcon.colcon_installed_package_information.package_discovery:Found 7 installed packages in /home/hvalborg2/turtlebot3_ws/install
[3.438s] DEBUG:colcon.colcon_installed_package_information.package_discovery:Found 273 installed packages in /opt/ros/humble
[3.492s] Level 1:colcon.colcon_core.package_discovery:discover_packages(prefix_path) using defaults
[3.802s] Level 5:colcon.colcon_core.verb:set package 'bones' build argument 'cmake_args' from command line to 'None'
[3.802s] Level 5:colcon.colcon_core.verb:set package 'bones' build argument 'cmake_target' from command line to 'None'
[3.802s] Level 5:colcon.colcon_core.verb:set package 'bones' build argument 'cmake_target_skip_unavailable' from command line to 'False'
[3.802s] Level 5:colcon.colcon_core.verb:set package 'bones' build argument 'cmake_clean_cache' from command line to 'False'
[3.802s] Level 5:colcon.colcon_core.verb:set package 'bones' build argument 'cmake_clean_first' from command line to 'False'
[3.802s] Level 5:colcon.colcon_core.verb:set package 'bones' build argument 'cmake_force_configure' from command line to 'False'
[3.803s] Level 5:colcon.colcon_core.verb:set package 'bones' build argument 'ament_cmake_args' from command line to 'None'
[3.803s] Level 5:colcon.colcon_core.verb:set package 'bones' build argument 'catkin_cmake_args' from command line to 'None'
[3.803s] Level 5:colcon.colcon_core.verb:set package 'bones' build argument 'catkin_skip_building_tests' from command line to 'False'
[3.803s] DEBUG:colcon.colcon_core.verb:Building package 'bones' with the following arguments: {'ament_cmake_args': None, 'build_base': '/home/hvalborg2/Desktop/P6_Robot_Driver/ROS2_Packages/build/bones', 'catkin_cmake_args': None, 'catkin_skip_building_tests': False, 'cmake_args': None, 'cmake_clean_cache': False, 'cmake_clean_first': False, 'cmake_force_configure': False, 'cmake_target': None, 'cmake_target_skip_unavailable': False, 'install_base': '/home/hvalborg2/Desktop/P6_Robot_Driver/ROS2_Packages/install/bones', 'merge_install': False, 'path': '/home/hvalborg2/Desktop/P6_Robot_Driver/ROS2_Packages/src/bones', 'symlink_install': False, 'test_result_base': None}
[3.805s] Level 5:colcon.colcon_core.verb:set package 'camera_pack' build argument 'cmake_args' from command line to 'None'
[3.805s] Level 5:colcon.colcon_core.verb:set package 'camera_pack' build argument 'cmake_target' from command line to 'None'
[3.806s] Level 5:colcon.colcon_core.verb:set package 'camera_pack' build argument 'cmake_target_skip_unavailable' from command line to 'False'
[3.806s] Level 5:colcon.colcon_core.verb:set package 'camera_pack' build argument 'cmake_clean_cache' from command line to 'False'
[3.806s] Level 5:colcon.colcon_core.verb:set package 'camera_pack' build argument 'cmake_clean_first' from command line to 'False'
[3.806s] Level 5:colcon.colcon_core.verb:set package 'camera_pack' build argument 'cmake_force_configure' from command line to 'False'
[3.806s] Level 5:colcon.colcon_core.verb:set package 'camera_pack' build argument 'ament_cmake_args' from command line to 'None'
[3.806s] Level 5:colcon.colcon_core.verb:set package 'camera_pack' build argument 'catkin_cmake_args' from command line to 'None'
[3.806s] Level 5:colcon.colcon_core.verb:set package 'camera_pack' build argument 'catkin_skip_building_tests' from command line to 'False'
[3.807s] DEBUG:colcon.colcon_core.verb:Building package 'camera_pack' with the following arguments: {'ament_cmake_args': None, 'build_base': '/home/hvalborg2/Desktop/P6_Robot_Driver/ROS2_Packages/build/camera_pack', 'catkin_cmake_args': None, 'catkin_skip_building_tests': False, 'cmake_args': None, 'cmake_clean_cache': False, 'cmake_clean_first': False, 'cmake_force_configure': False, 'cmake_target': None, 'cmake_target_skip_unavailable': False, 'install_base': '/home/hvalborg2/Desktop/P6_Robot_Driver/ROS2_Packages/install/camera_pack', 'merge_install': False, 'path': '/home/hvalborg2/Desktop/P6_Robot_Driver/ROS2_Packages/src/camera_pack', 'symlink_install': False, 'test_result_base': None}
[3.809s] Level 5:colcon.colcon_core.verb:set package 'lidar' build argument 'cmake_args' from command line to 'None'
[3.809s] Level 5:colcon.colcon_core.verb:set package 'lidar' build argument 'cmake_target' from command line to 'None'
[3.810s] Level 5:colcon.colcon_core.verb:set package 'lidar' build argument 'cmake_target_skip_unavailable' from command line to 'False'
[3.810s] Level 5:colcon.colcon_core.verb:set package 'lidar' build argument 'cmake_clean_cache' from command line to 'False'
[3.810s] Level 5:colcon.colcon_core.verb:set package 'lidar' build argument 'cmake_clean_first' from command line to 'False'
[3.810s] Level 5:colcon.colcon_core.verb:set package 'lidar' build argument 'cmake_force_configure' from command line to 'False'
[3.810s] Level 5:colcon.colcon_core.verb:set package 'lidar' build argument 'ament_cmake_args' from command line to 'None'
[3.810s] Level 5:colcon.colcon_core.verb:set package 'lidar' build argument 'catkin_cmake_args' from command line to 'None'
[3.810s] Level 5:colcon.colcon_core.verb:set package 'lidar' build argument 'catkin_skip_building_tests' from command line to 'False'
[3.811s] DEBUG:colcon.colcon_core.verb:Building package 'lidar' with the following arguments: {'ament_cmake_args': None, 'build_base': '/home/hvalborg2/Desktop/P6_Robot_Driver/ROS2_Packages/build/lidar', 'catkin_cmake_args': None, 'catkin_skip_building_tests': False, 'cmake_args': None, 'cmake_clean_cache': False, 'cmake_clean_first': False, 'cmake_force_configure': False, 'cmake_target': None, 'cmake_target_skip_unavailable': False, 'install_base': '/home/hvalborg2/Desktop/P6_Robot_Driver/ROS2_Packages/install/lidar', 'merge_install': False, 'path': '/home/hvalborg2/Desktop/P6_Robot_Driver/ROS2_Packages/src/lidar', 'symlink_install': False, 'test_result_base': None}
[3.813s] Level 5:colcon.colcon_core.verb:set package 'pubsub' build argument 'cmake_args' from command line to 'None'
[3.813s] Level 5:colcon.colcon_core.verb:set package 'pubsub' build argument 'cmake_target' from command line to 'None'
[3.813s] Level 5:colcon.colcon_core.verb:set package 'pubsub' build argument 'cmake_target_skip_unavailable' from command line to 'False'
[3.814s] Level 5:colcon.colcon_core.verb:set package 'pubsub' build argument 'cmake_clean_cache' from command line to 'False'
[3.814s] Level 5:colcon.colcon_core.verb:set package 'pubsub' build argument 'cmake_clean_first' from command line to 'False'
[3.814s] Level 5:colcon.colcon_core.verb:set package 'pubsub' build argument 'cmake_force_configure' from command line to 'False'
[3.814s] Level 5:colcon.colcon_core.verb:set package 'pubsub' build argument 'ament_cmake_args' from command line to 'None'
[3.814s] Level 5:colcon.colcon_core.verb:set package 'pubsub' build argument 'catkin_cmake_args' from command line to 'None'
[3.814s] Level 5:colcon.colcon_core.verb:set package 'pubsub' build argument 'catkin_skip_building_tests' from command line to 'False'
[3.815s] DEBUG:colcon.colcon_core.verb:Building package 'pubsub' with the following arguments: {'ament_cmake_args': None, 'build_base': '/home/hvalborg2/Desktop/P6_Robot_Driver/ROS2_Packages/build/pubsub', 'catkin_cmake_args': None, 'catkin_skip_building_tests': False, 'cmake_args': None, 'cmake_clean_cache': False, 'cmake_clean_first': False, 'cmake_force_configure': False, 'cmake_target': None, 'cmake_target_skip_unavailable': False, 'install_base': '/home/hvalborg2/Desktop/P6_Robot_Driver/ROS2_Packages/install/pubsub', 'merge_install': False, 'path': '/home/hvalborg2/Desktop/P6_Robot_Driver/ROS2_Packages/src/pubsub', 'symlink_install': False, 'test_result_base': None}
[3.817s] Level 5:colcon.colcon_core.verb:set package 'py_Driver' build argument 'cmake_args' from command line to 'None'
[3.817s] Level 5:colcon.colcon_core.verb:set package 'py_Driver' build argument 'cmake_target' from command line to 'None'
[3.817s] Level 5:colcon.colcon_core.verb:set package 'py_Driver' build argument 'cmake_target_skip_unavailable' from command line to 'False'
[3.817s] Level 5:colcon.colcon_core.verb:set package 'py_Driver' build argument 'cmake_clean_cache' from command line to 'False'
[3.818s] Level 5:colcon.colcon_core.verb:set package 'py_Driver' build argument 'cmake_clean_first' from command line to 'False'
[3.818s] Level 5:colcon.colcon_core.verb:set package 'py_Driver' build argument 'cmake_force_configure' from command line to 'False'
[3.818s] Level 5:colcon.colcon_core.verb:set package 'py_Driver' build argument 'ament_cmake_args' from command line to 'None'
[3.818s] Level 5:colcon.colcon_core.verb:set package 'py_Driver' build argument 'catkin_cmake_args' from command line to 'None'
[3.818s] Level 5:colcon.colcon_core.verb:set package 'py_Driver' build argument 'catkin_skip_building_tests' from command line to 'False'
[3.818s] DEBUG:colcon.colcon_core.verb:Building package 'py_Driver' with the following arguments: {'ament_cmake_args': None, 'build_base': '/home/hvalborg2/Desktop/P6_Robot_Driver/ROS2_Packages/build/py_Driver', 'catkin_cmake_args': None, 'catkin_skip_building_tests': False, 'cmake_args': None, 'cmake_clean_cache': False, 'cmake_clean_first': False, 'cmake_force_configure': False, 'cmake_target': None, 'cmake_target_skip_unavailable': False, 'install_base': '/home/hvalborg2/Desktop/P6_Robot_Driver/ROS2_Packages/install/py_Driver', 'merge_install': False, 'path': '/home/hvalborg2/Desktop/P6_Robot_Driver/ROS2_Packages/src/py_Driver', 'symlink_install': False, 'test_result_base': None}
[3.819s] INFO:colcon.colcon_core.executor:Executing jobs using 'parallel' executor
[3.824s] DEBUG:colcon.colcon_parallel_executor.executor.parallel:run_until_complete
[3.826s] INFO:colcon.colcon_ros.task.ament_cmake.build:Building ROS package in '/home/hvalborg2/Desktop/P6_Robot_Driver/ROS2_Packages/src/bones' with build type 'ament_cmake'
[3.827s] INFO:colcon.colcon_cmake.task.cmake.build:Building CMake package in '/home/hvalborg2/Desktop/P6_Robot_Driver/ROS2_Packages/src/bones'
[3.855s] INFO:colcon.colcon_core.plugin_system:Skipping extension 'colcon_core.shell.bat': Not used on non-Windows systems
[3.856s] INFO:colcon.colcon_core.shell:Skip shell extension 'powershell' for command environment: Not usable outside of PowerShell
[3.857s] DEBUG:colcon.colcon_core.shell:Skip shell extension 'dsv' for command environment
[3.894s] INFO:colcon.colcon_ros.task.ament_cmake.build:Building ROS package in '/home/hvalborg2/Desktop/P6_Robot_Driver/ROS2_Packages/src/camera_pack' with build type 'ament_cmake'
[3.895s] INFO:colcon.colcon_cmake.task.cmake.build:Building CMake package in '/home/hvalborg2/Desktop/P6_Robot_Driver/ROS2_Packages/src/camera_pack'
[3.896s] INFO:colcon.colcon_core.shell:Skip shell extension 'powershell' for command environment: Not usable outside of PowerShell
[3.897s] DEBUG:colcon.colcon_core.shell:Skip shell extension 'dsv' for command environment
[3.944s] INFO:colcon.colcon_ros.task.ament_python.build:Building ROS package in '/home/hvalborg2/Desktop/P6_Robot_Driver/ROS2_Packages/src/lidar' with build type 'ament_python'
[3.946s] Level 1:colcon.colcon_core.shell:create_environment_hook('lidar', 'ament_prefix_path')
[3.947s] INFO:colcon.colcon_core.shell:Creating environment hook '/home/hvalborg2/Desktop/P6_Robot_Driver/ROS2_Packages/install/lidar/share/lidar/hook/ament_prefix_path.ps1'
[3.953s] INFO:colcon.colcon_core.shell:Creating environment descriptor '/home/hvalborg2/Desktop/P6_Robot_Driver/ROS2_Packages/install/lidar/share/lidar/hook/ament_prefix_path.dsv'
[3.957s] INFO:colcon.colcon_core.shell:Creating environment hook '/home/hvalborg2/Desktop/P6_Robot_Driver/ROS2_Packages/install/lidar/share/lidar/hook/ament_prefix_path.sh'
[3.963s] INFO:colcon.colcon_core.shell:Skip shell extension 'powershell' for command environment: Not usable outside of PowerShell
[3.964s] DEBUG:colcon.colcon_core.shell:Skip shell extension 'dsv' for command environment
[4.012s] INFO:colcon.colcon_ros.task.ament_cmake.build:Building ROS package in '/home/hvalborg2/Desktop/P6_Robot_Driver/ROS2_Packages/src/pubsub' with build type 'ament_cmake'
[4.014s] INFO:colcon.colcon_cmake.task.cmake.build:Building CMake package in '/home/hvalborg2/Desktop/P6_Robot_Driver/ROS2_Packages/src/pubsub'
[4.016s] INFO:colcon.colcon_core.shell:Skip shell extension 'powershell' for command environment: Not usable outside of PowerShell
[4.016s] DEBUG:colcon.colcon_core.shell:Skip shell extension 'dsv' for command environment
[4.088s] DEBUG:colcon.colcon_core.event_handler.log_command:Invoking command in '/home/hvalborg2/Desktop/P6_Robot_Driver/ROS2_Packages/build/bones': CMAKE_PREFIX_PATH=${CMAKE_PREFIX_PATH}:/home/hvalborg2/turtlebot3_ws/install/turtlebot3_teleop:/home/hvalborg2/turtlebot3_ws/install/turtlebot3_example:/home/hvalborg2/Desktop/P6_Robot_Driver/ROS2_Packages/install/py_Driver:/home/hvalborg2/Desktop/P6_Robot_Driver/ROS2_Packages/install/lidar:/opt/ros/humble /usr/bin/cmake --build /home/hvalborg2/Desktop/P6_Robot_Driver/ROS2_Packages/build/bones -- -j4 -l4
[4.138s] DEBUG:colcon.colcon_core.event_handler.log_command:Invoking command in '/home/hvalborg2/Desktop/P6_Robot_Driver/ROS2_Packages/build/camera_pack': CMAKE_PREFIX_PATH=${CMAKE_PREFIX_PATH}:/home/hvalborg2/turtlebot3_ws/install/turtlebot3_teleop:/home/hvalborg2/turtlebot3_ws/install/turtlebot3_example:/home/hvalborg2/Desktop/P6_Robot_Driver/ROS2_Packages/install/py_Driver:/home/hvalborg2/Desktop/P6_Robot_Driver/ROS2_Packages/install/lidar:/opt/ros/humble /usr/bin/cmake --build /home/hvalborg2/Desktop/P6_Robot_Driver/ROS2_Packages/build/camera_pack -- -j4 -l4
[5.850s] INFO:colcon.colcon_core.task.python.build:Building Python package in '/home/hvalborg2/Desktop/P6_Robot_Driver/ROS2_Packages/src/lidar'
[5.851s] INFO:colcon.colcon_core.shell:Skip shell extension 'powershell' for command environment: Not usable outside of PowerShell
[5.852s] DEBUG:colcon.colcon_core.shell:Skip shell extension 'dsv' for command environment
[5.920s] DEBUG:colcon.colcon_core.event_handler.log_command:Invoking command in '/home/hvalborg2/Desktop/P6_Robot_Driver/ROS2_Packages/build/pubsub': CMAKE_PREFIX_PATH=${CMAKE_PREFIX_PATH}:/home/hvalborg2/turtlebot3_ws/install/turtlebot3_teleop:/home/hvalborg2/turtlebot3_ws/install/turtlebot3_example:/home/hvalborg2/Desktop/P6_Robot_Driver/ROS2_Packages/install/py_Driver:/home/hvalborg2/Desktop/P6_Robot_Driver/ROS2_Packages/install/lidar:/opt/ros/humble /usr/bin/cmake --build /home/hvalborg2/Desktop/P6_Robot_Driver/ROS2_Packages/build/pubsub -- -j4 -l4
[5.924s] DEBUG:colcon.colcon_core.event_handler.log_command:Invoked command in '/home/hvalborg2/Desktop/P6_Robot_Driver/ROS2_Packages/build/camera_pack' returned '0': CMAKE_PREFIX_PATH=${CMAKE_PREFIX_PATH}:/home/hvalborg2/turtlebot3_ws/install/turtlebot3_teleop:/home/hvalborg2/turtlebot3_ws/install/turtlebot3_example:/home/hvalborg2/Desktop/P6_Robot_Driver/ROS2_Packages/install/py_Driver:/home/hvalborg2/Desktop/P6_Robot_Driver/ROS2_Packages/install/lidar:/opt/ros/humble /usr/bin/cmake --build /home/hvalborg2/Desktop/P6_Robot_Driver/ROS2_Packages/build/camera_pack -- -j4 -l4
[5.934s] DEBUG:colcon.colcon_core.event_handler.log_command:Invoked command in '/home/hvalborg2/Desktop/P6_Robot_Driver/ROS2_Packages/build/bones' returned '0': CMAKE_PREFIX_PATH=${CMAKE_PREFIX_PATH}:/home/hvalborg2/turtlebot3_ws/install/turtlebot3_teleop:/home/hvalborg2/turtlebot3_ws/install/turtlebot3_example:/home/hvalborg2/Desktop/P6_Robot_Driver/ROS2_Packages/install/py_Driver:/home/hvalborg2/Desktop/P6_Robot_Driver/ROS2_Packages/install/lidar:/opt/ros/humble /usr/bin/cmake --build /home/hvalborg2/Desktop/P6_Robot_Driver/ROS2_Packages/build/bones -- -j4 -l4
[6.449s] DEBUG:colcon.colcon_core.event_handler.log_command:Invoking command in '/home/hvalborg2/Desktop/P6_Robot_Driver/ROS2_Packages/build/bones': CMAKE_PREFIX_PATH=${CMAKE_PREFIX_PATH}:/home/hvalborg2/turtlebot3_ws/install/turtlebot3_teleop:/home/hvalborg2/turtlebot3_ws/install/turtlebot3_example:/home/hvalborg2/Desktop/P6_Robot_Driver/ROS2_Packages/install/py_Driver:/home/hvalborg2/Desktop/P6_Robot_Driver/ROS2_Packages/install/lidar:/opt/ros/humble /usr/bin/cmake --install /home/hvalborg2/Desktop/P6_Robot_Driver/ROS2_Packages/build/bones
[6.484s] DEBUG:colcon.colcon_core.event_handler.log_command:Invoking command in '/home/hvalborg2/Desktop/P6_Robot_Driver/ROS2_Packages/build/camera_pack': CMAKE_PREFIX_PATH=${CMAKE_PREFIX_PATH}:/home/hvalborg2/turtlebot3_ws/install/turtlebot3_teleop:/home/hvalborg2/turtlebot3_ws/install/turtlebot3_example:/home/hvalborg2/Desktop/P6_Robot_Driver/ROS2_Packages/install/py_Driver:/home/hvalborg2/Desktop/P6_Robot_Driver/ROS2_Packages/install/lidar:/opt/ros/humble /usr/bin/cmake --install /home/hvalborg2/Desktop/P6_Robot_Driver/ROS2_Packages/build/camera_pack
[6.622s] Level 1:colcon.colcon_core.environment:create_environment_scripts_only(camera_pack)
[6.650s] DEBUG:colcon.colcon_core.event_handler.log_command:Invoked command in '/home/hvalborg2/Desktop/P6_Robot_Driver/ROS2_Packages/build/camera_pack' returned '0': CMAKE_PREFIX_PATH=${CMAKE_PREFIX_PATH}:/home/hvalborg2/turtlebot3_ws/install/turtlebot3_teleop:/home/hvalborg2/turtlebot3_ws/install/turtlebot3_example:/home/hvalborg2/Desktop/P6_Robot_Driver/ROS2_Packages/install/py_Driver:/home/hvalborg2/Desktop/P6_Robot_Driver/ROS2_Packages/install/lidar:/opt/ros/humble /usr/bin/cmake --install /home/hvalborg2/Desktop/P6_Robot_Driver/ROS2_Packages/build/camera_pack
[6.669s] Level 1:colcon.colcon_core.environment:checking '/home/hvalborg2/Desktop/P6_Robot_Driver/ROS2_Packages/install/camera_pack' for CMake module files
[6.674s] Level 1:colcon.colcon_core.environment:checking '/home/hvalborg2/Desktop/P6_Robot_Driver/ROS2_Packages/install/camera_pack' for CMake config files
[6.675s] Level 1:colcon.colcon_core.shell:create_environment_hook('camera_pack', 'cmake_prefix_path')
[6.677s] INFO:colcon.colcon_core.shell:Creating environment hook '/home/hvalborg2/Desktop/P6_Robot_Driver/ROS2_Packages/install/camera_pack/share/camera_pack/hook/cmake_prefix_path.ps1'
[6.681s] INFO:colcon.colcon_core.shell:Creating environment descriptor '/home/hvalborg2/Desktop/P6_Robot_Driver/ROS2_Packages/install/camera_pack/share/camera_pack/hook/cmake_prefix_path.dsv'
[6.685s] INFO:colcon.colcon_core.shell:Creating environment hook '/home/hvalborg2/Desktop/P6_Robot_Driver/ROS2_Packages/install/camera_pack/share/camera_pack/hook/cmake_prefix_path.sh'
[6.691s] Level 1:colcon.colcon_core.environment:checking '/home/hvalborg2/Desktop/P6_Robot_Driver/ROS2_Packages/install/camera_pack/lib'
[6.692s] Level 1:colcon.colcon_core.environment:checking '/home/hvalborg2/Desktop/P6_Robot_Driver/ROS2_Packages/install/camera_pack/bin'
[6.693s] Level 1:colcon.colcon_core.environment:checking '/home/hvalborg2/Desktop/P6_Robot_Driver/ROS2_Packages/install/camera_pack/lib/pkgconfig/camera_pack.pc'
[6.694s] Level 1:colcon.colcon_core.environment:checking '/home/hvalborg2/Desktop/P6_Robot_Driver/ROS2_Packages/install/camera_pack/lib/python3.10/site-packages'
[6.696s] Level 1:colcon.colcon_core.environment:checking '/home/hvalborg2/Desktop/P6_Robot_Driver/ROS2_Packages/install/camera_pack/bin'
[6.698s] INFO:colcon.colcon_core.shell:Creating package script '/home/hvalborg2/Desktop/P6_Robot_Driver/ROS2_Packages/install/camera_pack/share/camera_pack/package.ps1'
[6.705s] INFO:colcon.colcon_core.shell:Creating package descriptor '/home/hvalborg2/Desktop/P6_Robot_Driver/ROS2_Packages/install/camera_pack/share/camera_pack/package.dsv'
[6.717s] INFO:colcon.colcon_core.shell:Creating package script '/home/hvalborg2/Desktop/P6_Robot_Driver/ROS2_Packages/install/camera_pack/share/camera_pack/package.sh'
[6.730s] INFO:colcon.colcon_core.shell:Creating package script '/home/hvalborg2/Desktop/P6_Robot_Driver/ROS2_Packages/install/camera_pack/share/camera_pack/package.bash'
[6.744s] INFO:colcon.colcon_core.shell:Creating package script '/home/hvalborg2/Desktop/P6_Robot_Driver/ROS2_Packages/install/camera_pack/share/camera_pack/package.zsh'
[6.754s] Level 1:colcon.colcon_core.environment:create_file_with_runtime_dependencies(/home/hvalborg2/Desktop/P6_Robot_Driver/ROS2_Packages/install/camera_pack/share/colcon-core/packages/camera_pack)
[6.784s] DEBUG:colcon.colcon_core.event_handler.log_command:Invoked command in '/home/hvalborg2/Desktop/P6_Robot_Driver/ROS2_Packages/build/pubsub' returned '0': CMAKE_PREFIX_PATH=${CMAKE_PREFIX_PATH}:/home/hvalborg2/turtlebot3_ws/install/turtlebot3_teleop:/home/hvalborg2/turtlebot3_ws/install/turtlebot3_example:/home/hvalborg2/Desktop/P6_Robot_Driver/ROS2_Packages/install/py_Driver:/home/hvalborg2/Desktop/P6_Robot_Driver/ROS2_Packages/install/lidar:/opt/ros/humble /usr/bin/cmake --build /home/hvalborg2/Desktop/P6_Robot_Driver/ROS2_Packages/build/pubsub -- -j4 -l4
[6.824s] Level 1:colcon.colcon_core.environment:create_environment_scripts_only(bones)
[6.826s] Level 1:colcon.colcon_core.environment:checking '/home/hvalborg2/Desktop/P6_Robot_Driver/ROS2_Packages/install/bones' for CMake module files
[6.830s] DEBUG:colcon.colcon_core.event_handler.log_command:Invoked command in '/home/hvalborg2/Desktop/P6_Robot_Driver/ROS2_Packages/build/bones' returned '0': CMAKE_PREFIX_PATH=${CMAKE_PREFIX_PATH}:/home/hvalborg2/turtlebot3_ws/install/turtlebot3_teleop:/home/hvalborg2/turtlebot3_ws/install/turtlebot3_example:/home/hvalborg2/Desktop/P6_Robot_Driver/ROS2_Packages/install/py_Driver:/home/hvalborg2/Desktop/P6_Robot_Driver/ROS2_Packages/install/lidar:/opt/ros/humble /usr/bin/cmake --install /home/hvalborg2/Desktop/P6_Robot_Driver/ROS2_Packages/build/bones
[6.832s] Level 1:colcon.colcon_core.environment:checking '/home/hvalborg2/Desktop/P6_Robot_Driver/ROS2_Packages/install/bones' for CMake config files
[6.834s] Level 1:colcon.colcon_core.shell:create_environment_hook('bones', 'cmake_prefix_path')
[6.835s] INFO:colcon.colcon_core.shell:Creating environment hook '/home/hvalborg2/Desktop/P6_Robot_Driver/ROS2_Packages/install/bones/share/bones/hook/cmake_prefix_path.ps1'
[6.841s] INFO:colcon.colcon_core.shell:Creating environment descriptor '/home/hvalborg2/Desktop/P6_Robot_Driver/ROS2_Packages/install/bones/share/bones/hook/cmake_prefix_path.dsv'
[6.845s] INFO:colcon.colcon_core.shell:Creating environment hook '/home/hvalborg2/Desktop/P6_Robot_Driver/ROS2_Packages/install/bones/share/bones/hook/cmake_prefix_path.sh'
[6.851s] Level 1:colcon.colcon_core.environment:checking '/home/hvalborg2/Desktop/P6_Robot_Driver/ROS2_Packages/install/bones/lib'
[6.852s] Level 1:colcon.colcon_core.environment:checking '/home/hvalborg2/Desktop/P6_Robot_Driver/ROS2_Packages/install/bones/bin'
[6.853s] Level 1:colcon.colcon_core.environment:checking '/home/hvalborg2/Desktop/P6_Robot_Driver/ROS2_Packages/install/bones/lib/pkgconfig/bones.pc'
[6.854s] Level 1:colcon.colcon_core.environment:checking '/home/hvalborg2/Desktop/P6_Robot_Driver/ROS2_Packages/install/bones/lib/python3.10/site-packages'
[6.856s] Level 1:colcon.colcon_core.environment:checking '/home/hvalborg2/Desktop/P6_Robot_Driver/ROS2_Packages/install/bones/bin'
[6.858s] INFO:colcon.colcon_core.shell:Creating package script '/home/hvalborg2/Desktop/P6_Robot_Driver/ROS2_Packages/install/bones/share/bones/package.ps1'
[6.865s] INFO:colcon.colcon_core.shell:Creating package descriptor '/home/hvalborg2/Desktop/P6_Robot_Driver/ROS2_Packages/install/bones/share/bones/package.dsv'
[6.868s] INFO:colcon.colcon_core.shell:Creating package script '/home/hvalborg2/Desktop/P6_Robot_Driver/ROS2_Packages/install/bones/share/bones/package.sh'
[6.874s] INFO:colcon.colcon_core.shell:Creating package script '/home/hvalborg2/Desktop/P6_Robot_Driver/ROS2_Packages/install/bones/share/bones/package.bash'
[6.877s] INFO:colcon.colcon_core.shell:Creating package script '/home/hvalborg2/Desktop/P6_Robot_Driver/ROS2_Packages/install/bones/share/bones/package.zsh'
[6.880s] Level 1:colcon.colcon_core.environment:create_file_with_runtime_dependencies(/home/hvalborg2/Desktop/P6_Robot_Driver/ROS2_Packages/install/bones/share/colcon-core/packages/bones)
[7.144s] Level 1:colcon.colcon_core.environment:create_environment_scripts_only(camera_pack)
[7.147s] Level 1:colcon.colcon_core.environment:checking '/home/hvalborg2/Desktop/P6_Robot_Driver/ROS2_Packages/install/camera_pack' for CMake module files
[7.154s] Level 1:colcon.colcon_core.environment:checking '/home/hvalborg2/Desktop/P6_Robot_Driver/ROS2_Packages/install/camera_pack' for CMake config files
[7.159s] Level 1:colcon.colcon_core.shell:create_environment_hook('camera_pack', 'cmake_prefix_path')
[7.160s] INFO:colcon.colcon_core.shell:Creating environment hook '/home/hvalborg2/Desktop/P6_Robot_Driver/ROS2_Packages/install/camera_pack/share/camera_pack/hook/cmake_prefix_path.ps1'
[7.162s] INFO:colcon.colcon_core.shell:Creating environment descriptor '/home/hvalborg2/Desktop/P6_Robot_Driver/ROS2_Packages/install/camera_pack/share/camera_pack/hook/cmake_prefix_path.dsv'
[7.164s] INFO:colcon.colcon_core.shell:Creating environment hook '/home/hvalborg2/Desktop/P6_Robot_Driver/ROS2_Packages/install/camera_pack/share/camera_pack/hook/cmake_prefix_path.sh'
[7.168s] Level 1:colcon.colcon_core.environment:checking '/home/hvalborg2/Desktop/P6_Robot_Driver/ROS2_Packages/install/camera_pack/lib'
[7.169s] Level 1:colcon.colcon_core.environment:checking '/home/hvalborg2/Desktop/P6_Robot_Driver/ROS2_Packages/install/camera_pack/bin'
[7.176s] Level 1:colcon.colcon_core.environment:checking '/home/hvalborg2/Desktop/P6_Robot_Driver/ROS2_Packages/install/camera_pack/lib/pkgconfig/camera_pack.pc'
[7.178s] Level 1:colcon.colcon_core.environment:checking '/home/hvalborg2/Desktop/P6_Robot_Driver/ROS2_Packages/install/camera_pack/lib/python3.10/site-packages'
[7.193s] Level 1:colcon.colcon_core.environment:checking '/home/hvalborg2/Desktop/P6_Robot_Driver/ROS2_Packages/install/camera_pack/bin'
[7.195s] INFO:colcon.colcon_core.shell:Creating package script '/home/hvalborg2/Desktop/P6_Robot_Driver/ROS2_Packages/install/camera_pack/share/camera_pack/package.ps1'
[7.201s] INFO:colcon.colcon_core.shell:Creating package descriptor '/home/hvalborg2/Desktop/P6_Robot_Driver/ROS2_Packages/install/camera_pack/share/camera_pack/package.dsv'
[7.221s] INFO:colcon.colcon_core.shell:Creating package script '/home/hvalborg2/Desktop/P6_Robot_Driver/ROS2_Packages/install/camera_pack/share/camera_pack/package.sh'
[7.230s] INFO:colcon.colcon_core.shell:Creating package script '/home/hvalborg2/Desktop/P6_Robot_Driver/ROS2_Packages/install/camera_pack/share/camera_pack/package.bash'
[7.233s] INFO:colcon.colcon_core.shell:Creating package script '/home/hvalborg2/Desktop/P6_Robot_Driver/ROS2_Packages/install/camera_pack/share/camera_pack/package.zsh'
[7.236s] Level 1:colcon.colcon_core.environment:create_file_with_runtime_dependencies(/home/hvalborg2/Desktop/P6_Robot_Driver/ROS2_Packages/install/camera_pack/share/colcon-core/packages/camera_pack)
[7.246s] INFO:colcon.colcon_ros.task.ament_python.build:Building ROS package in '/home/hvalborg2/Desktop/P6_Robot_Driver/ROS2_Packages/src/py_Driver' with build type 'ament_python'
[7.247s] Level 1:colcon.colcon_core.shell:create_environment_hook('py_Driver', 'ament_prefix_path')
[7.248s] INFO:colcon.colcon_core.shell:Creating environment hook '/home/hvalborg2/Desktop/P6_Robot_Driver/ROS2_Packages/install/py_Driver/share/py_Driver/hook/ament_prefix_path.ps1'
[7.254s] INFO:colcon.colcon_core.shell:Creating environment descriptor '/home/hvalborg2/Desktop/P6_Robot_Driver/ROS2_Packages/install/py_Driver/share/py_Driver/hook/ament_prefix_path.dsv'
[7.265s] INFO:colcon.colcon_core.shell:Creating environment hook '/home/hvalborg2/Desktop/P6_Robot_Driver/ROS2_Packages/install/py_Driver/share/py_Driver/hook/ament_prefix_path.sh'
[7.269s] INFO:colcon.colcon_core.shell:Skip shell extension 'powershell' for command environment: Not usable outside of PowerShell
[7.269s] DEBUG:colcon.colcon_core.shell:Skip shell extension 'dsv' for command environment
[7.472s] DEBUG:colcon.colcon_core.event_handler.log_command:Invoking command in '/home/hvalborg2/Desktop/P6_Robot_Driver/ROS2_Packages/build/pubsub': CMAKE_PREFIX_PATH=${CMAKE_PREFIX_PATH}:/home/hvalborg2/turtlebot3_ws/install/turtlebot3_teleop:/home/hvalborg2/turtlebot3_ws/install/turtlebot3_example:/home/hvalborg2/Desktop/P6_Robot_Driver/ROS2_Packages/install/py_Driver:/home/hvalborg2/Desktop/P6_Robot_Driver/ROS2_Packages/install/lidar:/opt/ros/humble /usr/bin/cmake --install /home/hvalborg2/Desktop/P6_Robot_Driver/ROS2_Packages/build/pubsub
[7.495s] Level 1:colcon.colcon_core.environment:create_environment_scripts_only(bones)
[7.497s] Level 1:colcon.colcon_core.environment:checking '/home/hvalborg2/Desktop/P6_Robot_Driver/ROS2_Packages/install/bones' for CMake module files
[7.509s] Level 1:colcon.colcon_core.environment:checking '/home/hvalborg2/Desktop/P6_Robot_Driver/ROS2_Packages/install/bones' for CMake config files
[7.527s] Level 1:colcon.colcon_core.shell:create_environment_hook('bones', 'cmake_prefix_path')
[7.528s] INFO:colcon.colcon_core.shell:Creating environment hook '/home/hvalborg2/Desktop/P6_Robot_Driver/ROS2_Packages/install/bones/share/bones/hook/cmake_prefix_path.ps1'
[7.561s] INFO:colcon.colcon_core.shell:Creating environment descriptor '/home/hvalborg2/Desktop/P6_Robot_Driver/ROS2_Packages/install/bones/share/bones/hook/cmake_prefix_path.dsv'
[7.563s] INFO:colcon.colcon_core.shell:Creating environment hook '/home/hvalborg2/Desktop/P6_Robot_Driver/ROS2_Packages/install/bones/share/bones/hook/cmake_prefix_path.sh'
[7.567s] Level 1:colcon.colcon_core.environment:checking '/home/hvalborg2/Desktop/P6_Robot_Driver/ROS2_Packages/install/bones/lib'
[7.568s] Level 1:colcon.colcon_core.environment:checking '/home/hvalborg2/Desktop/P6_Robot_Driver/ROS2_Packages/install/bones/bin'
[7.568s] Level 1:colcon.colcon_core.environment:checking '/home/hvalborg2/Desktop/P6_Robot_Driver/ROS2_Packages/install/bones/lib/pkgconfig/bones.pc'
[7.569s] Level 1:colcon.colcon_core.environment:checking '/home/hvalborg2/Desktop/P6_Robot_Driver/ROS2_Packages/install/bones/lib/python3.10/site-packages'
[7.571s] Level 1:colcon.colcon_core.environment:checking '/home/hvalborg2/Desktop/P6_Robot_Driver/ROS2_Packages/install/bones/bin'
[7.572s] INFO:colcon.colcon_core.shell:Creating package script '/home/hvalborg2/Desktop/P6_Robot_Driver/ROS2_Packages/install/bones/share/bones/package.ps1'
[7.576s] INFO:colcon.colcon_core.shell:Creating package descriptor '/home/hvalborg2/Desktop/P6_Robot_Driver/ROS2_Packages/install/bones/share/bones/package.dsv'
[7.583s] INFO:colcon.colcon_core.shell:Creating package script '/home/hvalborg2/Desktop/P6_Robot_Driver/ROS2_Packages/install/bones/share/bones/package.sh'
[7.587s] INFO:colcon.colcon_core.shell:Creating package script '/home/hvalborg2/Desktop/P6_Robot_Driver/ROS2_Packages/install/bones/share/bones/package.bash'
[7.594s] INFO:colcon.colcon_core.shell:Creating package script '/home/hvalborg2/Desktop/P6_Robot_Driver/ROS2_Packages/install/bones/share/bones/package.zsh'
[7.597s] Level 1:colcon.colcon_core.environment:create_file_with_runtime_dependencies(/home/hvalborg2/Desktop/P6_Robot_Driver/ROS2_Packages/install/bones/share/colcon-core/packages/bones)
[9.793s] INFO:colcon.colcon_core.task.python.build:Building Python package in '/home/hvalborg2/Desktop/P6_Robot_Driver/ROS2_Packages/src/py_Driver'
[9.800s] INFO:colcon.colcon_core.shell:Skip shell extension 'powershell' for command environment: Not usable outside of PowerShell
[9.801s] DEBUG:colcon.colcon_core.shell:Skip shell extension 'dsv' for command environment
[9.855s] DEBUG:colcon.colcon_core.event_handler.log_command:Invoking command in '/home/hvalborg2/Desktop/P6_Robot_Driver/ROS2_Packages/src/lidar': PYTHONPATH=/home/hvalborg2/Desktop/P6_Robot_Driver/ROS2_Packages/build/lidar/prefix_override:/home/hvalborg2/Desktop/P6_Robot_Driver/ROS2_Packages/install/lidar/lib/python3.10/site-packages:${PYTHONPATH} /usr/bin/python3 -W ignore:setup.py install is deprecated setup.py egg_info --egg-base ../../build/lidar build --build-base /home/hvalborg2/Desktop/P6_Robot_Driver/ROS2_Packages/build/lidar/build install --record /home/hvalborg2/Desktop/P6_Robot_Driver/ROS2_Packages/build/lidar/install.log --single-version-externally-managed install_data
[9.866s] Level 1:colcon.colcon_core.environment:create_environment_scripts_only(pubsub)
[9.868s] Level 1:colcon.colcon_core.environment:checking '/home/hvalborg2/Desktop/P6_Robot_Driver/ROS2_Packages/install/pubsub' for CMake module files
[9.871s] DEBUG:colcon.colcon_core.event_handler.log_command:Invoked command in '/home/hvalborg2/Desktop/P6_Robot_Driver/ROS2_Packages/build/pubsub' returned '0': CMAKE_PREFIX_PATH=${CMAKE_PREFIX_PATH}:/home/hvalborg2/turtlebot3_ws/install/turtlebot3_teleop:/home/hvalborg2/turtlebot3_ws/install/turtlebot3_example:/home/hvalborg2/Desktop/P6_Robot_Driver/ROS2_Packages/install/py_Driver:/home/hvalborg2/Desktop/P6_Robot_Driver/ROS2_Packages/install/lidar:/opt/ros/humble /usr/bin/cmake --install /home/hvalborg2/Desktop/P6_Robot_Driver/ROS2_Packages/build/pubsub
[9.876s] Level 1:colcon.colcon_core.environment:checking '/home/hvalborg2/Desktop/P6_Robot_Driver/ROS2_Packages/install/pubsub' for CMake config files
[9.880s] Level 1:colcon.colcon_core.shell:create_environment_hook('pubsub', 'cmake_prefix_path')
[9.882s] INFO:colcon.colcon_core.shell:Creating environment hook '/home/hvalborg2/Desktop/P6_Robot_Driver/ROS2_Packages/install/pubsub/share/pubsub/hook/cmake_prefix_path.ps1'
[9.887s] INFO:colcon.colcon_core.shell:Creating environment descriptor '/home/hvalborg2/Desktop/P6_Robot_Driver/ROS2_Packages/install/pubsub/share/pubsub/hook/cmake_prefix_path.dsv'
[9.890s] INFO:colcon.colcon_core.shell:Creating environment hook '/home/hvalborg2/Desktop/P6_Robot_Driver/ROS2_Packages/install/pubsub/share/pubsub/hook/cmake_prefix_path.sh'
[9.898s] Level 1:colcon.colcon_core.environment:checking '/home/hvalborg2/Desktop/P6_Robot_Driver/ROS2_Packages/install/pubsub/lib'
[9.899s] Level 1:colcon.colcon_core.environment:checking '/home/hvalborg2/Desktop/P6_Robot_Driver/ROS2_Packages/install/pubsub/bin'
[9.900s] Level 1:colcon.colcon_core.environment:checking '/home/hvalborg2/Desktop/P6_Robot_Driver/ROS2_Packages/install/pubsub/lib/pkgconfig/pubsub.pc'
[9.902s] Level 1:colcon.colcon_core.environment:checking '/home/hvalborg2/Desktop/P6_Robot_Driver/ROS2_Packages/install/pubsub/lib/python3.10/site-packages'
[9.906s] Level 1:colcon.colcon_core.environment:checking '/home/hvalborg2/Desktop/P6_Robot_Driver/ROS2_Packages/install/pubsub/bin'
[9.910s] INFO:colcon.colcon_core.shell:Creating package script '/home/hvalborg2/Desktop/P6_Robot_Driver/ROS2_Packages/install/pubsub/share/pubsub/package.ps1'
[9.917s] INFO:colcon.colcon_core.shell:Creating package descriptor '/home/hvalborg2/Desktop/P6_Robot_Driver/ROS2_Packages/install/pubsub/share/pubsub/package.dsv'
[9.922s] INFO:colcon.colcon_core.shell:Creating package script '/home/hvalborg2/Desktop/P6_Robot_Driver/ROS2_Packages/install/pubsub/share/pubsub/package.sh'
[9.926s] INFO:colcon.colcon_core.shell:Creating package script '/home/hvalborg2/Desktop/P6_Robot_Driver/ROS2_Packages/install/pubsub/share/pubsub/package.bash'
[9.930s] INFO:colcon.colcon_core.shell:Creating package script '/home/hvalborg2/Desktop/P6_Robot_Driver/ROS2_Packages/install/pubsub/share/pubsub/package.zsh'
[9.934s] Level 1:colcon.colcon_core.environment:create_file_with_runtime_dependencies(/home/hvalborg2/Desktop/P6_Robot_Driver/ROS2_Packages/install/pubsub/share/colcon-core/packages/pubsub)
[10.421s] Level 1:colcon.colcon_core.environment:create_environment_scripts_only(pubsub)
[10.423s] Level 1:colcon.colcon_core.environment:checking '/home/hvalborg2/Desktop/P6_Robot_Driver/ROS2_Packages/install/pubsub' for CMake module files
[10.427s] Level 1:colcon.colcon_core.environment:checking '/home/hvalborg2/Desktop/P6_Robot_Driver/ROS2_Packages/install/pubsub' for CMake config files
[10.442s] Level 1:colcon.colcon_core.shell:create_environment_hook('pubsub', 'cmake_prefix_path')
[10.443s] INFO:colcon.colcon_core.shell:Creating environment hook '/home/hvalborg2/Desktop/P6_Robot_Driver/ROS2_Packages/install/pubsub/share/pubsub/hook/cmake_prefix_path.ps1'
[10.447s] INFO:colcon.colcon_core.shell:Creating environment descriptor '/home/hvalborg2/Desktop/P6_Robot_Driver/ROS2_Packages/install/pubsub/share/pubsub/hook/cmake_prefix_path.dsv'
[10.451s] INFO:colcon.colcon_core.shell:Creating environment hook '/home/hvalborg2/Desktop/P6_Robot_Driver/ROS2_Packages/install/pubsub/share/pubsub/hook/cmake_prefix_path.sh'
[10.459s] Level 1:colcon.colcon_core.environment:checking '/home/hvalborg2/Desktop/P6_Robot_Driver/ROS2_Packages/install/pubsub/lib'
[10.459s] Level 1:colcon.colcon_core.environment:checking '/home/hvalborg2/Desktop/P6_Robot_Driver/ROS2_Packages/install/pubsub/bin'
[10.460s] Level 1:colcon.colcon_core.environment:checking '/home/hvalborg2/Desktop/P6_Robot_Driver/ROS2_Packages/install/pubsub/lib/pkgconfig/pubsub.pc'
[10.467s] Level 1:colcon.colcon_core.environment:checking '/home/hvalborg2/Desktop/P6_Robot_Driver/ROS2_Packages/install/pubsub/lib/python3.10/site-packages'
[10.469s] Level 1:colcon.colcon_core.environment:checking '/home/hvalborg2/Desktop/P6_Robot_Driver/ROS2_Packages/install/pubsub/bin'
[10.474s] INFO:colcon.colcon_core.shell:Creating package script '/home/hvalborg2/Desktop/P6_Robot_Driver/ROS2_Packages/install/pubsub/share/pubsub/package.ps1'
[10.492s] INFO:colcon.colcon_core.shell:Creating package descriptor '/home/hvalborg2/Desktop/P6_Robot_Driver/ROS2_Packages/install/pubsub/share/pubsub/package.dsv'
[10.495s] INFO:colcon.colcon_core.shell:Creating package script '/home/hvalborg2/Desktop/P6_Robot_Driver/ROS2_Packages/install/pubsub/share/pubsub/package.sh'
[10.499s] INFO:colcon.colcon_core.shell:Creating package script '/home/hvalborg2/Desktop/P6_Robot_Driver/ROS2_Packages/install/pubsub/share/pubsub/package.bash'
[10.503s] INFO:colcon.colcon_core.shell:Creating package script '/home/hvalborg2/Desktop/P6_Robot_Driver/ROS2_Packages/install/pubsub/share/pubsub/package.zsh'
[10.508s] Level 1:colcon.colcon_core.environment:create_file_with_runtime_dependencies(/home/hvalborg2/Desktop/P6_Robot_Driver/ROS2_Packages/install/pubsub/share/colcon-core/packages/pubsub)
[12.613s] Level 1:colcon.colcon_core.environment:checking '/home/hvalborg2/Desktop/P6_Robot_Driver/ROS2_Packages/install/lidar' for CMake module files
[12.618s] Level 1:colcon.colcon_core.environment:checking '/home/hvalborg2/Desktop/P6_Robot_Driver/ROS2_Packages/install/lidar' for CMake config files
[12.623s] DEBUG:colcon.colcon_core.event_handler.log_command:Invoked command in '/home/hvalborg2/Desktop/P6_Robot_Driver/ROS2_Packages/src/lidar' returned '0': PYTHONPATH=/home/hvalborg2/Desktop/P6_Robot_Driver/ROS2_Packages/build/lidar/prefix_override:/home/hvalborg2/Desktop/P6_Robot_Driver/ROS2_Packages/install/lidar/lib/python3.10/site-packages:${PYTHONPATH} /usr/bin/python3 -W ignore:setup.py install is deprecated setup.py egg_info --egg-base ../../build/lidar build --build-base /home/hvalborg2/Desktop/P6_Robot_Driver/ROS2_Packages/build/lidar/build install --record /home/hvalborg2/Desktop/P6_Robot_Driver/ROS2_Packages/build/lidar/install.log --single-version-externally-managed install_data
[12.626s] Level 1:colcon.colcon_core.environment:checking '/home/hvalborg2/Desktop/P6_Robot_Driver/ROS2_Packages/install/lidar/lib'
[12.627s] Level 1:colcon.colcon_core.environment:checking '/home/hvalborg2/Desktop/P6_Robot_Driver/ROS2_Packages/install/lidar/bin'
[12.627s] Level 1:colcon.colcon_core.environment:checking '/home/hvalborg2/Desktop/P6_Robot_Driver/ROS2_Packages/install/lidar/lib/pkgconfig/lidar.pc'
[12.629s] Level 1:colcon.colcon_core.environment:checking '/home/hvalborg2/Desktop/P6_Robot_Driver/ROS2_Packages/install/lidar/lib/python3.10/site-packages'
[12.630s] Level 1:colcon.colcon_core.shell:create_environment_hook('lidar', 'pythonpath')
[12.631s] INFO:colcon.colcon_core.shell:Creating environment hook '/home/hvalborg2/Desktop/P6_Robot_Driver/ROS2_Packages/install/lidar/share/lidar/hook/pythonpath.ps1'
[12.634s] INFO:colcon.colcon_core.shell:Creating environment descriptor '/home/hvalborg2/Desktop/P6_Robot_Driver/ROS2_Packages/install/lidar/share/lidar/hook/pythonpath.dsv'
[12.636s] INFO:colcon.colcon_core.shell:Creating environment hook '/home/hvalborg2/Desktop/P6_Robot_Driver/ROS2_Packages/install/lidar/share/lidar/hook/pythonpath.sh'
[12.642s] Level 1:colcon.colcon_core.environment:checking '/home/hvalborg2/Desktop/P6_Robot_Driver/ROS2_Packages/install/lidar/bin'
[12.643s] Level 1:colcon.colcon_core.environment:create_environment_scripts_only(lidar)
[12.645s] INFO:colcon.colcon_core.shell:Creating package script '/home/hvalborg2/Desktop/P6_Robot_Driver/ROS2_Packages/install/lidar/share/lidar/package.ps1'
[12.648s] INFO:colcon.colcon_core.shell:Creating package descriptor '/home/hvalborg2/Desktop/P6_Robot_Driver/ROS2_Packages/install/lidar/share/lidar/package.dsv'
[12.651s] INFO:colcon.colcon_core.shell:Creating package script '/home/hvalborg2/Desktop/P6_Robot_Driver/ROS2_Packages/install/lidar/share/lidar/package.sh'
[12.653s] INFO:colcon.colcon_core.shell:Creating package script '/home/hvalborg2/Desktop/P6_Robot_Driver/ROS2_Packages/install/lidar/share/lidar/package.bash'
[12.656s] INFO:colcon.colcon_core.shell:Creating package script '/home/hvalborg2/Desktop/P6_Robot_Driver/ROS2_Packages/install/lidar/share/lidar/package.zsh'
[12.658s] Level 1:colcon.colcon_core.environment:create_file_with_runtime_dependencies(/home/hvalborg2/Desktop/P6_Robot_Driver/ROS2_Packages/install/lidar/share/colcon-core/packages/lidar)
[12.948s] DEBUG:colcon.colcon_core.event_handler.log_command:Invoking command in '/home/hvalborg2/Desktop/P6_Robot_Driver/ROS2_Packages/src/py_Driver': PYTHONPATH=/home/hvalborg2/Desktop/P6_Robot_Driver/ROS2_Packages/build/py_Driver/prefix_override:/home/hvalborg2/Desktop/P6_Robot_Driver/ROS2_Packages/install/py_Driver/lib/python3.10/site-packages:${PYTHONPATH} /usr/bin/python3 -W ignore:setup.py install is deprecated setup.py egg_info --egg-base ../../build/py_Driver build --build-base /home/hvalborg2/Desktop/P6_Robot_Driver/ROS2_Packages/build/py_Driver/build install --record /home/hvalborg2/Desktop/P6_Robot_Driver/ROS2_Packages/build/py_Driver/install.log --single-version-externally-managed install_data
[14.912s] Level 1:colcon.colcon_core.environment:checking '/home/hvalborg2/Desktop/P6_Robot_Driver/ROS2_Packages/install/py_Driver' for CMake module files
[14.914s] DEBUG:colcon.colcon_core.event_handler.log_command:Invoked command in '/home/hvalborg2/Desktop/P6_Robot_Driver/ROS2_Packages/src/py_Driver' returned '0': PYTHONPATH=/home/hvalborg2/Desktop/P6_Robot_Driver/ROS2_Packages/build/py_Driver/prefix_override:/home/hvalborg2/Desktop/P6_Robot_Driver/ROS2_Packages/install/py_Driver/lib/python3.10/site-packages:${PYTHONPATH} /usr/bin/python3 -W ignore:setup.py install is deprecated setup.py egg_info --egg-base ../../build/py_Driver build --build-base /home/hvalborg2/Desktop/P6_Robot_Driver/ROS2_Packages/build/py_Driver/build install --record /home/hvalborg2/Desktop/P6_Robot_Driver/ROS2_Packages/build/py_Driver/install.log --single-version-externally-managed install_data
[14.916s] Level 1:colcon.colcon_core.environment:checking '/home/hvalborg2/Desktop/P6_Robot_Driver/ROS2_Packages/install/py_Driver' for CMake config files
[14.920s] Level 1:colcon.colcon_core.environment:checking '/home/hvalborg2/Desktop/P6_Robot_Driver/ROS2_Packages/install/py_Driver/lib'
[14.921s] Level 1:colcon.colcon_core.environment:checking '/home/hvalborg2/Desktop/P6_Robot_Driver/ROS2_Packages/install/py_Driver/bin'
[14.921s] Level 1:colcon.colcon_core.environment:checking '/home/hvalborg2/Desktop/P6_Robot_Driver/ROS2_Packages/install/py_Driver/lib/pkgconfig/py_Driver.pc'
[14.922s] Level 1:colcon.colcon_core.environment:checking '/home/hvalborg2/Desktop/P6_Robot_Driver/ROS2_Packages/install/py_Driver/lib/python3.10/site-packages'
[14.922s] Level 1:colcon.colcon_core.shell:create_environment_hook('py_Driver', 'pythonpath')
[14.923s] INFO:colcon.colcon_core.shell:Creating environment hook '/home/hvalborg2/Desktop/P6_Robot_Driver/ROS2_Packages/install/py_Driver/share/py_Driver/hook/pythonpath.ps1'
[14.925s] INFO:colcon.colcon_core.shell:Creating environment descriptor '/home/hvalborg2/Desktop/P6_Robot_Driver/ROS2_Packages/install/py_Driver/share/py_Driver/hook/pythonpath.dsv'
[14.927s] INFO:colcon.colcon_core.shell:Creating environment hook '/home/hvalborg2/Desktop/P6_Robot_Driver/ROS2_Packages/install/py_Driver/share/py_Driver/hook/pythonpath.sh'
[14.930s] Level 1:colcon.colcon_core.environment:checking '/home/hvalborg2/Desktop/P6_Robot_Driver/ROS2_Packages/install/py_Driver/bin'
[14.931s] Level 1:colcon.colcon_core.environment:create_environment_scripts_only(py_Driver)
[14.932s] INFO:colcon.colcon_core.shell:Creating package script '/home/hvalborg2/Desktop/P6_Robot_Driver/ROS2_Packages/install/py_Driver/share/py_Driver/package.ps1'
[14.935s] INFO:colcon.colcon_core.shell:Creating package descriptor '/home/hvalborg2/Desktop/P6_Robot_Driver/ROS2_Packages/install/py_Driver/share/py_Driver/package.dsv'
[14.937s] INFO:colcon.colcon_core.shell:Creating package script '/home/hvalborg2/Desktop/P6_Robot_Driver/ROS2_Packages/install/py_Driver/share/py_Driver/package.sh'
[14.939s] INFO:colcon.colcon_core.shell:Creating package script '/home/hvalborg2/Desktop/P6_Robot_Driver/ROS2_Packages/install/py_Driver/share/py_Driver/package.bash'
[14.941s] INFO:colcon.colcon_core.shell:Creating package script '/home/hvalborg2/Desktop/P6_Robot_Driver/ROS2_Packages/install/py_Driver/share/py_Driver/package.zsh'
[14.943s] Level 1:colcon.colcon_core.environment:create_file_with_runtime_dependencies(/home/hvalborg2/Desktop/P6_Robot_Driver/ROS2_Packages/install/py_Driver/share/colcon-core/packages/py_Driver)
[14.944s] DEBUG:colcon.colcon_parallel_executor.executor.parallel:closing loop
[14.946s] DEBUG:colcon.colcon_parallel_executor.executor.parallel:loop closed
[14.946s] DEBUG:colcon.colcon_parallel_executor.executor.parallel:run_until_complete finished with '0'
[14.946s] DEBUG:colcon.colcon_core.event_reactor:joining thread
[14.984s] INFO:colcon.colcon_core.plugin_system:Skipping extension 'colcon_notification.desktop_notification.terminal_notifier': Not used on non-Darwin systems
[14.985s] INFO:colcon.colcon_core.plugin_system:Skipping extension 'colcon_notification.desktop_notification.win32': Not used on non-Windows systems
[14.985s] INFO:colcon.colcon_notification.desktop_notification:Sending desktop notification using 'notify2'
[14.993s] DEBUG:colcon.colcon_notification.desktop_notification.notify2:Failed to initialize notify2: org.freedesktop.DBus.Error.ServiceUnknown: The name org.freedesktop.Notifications was not provided by any .service files
[14.994s] DEBUG:colcon.colcon_core.event_reactor:joined thread
[14.995s] INFO:colcon.colcon_core.shell:Creating prefix script '/home/hvalborg2/Desktop/P6_Robot_Driver/ROS2_Packages/install/local_setup.ps1'
[15.002s] INFO:colcon.colcon_core.shell:Creating prefix util module '/home/hvalborg2/Desktop/P6_Robot_Driver/ROS2_Packages/install/_local_setup_util_ps1.py'
[15.011s] INFO:colcon.colcon_core.shell:Creating prefix chain script '/home/hvalborg2/Desktop/P6_Robot_Driver/ROS2_Packages/install/setup.ps1'
[15.026s] INFO:colcon.colcon_core.shell:Creating prefix script '/home/hvalborg2/Desktop/P6_Robot_Driver/ROS2_Packages/install/local_setup.sh'
[15.030s] INFO:colcon.colcon_core.shell:Creating prefix util module '/home/hvalborg2/Desktop/P6_Robot_Driver/ROS2_Packages/install/_local_setup_util_sh.py'
[15.033s] INFO:colcon.colcon_core.shell:Creating prefix chain script '/home/hvalborg2/Desktop/P6_Robot_Driver/ROS2_Packages/install/setup.sh'
[15.050s] INFO:colcon.colcon_core.shell:Creating prefix script '/home/hvalborg2/Desktop/P6_Robot_Driver/ROS2_Packages/install/local_setup.bash'
[15.054s] INFO:colcon.colcon_core.shell:Creating prefix chain script '/home/hvalborg2/Desktop/P6_Robot_Driver/ROS2_Packages/install/setup.bash'
[15.071s] INFO:colcon.colcon_core.shell:Creating prefix script '/home/hvalborg2/Desktop/P6_Robot_Driver/ROS2_Packages/install/local_setup.zsh'
[15.075s] INFO:colcon.colcon_core.shell:Creating prefix chain script '/home/hvalborg2/Desktop/P6_Robot_Driver/ROS2_Packages/install/setup.zsh'
