[3.361s] Invoking command in '/home/hvalborg2/Desktop/P6_Robot_Driver/ROS2_Packages/src/py_Driver': PYTHONPATH=/home/hvalborg2/Desktop/P6_Robot_Driver/ROS2_Packages/build/py_Driver/prefix_override:/home/hvalborg2/Desktop/P6_Robot_Driver/ROS2_Packages/install/py_Driver/lib/python3.10/site-packages:${PYTHONPATH} /usr/bin/python3 -W ignore:setup.py install is deprecated setup.py egg_info --egg-base ../../build/py_Driver build --build-base /home/hvalborg2/Desktop/P6_Robot_Driver/ROS2_Packages/build/py_Driver/build install --record /home/hvalborg2/Desktop/P6_Robot_Driver/ROS2_Packages/build/py_Driver/install.log --single-version-externally-managed install_data
[4.718s] running egg_info
[4.721s] writing ../../build/py_Driver/py_Driver.egg-info/PKG-INFO
[4.722s] writing dependency_links to ../../build/py_Driver/py_Driver.egg-info/dependency_links.txt
[4.723s] writing entry points to ../../build/py_Driver/py_Driver.egg-info/entry_points.txt
[4.724s] writing requirements to ../../build/py_Driver/py_Driver.egg-info/requires.txt
[4.724s] writing top-level names to ../../build/py_Driver/py_Driver.egg-info/top_level.txt
[4.734s] reading manifest file '../../build/py_Driver/py_Driver.egg-info/SOURCES.txt'
[4.738s] writing manifest file '../../build/py_Driver/py_Driver.egg-info/SOURCES.txt'
[4.739s] running build
[4.739s] running build_py
[4.741s] running install
[4.742s] running install_lib
[4.749s] running install_data
[4.749s] running install_egg_info
[4.757s] removing '/home/hvalborg2/Desktop/P6_Robot_Driver/ROS2_Packages/install/py_Driver/lib/python3.10/site-packages/py_Driver-0.0.0-py3.10.egg-info' (and everything under it)
[4.759s] Copying ../../build/py_Driver/py_Driver.egg-info to /home/hvalborg2/Desktop/P6_Robot_Driver/ROS2_Packages/install/py_Driver/lib/python3.10/site-packages/py_Driver-0.0.0-py3.10.egg-info
[4.767s] running install_scripts
[4.864s] Installing wheely script to /home/hvalborg2/Desktop/P6_Robot_Driver/ROS2_Packages/install/py_Driver/lib/py_Driver
[4.866s] writing list of installed files to '/home/hvalborg2/Desktop/P6_Robot_Driver/ROS2_Packages/build/py_Driver/install.log'
[4.994s] Invoked command in '/home/hvalborg2/Desktop/P6_Robot_Driver/ROS2_Packages/src/py_Driver' returned '0': PYTHONPATH=/home/hvalborg2/Desktop/P6_Robot_Driver/ROS2_Packages/build/py_Driver/prefix_override:/home/hvalborg2/Desktop/P6_Robot_Driver/ROS2_Packages/install/py_Driver/lib/python3.10/site-packages:${PYTHONPATH} /usr/bin/python3 -W ignore:setup.py install is deprecated setup.py egg_info --egg-base ../../build/py_Driver build --build-base /home/hvalborg2/Desktop/P6_Robot_Driver/ROS2_Packages/build/py_Driver/build install --record /home/hvalborg2/Desktop/P6_Robot_Driver/ROS2_Packages/build/py_Driver/install.log --single-version-externally-managed install_data
